TN:
SF:src\App.tsx
FN:10,(anonymous_1)
FN:15,(anonymous_2)
FNF:2
FNH:2
FNDA:6,(anonymous_1)
FNDA:5,(anonymous_2)
DA:1,1
DA:2,1
DA:3,1
DA:4,1
DA:5,1
DA:6,1
DA:7,1
DA:8,1
DA:10,1
DA:12,6
DA:15,5
DA:16,5
DA:17,5
DA:22,5
DA:23,5
DA:25,5
DA:41,1
LF:17
LH:17
BRDA:16,0,0,5
BRDA:16,0,1,0
BRDA:23,1,0,5
BRDA:23,1,1,3
BRDA:33,2,0,5
BRDA:33,2,1,5
BRF:6
BRH:5
end_of_record
TN:
SF:src\LanguageContext.tsx
FN:55,LanguageProvider
FN:67,(anonymous_11)
FN:83,(anonymous_12)
FN:93,(anonymous_13)
FN:108,(anonymous_14)
FN:112,(anonymous_15)
FN:126,(anonymous_16)
FN:131,(anonymous_17)
FN:136,(anonymous_18)
FN:141,(anonymous_19)
FN:145,(anonymous_20)
FN:154,(anonymous_21)
FN:159,(anonymous_22)
FN:198,useLanguage
FN:208,(anonymous_24)
FN:209,(anonymous_25)
FN:210,(anonymous_26)
FN:211,(anonymous_27)
FN:212,(anonymous_28)
FN:213,(anonymous_29)
FN:214,(anonymous_30)
FN:215,(anonymous_31)
FN:216,(anonymous_32)
FN:217,(anonymous_33)
FN:218,(anonymous_34)
FN:219,(anonymous_35)
FNF:26
FNH:9
FNDA:104,LanguageProvider
FNDA:48,(anonymous_11)
FNDA:0,(anonymous_12)
FNDA:395,(anonymous_13)
FNDA:19,(anonymous_14)
FNDA:16,(anonymous_15)
FNDA:0,(anonymous_16)
FNDA:0,(anonymous_17)
FNDA:0,(anonymous_18)
FNDA:0,(anonymous_19)
FNDA:0,(anonymous_20)
FNDA:0,(anonymous_21)
FNDA:0,(anonymous_22)
FNDA:419,useLanguage
FNDA:0,(anonymous_24)
FNDA:0,(anonymous_25)
FNDA:94,(anonymous_26)
FNDA:12,(anonymous_27)
FNDA:8,(anonymous_28)
FNDA:0,(anonymous_29)
FNDA:0,(anonymous_30)
FNDA:0,(anonymous_31)
FNDA:0,(anonymous_32)
FNDA:0,(anonymous_33)
FNDA:0,(anonymous_34)
FNDA:0,(anonymous_35)
DA:1,27
DA:2,27
DA:3,27
DA:53,27
DA:55,27
DA:61,104
DA:64,104
DA:67,104
DA:68,48
DA:69,48
DA:71,48
DA:73,0
DA:78,104
DA:79,104
DA:80,104
DA:83,104
DA:84,0
DA:85,0
DA:86,0
DA:89,0
DA:93,104
DA:94,395
DA:95,395
DA:96,395
DA:97,395
DA:98,705
DA:99,705
DA:101,395
DA:103,0
DA:104,0
DA:108,104
DA:109,19
DA:112,104
DA:113,16
DA:114,16
DA:116,16
DA:117,0
DA:119,16
DA:122,0
DA:126,104
DA:127,0
DA:131,104
DA:132,0
DA:136,104
DA:137,0
DA:141,104
DA:142,0
DA:145,104
DA:146,0
DA:154,104
DA:155,0
DA:159,104
DA:160,0
DA:164,104
DA:191,104
DA:198,27
DA:199,419
DA:201,417
DA:202,114
DA:204,114
DA:210,94
DA:211,12
DA:212,8
DA:213,0
DA:214,0
DA:215,0
DA:216,0
DA:217,0
DA:218,0
DA:219,0
DA:223,303
LF:71
LH:48
BRDA:68,0,0,48
BRDA:68,0,1,0
BRDA:68,1,0,48
BRDA:68,1,1,48
BRDA:84,2,0,0
BRDA:84,2,1,0
BRDA:84,3,0,0
BRDA:84,3,1,0
BRDA:93,4,0,219
BRDA:99,5,0,239
BRDA:99,5,1,466
BRDA:101,6,0,395
BRDA:101,6,1,239
BRDA:108,7,0,19
BRDA:112,8,0,0
BRDA:112,9,0,16
BRDA:113,10,0,16
BRDA:113,10,1,0
BRDA:116,11,0,0
BRDA:116,11,1,16
BRDA:116,12,0,16
BRDA:116,12,1,0
BRDA:126,13,0,0
BRDA:127,14,0,0
BRDA:127,14,1,0
BRDA:131,15,0,0
BRDA:132,16,0,0
BRDA:132,16,1,0
BRDA:136,17,0,0
BRDA:136,18,0,0
BRDA:137,19,0,0
BRDA:137,19,1,0
BRDA:142,20,0,0
BRDA:142,20,1,0
BRDA:201,21,0,114
BRDA:201,21,1,303
BRF:36
BRH:15
end_of_record
TN:
SF:src\main.tsx
FN:10,(anonymous_1)
FN:15,(anonymous_2)
FN:78,(anonymous_3)
FN:79,(anonymous_4)
FN:84,(anonymous_5)
FN:88,(anonymous_6)
FNF:6
FNH:0
FNDA:0,(anonymous_1)
FNDA:0,(anonymous_2)
FNDA:0,(anonymous_3)
FNDA:0,(anonymous_4)
FNDA:0,(anonymous_5)
FNDA:0,(anonymous_6)
DA:1,0
DA:2,0
DA:3,0
DA:4,0
DA:5,0
DA:6,0
DA:7,0
DA:10,0
DA:11,0
DA:15,0
DA:16,0
DA:18,0
DA:19,0
DA:22,0
DA:23,0
DA:26,0
DA:27,0
DA:28,0
DA:31,0
DA:78,0
DA:79,0
DA:80,0
DA:83,0
DA:84,0
DA:85,0
DA:88,0
DA:91,0
DA:97,0
LF:28
LH:0
BRDA:11,0,0,0
BRDA:11,0,1,0
BRDA:16,1,0,0
BRDA:16,1,1,0
BRDA:27,2,0,0
BRDA:27,2,1,0
BRDA:83,3,0,0
BRDA:83,3,1,0
BRF:8
BRH:0
end_of_record
TN:
SF:src\components\AppContent.tsx
FN:9,AppContent
FN:16,(anonymous_11)
FN:18,(anonymous_12)
FN:30,(anonymous_13)
FN:35,(anonymous_14)
FN:38,(anonymous_15)
FN:42,(anonymous_16)
FN:46,(anonymous_17)
FNF:8
FNH:6
FNDA:12,AppContent
FNDA:6,(anonymous_11)
FNDA:0,(anonymous_12)
FNDA:6,(anonymous_13)
FNDA:8,(anonymous_14)
FNDA:2,(anonymous_15)
FNDA:0,(anonymous_16)
FNDA:8,(anonymous_17)
DA:1,2
DA:2,2
DA:3,2
DA:4,2
DA:5,2
DA:6,2
DA:7,2
DA:9,2
DA:10,12
DA:11,10
DA:12,10
DA:13,10
DA:16,10
DA:17,6
DA:18,6
DA:19,0
DA:21,0
DA:22,0
DA:23,0
DA:29,6
DA:30,6
DA:35,10
DA:36,8
DA:37,8
DA:38,2
DA:39,2
DA:40,2
DA:43,0
DA:46,8
DA:49,10
LF:30
LH:25
BRDA:17,0,0,6
BRDA:17,0,1,0
BRDA:21,1,0,0
BRDA:21,1,1,0
BRDA:37,2,0,2
BRDA:37,2,1,6
BRDA:37,3,0,8
BRDA:37,3,1,2
BRDA:39,4,0,2
BRDA:39,4,1,0
BRF:10
BRH:6
end_of_record
TN:
SF:src\components\CoffeeIcon.tsx
FN:7,(anonymous_1)
FNF:1
FNH:1
FNDA:1,(anonymous_1)
DA:1,1
DA:7,1
DA:8,1
DA:22,1
LF:4
LH:4
BRDA:7,0,0,1
BRF:1
BRH:1
end_of_record
TN:
SF:src\components\CoffeePage.tsx
FN:15,(anonymous_1)
FN:18,(anonymous_2)
FNF:2
FNH:2
FNDA:3,(anonymous_1)
FNDA:1,(anonymous_2)
DA:1,3
DA:2,3
DA:3,3
DA:4,3
DA:15,3
DA:16,3
DA:18,3
DA:19,1
DA:20,1
DA:24,3
DA:112,3
LF:11
LH:11
BRDA:19,0,0,1
BRDA:19,0,1,0
BRDA:30,1,0,3
BRDA:30,1,1,0
BRF:4
BRH:2
end_of_record
TN:
SF:src\components\DesktopRecommendationsList.tsx
FN:55,(anonymous_10)
FN:104,(anonymous_11)
FN:110,(anonymous_12)
FN:118,(anonymous_13)
FN:125,(anonymous_14)
FN:136,(anonymous_15)
FN:143,(anonymous_16)
FN:152,(anonymous_17)
FN:160,(anonymous_18)
FN:180,(anonymous_19)
FN:216,(anonymous_20)
FN:227,(anonymous_21)
FN:273,(anonymous_22)
FN:283,(anonymous_23)
FNF:14
FNH:4
FNDA:21,(anonymous_10)
FNDA:0,(anonymous_11)
FNDA:0,(anonymous_12)
FNDA:0,(anonymous_13)
FNDA:24,(anonymous_14)
FNDA:0,(anonymous_15)
FNDA:0,(anonymous_16)
FNDA:24,(anonymous_17)
FNDA:0,(anonymous_18)
FNDA:21,(anonymous_19)
FNDA:0,(anonymous_20)
FNDA:0,(anonymous_21)
FNDA:0,(anonymous_22)
FNDA:0,(anonymous_23)
DA:1,4
DA:2,4
DA:3,4
DA:4,4
DA:5,4
DA:6,4
DA:7,4
DA:8,4
DA:9,4
DA:11,4
DA:12,4
DA:13,4
DA:14,4
DA:55,4
DA:88,21
DA:89,21
DA:90,21
DA:91,21
DA:92,21
DA:93,21
DA:94,21
DA:96,21
DA:97,21
DA:98,21
DA:99,21
DA:100,21
DA:103,21
DA:110,21
DA:111,0
DA:112,0
DA:113,0
DA:115,0
DA:118,21
DA:119,0
DA:120,0
DA:125,24
DA:136,21
DA:137,0
DA:138,0
DA:139,0
DA:140,0
DA:143,21
DA:144,0
DA:145,0
DA:147,0
DA:152,21
DA:153,24
DA:154,24
DA:155,24
DA:156,24
DA:160,0
DA:167,0
DA:180,21
DA:181,21
DA:182,12
DA:183,0
DA:184,0
DA:186,0
DA:188,12
DA:192,21
DA:198,21
DA:209,21
DA:273,0
DA:283,0
DA:295,4
DA:301,4
DA:308,4
DA:313,4
DA:320,4
LF:69
LH:49
BRDA:62,0,0,21
BRDA:63,1,0,21
BRDA:64,2,0,21
BRDA:79,3,0,21
BRDA:80,4,0,21
BRDA:81,5,0,0
BRDA:82,6,0,0
BRDA:96,7,0,21
BRDA:96,7,1,0
BRDA:104,8,0,21
BRDA:104,8,1,21
BRDA:111,9,0,0
BRDA:111,9,1,0
BRDA:112,10,0,0
BRDA:112,10,1,0
BRDA:112,11,0,0
BRDA:112,11,1,0
BRDA:113,12,0,0
BRDA:113,12,1,0
BRDA:113,12,2,0
BRDA:113,12,3,0
BRDA:113,12,4,0
BRDA:118,13,0,0
BRDA:119,14,0,0
BRDA:119,14,1,0
BRDA:120,15,0,0
BRDA:120,15,1,0
BRDA:127,16,0,24
BRDA:127,16,1,24
BRDA:128,17,0,0
BRDA:128,17,1,24
BRDA:128,18,0,24
BRDA:128,18,1,0
BRDA:128,19,0,24
BRDA:128,19,1,0
BRDA:129,20,0,0
BRDA:129,20,1,24
BRDA:130,21,0,0
BRDA:130,21,1,24
BRDA:130,22,0,24
BRDA:130,22,1,0
BRDA:133,23,0,24
BRDA:133,23,1,0
BRDA:138,24,0,0
BRDA:138,24,1,0
BRDA:139,25,0,0
BRDA:139,25,1,0
BRDA:144,26,0,0
BRDA:144,26,1,0
BRDA:153,27,0,0
BRDA:153,27,1,24
BRDA:162,28,0,24
BRDA:162,28,1,0
BRDA:169,29,0,0
BRDA:169,29,1,0
BRDA:169,29,2,0
BRDA:181,30,0,9
BRDA:181,30,1,12
BRDA:182,31,0,0
BRDA:182,31,1,12
BRDA:182,32,0,12
BRDA:182,32,1,12
BRDA:183,33,0,0
BRDA:183,33,1,0
BRDA:184,34,0,0
BRDA:184,34,1,0
BRDA:212,35,0,21
BRDA:212,35,1,0
BRDA:212,35,2,0
BRDA:215,36,0,0
BRDA:215,36,1,0
BRDA:216,37,0,0
BRDA:216,37,1,0
BRDA:222,38,0,21
BRDA:222,38,1,0
BRDA:222,38,2,0
BRDA:224,39,0,0
BRDA:224,39,1,0
BRDA:226,40,0,0
BRDA:226,40,1,0
BRDA:227,41,0,0
BRDA:227,41,1,0
BRDA:237,42,0,21
BRDA:237,42,1,0
BRDA:247,43,0,0
BRDA:247,43,1,0
BRDA:253,44,0,0
BRDA:253,44,1,0
BRDA:260,45,0,0
BRDA:260,45,1,0
BRDA:263,46,0,0
BRDA:263,46,1,0
BRDA:269,47,0,21
BRDA:269,47,1,0
BRDA:279,48,0,0
BRDA:279,48,1,0
BRDA:279,49,0,0
BRDA:279,49,1,0
BRDA:284,50,0,0
BRDA:284,50,1,0
BRDA:284,51,0,0
BRDA:284,51,1,0
BRF:102
BRH:28
end_of_record
TN:
SF:src\components\ErrorDisplay.tsx
FN:32,(anonymous_1)
FNF:1
FNH:1
FNDA:6,(anonymous_1)
DA:1,2
DA:2,2
DA:32,2
DA:41,6
DA:42,6
DA:43,6
DA:44,6
DA:46,6
DA:48,1
DA:55,1
DA:62,1
DA:102,2
LF:12
LH:12
BRDA:34,0,0,6
BRDA:35,1,0,6
BRDA:38,2,0,6
BRDA:39,3,0,6
BRDA:42,4,0,1
BRDA:42,4,1,5
BRDA:43,5,0,6
BRDA:43,5,1,5
BRDA:44,6,0,6
BRDA:44,6,1,6
BRDA:46,7,0,5
BRDA:46,7,1,1
BRDA:46,8,0,6
BRDA:46,8,1,1
BRDA:67,9,0,1
BRDA:67,9,1,0
BRF:16
BRH:15
end_of_record
TN:
SF:src\components\HomeLayout.tsx
FN:12,HomeLayout
FN:27,(anonymous_11)
FN:33,(anonymous_12)
FN:37,(anonymous_13)
FN:38,(anonymous_14)
FN:42,(anonymous_15)
FN:62,(anonymous_16)
FN:68,(anonymous_17)
FN:71,(anonymous_18)
FNF:9
FNH:3
FNDA:19,HomeLayout
FNDA:0,(anonymous_11)
FNDA:13,(anonymous_12)
FNDA:0,(anonymous_13)
FNDA:11,(anonymous_14)
FNDA:0,(anonymous_15)
FNDA:0,(anonymous_16)
FNDA:0,(anonymous_17)
FNDA:0,(anonymous_18)
DA:1,3
DA:2,3
DA:3,3
DA:4,3
DA:5,3
DA:6,3
DA:7,3
DA:8,3
DA:9,3
DA:10,3
DA:12,3
DA:13,19
DA:14,17
DA:17,17
DA:18,17
DA:19,17
DA:20,17
DA:23,17
DA:24,17
DA:27,17
DA:28,0
DA:32,17
DA:33,17
DA:34,13
DA:35,11
DA:36,11
DA:37,11
DA:38,11
DA:42,17
DA:43,0
DA:44,0
DA:45,0
DA:50,17
DA:51,17
DA:59,17
DA:60,17
DA:61,17
DA:62,17
DA:63,0
DA:64,0
DA:65,0
DA:66,0
DA:67,0
DA:68,0
DA:69,0
DA:71,17
DA:72,0
DA:73,0
DA:74,0
DA:75,0
DA:80,17
LF:51
LH:36
BRDA:34,0,0,11
BRDA:34,0,1,2
BRDA:34,1,0,13
BRDA:34,1,1,13
BRDA:36,2,0,11
BRDA:36,2,1,0
BRDA:36,3,0,11
BRDA:36,3,1,11
BRDA:44,4,0,0
BRDA:44,4,1,0
BRDA:44,5,0,0
BRDA:44,5,1,0
BRDA:63,6,0,0
BRDA:63,6,1,0
BRDA:73,7,0,0
BRDA:73,7,1,0
BRDA:101,8,0,0
BRDA:101,8,1,17
BRDA:101,9,0,17
BRDA:101,9,1,0
BRDA:101,9,2,0
BRDA:103,10,0,0
BRDA:103,10,1,17
BRDA:105,11,0,0
BRDA:105,11,1,17
BRF:25
BRH:11
end_of_record
TN:
SF:src\components\HomePage.tsx
FN:72,useIsMobile
FN:73,(anonymous_11)
FN:76,(anonymous_12)
FN:77,(anonymous_13)
FN:79,(anonymous_14)
FN:89,(anonymous_15)
FN:111,(anonymous_16)
FN:146,(anonymous_17)
FN:193,(anonymous_18)
FN:199,(anonymous_19)
FN:203,(anonymous_20)
FN:212,(anonymous_21)
FN:222,(anonymous_22)
FN:232,(anonymous_23)
FN:237,(anonymous_24)
FN:284,(anonymous_25)
FN:291,(anonymous_26)
FN:292,(anonymous_27)
FN:293,(anonymous_28)
FN:296,(anonymous_29)
FN:299,(anonymous_30)
FN:323,(anonymous_31)
FN:324,(anonymous_32)
FN:327,(anonymous_33)
FN:335,(anonymous_34)
FN:348,(anonymous_35)
FN:357,(anonymous_36)
FN:360,(anonymous_37)
FN:371,(anonymous_38)
FN:396,(anonymous_39)
FN:397,(anonymous_40)
FN:407,(anonymous_41)
FN:414,(anonymous_42)
FN:417,(anonymous_43)
FN:417,(anonymous_44)
FN:419,(anonymous_45)
FN:423,(anonymous_46)
FN:429,(anonymous_47)
FN:443,(anonymous_48)
FN:469,(anonymous_49)
FN:477,(anonymous_50)
FN:484,(anonymous_51)
FN:490,(anonymous_52)
FN:492,(anonymous_53)
FN:498,(anonymous_54)
FN:504,(anonymous_55)
FN:535,(anonymous_56)
FN:543,(anonymous_57)
FN:558,(anonymous_58)
FN:566,(anonymous_59)
FN:573,(anonymous_60)
FN:582,(anonymous_61)
FN:587,(anonymous_62)
FN:599,(anonymous_63)
FN:604,(anonymous_64)
FN:610,(anonymous_65)
FN:631,(anonymous_66)
FN:644,(anonymous_67)
FN:665,(anonymous_68)
FN:677,(anonymous_69)
FN:684,(anonymous_70)
FN:695,(anonymous_71)
FN:700,(anonymous_72)
FN:717,(anonymous_73)
FN:777,(anonymous_74)
FN:987,categoryColor
FNF:66
FNH:34
FNDA:22,useIsMobile
FNDA:23,(anonymous_11)
FNDA:11,(anonymous_12)
FNDA:1,(anonymous_13)
FNDA:1,(anonymous_14)
FNDA:11,(anonymous_15)
FNDA:21,(anonymous_16)
FNDA:22,(anonymous_17)
FNDA:3,(anonymous_18)
FNDA:18,(anonymous_19)
FNDA:0,(anonymous_20)
FNDA:11,(anonymous_21)
FNDA:11,(anonymous_22)
FNDA:11,(anonymous_23)
FNDA:0,(anonymous_24)
FNDA:11,(anonymous_25)
FNDA:89,(anonymous_26)
FNDA:89,(anonymous_27)
FNDA:89,(anonymous_28)
FNDA:89,(anonymous_29)
FNDA:0,(anonymous_30)
FNDA:89,(anonymous_31)
FNDA:89,(anonymous_32)
FNDA:14,(anonymous_33)
FNDA:0,(anonymous_34)
FNDA:26,(anonymous_35)
FNDA:15,(anonymous_36)
FNDA:0,(anonymous_37)
FNDA:0,(anonymous_38)
FNDA:15,(anonymous_39)
FNDA:0,(anonymous_40)
FNDA:14,(anonymous_41)
FNDA:3,(anonymous_42)
FNDA:24,(anonymous_43)
FNDA:36,(anonymous_44)
FNDA:0,(anonymous_45)
FNDA:14,(anonymous_46)
FNDA:14,(anonymous_47)
FNDA:0,(anonymous_48)
FNDA:0,(anonymous_49)
FNDA:0,(anonymous_50)
FNDA:0,(anonymous_51)
FNDA:0,(anonymous_52)
FNDA:0,(anonymous_53)
FNDA:0,(anonymous_54)
FNDA:0,(anonymous_55)
FNDA:0,(anonymous_56)
FNDA:0,(anonymous_57)
FNDA:0,(anonymous_58)
FNDA:0,(anonymous_59)
FNDA:0,(anonymous_60)
FNDA:0,(anonymous_61)
FNDA:0,(anonymous_62)
FNDA:0,(anonymous_63)
FNDA:0,(anonymous_64)
FNDA:0,(anonymous_65)
FNDA:0,(anonymous_66)
FNDA:0,(anonymous_67)
FNDA:11,(anonymous_68)
FNDA:14,(anonymous_69)
FNDA:0,(anonymous_70)
FNDA:0,(anonymous_71)
FNDA:0,(anonymous_72)
FNDA:0,(anonymous_73)
FNDA:22,(anonymous_74)
FNDA:26,categoryColor
DA:1,4
DA:2,4
DA:3,4
DA:4,4
DA:5,4
DA:6,4
DA:7,4
DA:8,4
DA:9,4
DA:11,4
DA:12,4
DA:13,4
DA:14,4
DA:15,4
DA:16,4
DA:17,4
DA:19,4
DA:20,4
DA:21,4
DA:22,4
DA:23,4
DA:24,4
DA:26,4
DA:27,4
DA:28,4
DA:30,4
DA:31,4
DA:73,23
DA:74,22
DA:76,22
DA:77,11
DA:78,1
DA:79,1
DA:80,1
DA:81,0
DA:83,1
DA:86,11
DA:87,11
DA:88,11
DA:89,11
DA:90,11
DA:91,11
DA:92,11
DA:95,22
DA:99,4
DA:111,21
DA:146,4
DA:163,22
DA:165,22
DA:167,22
DA:168,22
DA:172,22
DA:174,22
DA:176,22
DA:178,22
DA:181,22
DA:182,22
DA:190,22
DA:191,22
DA:193,22
DA:194,3
DA:195,3
DA:196,3
DA:197,3
DA:198,3
DA:199,18
DA:200,3
DA:203,22
DA:204,0
DA:205,0
DA:206,0
DA:207,0
DA:212,22
DA:213,11
DA:214,8
DA:215,3
DA:216,3
DA:222,22
DA:223,11
DA:224,8
DA:225,8
DA:226,0
DA:232,22
DA:233,11
DA:234,8
DA:235,8
DA:236,8
DA:237,0
DA:238,0
DA:239,0
DA:241,0
DA:281,22
DA:284,22
DA:285,11
DA:286,11
DA:291,89
DA:292,89
DA:293,89
DA:296,89
DA:299,22
DA:300,0
DA:301,0
DA:302,0
DA:304,0
DA:305,0
DA:323,89
DA:324,89
DA:327,22
DA:329,14
DA:330,14
DA:331,0
DA:332,0
DA:334,0
DA:335,0
DA:336,0
DA:338,0
DA:339,0
DA:347,22
DA:348,26
DA:357,22
DA:358,15
DA:359,15
DA:360,0
DA:361,0
DA:362,0
DA:370,15
DA:371,15
DA:372,0
DA:373,0
DA:375,0
DA:377,0
DA:385,0
DA:392,0
DA:396,22
DA:397,15
DA:404,22
DA:407,22
DA:408,14
DA:409,14
DA:411,3
DA:412,3
DA:413,3
DA:414,3
DA:415,3
DA:416,3
DA:417,36
DA:420,0
DA:423,14
DA:424,14
DA:429,22
DA:430,14
DA:431,3
DA:434,11
DA:435,11
DA:436,11
DA:438,0
DA:441,11
DA:442,0
DA:443,0
DA:445,0
DA:464,0
DA:468,0
DA:469,0
DA:470,0
DA:476,0
DA:477,0
DA:478,0
DA:483,0
DA:484,0
DA:488,0
DA:489,0
DA:490,0
DA:492,0
DA:497,0
DA:498,0
DA:502,0
DA:503,0
DA:504,0
DA:505,0
DA:515,11
DA:523,22
DA:524,22
DA:525,22
DA:528,22
DA:529,22
DA:530,22
DA:531,22
DA:532,22
DA:535,22
DA:536,0
DA:537,0
DA:539,0
DA:543,0
DA:545,0
DA:546,0
DA:547,0
DA:549,0
DA:550,0
DA:554,0
DA:558,22
DA:559,0
DA:560,0
DA:561,0
DA:562,0
DA:566,22
DA:567,0
DA:568,0
DA:569,0
DA:573,22
DA:574,0
DA:575,0
DA:576,0
DA:577,0
DA:581,22
DA:582,22
DA:583,0
DA:587,22
DA:588,0
DA:590,0
DA:592,0
DA:593,0
DA:594,0
DA:599,22
DA:600,0
DA:601,0
DA:604,22
DA:605,0
DA:606,0
DA:610,22
DA:611,0
DA:612,0
DA:616,0
DA:617,0
DA:620,0
DA:631,22
DA:633,0
DA:636,0
DA:644,0
DA:665,22
DA:666,11
DA:668,11
DA:670,0
DA:671,0
DA:673,0
DA:677,22
DA:678,14
DA:679,11
DA:680,0
DA:681,0
DA:682,0
DA:683,0
DA:684,0
DA:685,0
DA:686,0
DA:687,0
DA:689,0
DA:690,0
DA:692,0
DA:694,0
DA:695,0
DA:696,0
DA:697,0
DA:700,0
DA:701,0
DA:702,0
DA:711,22
DA:712,22
DA:713,22
DA:714,22
DA:715,22
DA:716,22
DA:717,22
DA:718,22
DA:723,22
DA:728,22
DA:778,22
DA:779,22
DA:989,26
DA:999,26
DA:1011,4
LF:280
LH:165
BRDA:73,0,0,23
BRDA:73,0,1,0
BRDA:80,1,0,0
BRDA:80,1,1,1
BRDA:114,2,0,0
BRDA:114,2,1,21
BRDA:116,3,0,0
BRDA:116,3,1,21
BRDA:120,4,0,0
BRDA:120,4,1,21
BRDA:122,5,0,0
BRDA:122,5,1,21
BRDA:123,6,0,0
BRDA:123,6,1,21
BRDA:124,7,0,0
BRDA:124,7,1,21
BRDA:125,8,0,0
BRDA:125,8,1,21
BRDA:126,9,0,0
BRDA:126,9,1,21
BRDA:135,10,0,0
BRDA:135,10,1,21
BRDA:136,11,0,0
BRDA:136,11,1,21
BRDA:147,12,0,22
BRDA:148,13,0,22
BRDA:149,14,0,22
BRDA:150,15,0,22
BRDA:194,16,0,3
BRDA:194,16,1,0
BRDA:205,17,0,0
BRDA:205,17,1,0
BRDA:213,18,0,8
BRDA:213,18,1,3
BRDA:213,19,0,11
BRDA:213,19,1,11
BRDA:214,20,0,3
BRDA:214,20,1,5
BRDA:223,21,0,8
BRDA:223,21,1,3
BRDA:223,22,0,11
BRDA:223,22,1,11
BRDA:225,23,0,0
BRDA:225,23,1,8
BRDA:225,24,0,8
BRDA:225,24,1,0
BRDA:233,25,0,8
BRDA:233,25,1,3
BRDA:233,26,0,11
BRDA:233,26,1,11
BRDA:234,27,0,8
BRDA:234,27,1,0
BRDA:236,28,0,0
BRDA:236,28,1,8
BRDA:238,29,0,0
BRDA:238,29,1,0
BRDA:285,30,0,11
BRDA:285,30,1,0
BRDA:300,31,0,0
BRDA:300,31,1,0
BRDA:300,32,0,0
BRDA:300,32,1,0
BRDA:300,32,2,0
BRDA:304,33,0,0
BRDA:304,33,1,0
BRDA:330,34,0,0
BRDA:330,34,1,14
BRDA:334,35,0,0
BRDA:334,35,1,0
BRDA:334,36,0,0
BRDA:334,36,1,0
BRDA:336,37,0,0
BRDA:336,37,1,0
BRDA:338,38,0,0
BRDA:338,38,1,0
BRDA:338,39,0,0
BRDA:338,39,1,0
BRDA:338,39,2,0
BRDA:350,40,0,26
BRDA:350,40,1,16
BRDA:351,41,0,26
BRDA:351,41,1,26
BRDA:358,42,0,15
BRDA:358,42,1,15
BRDA:359,43,0,0
BRDA:359,43,1,15
BRDA:359,44,0,15
BRDA:359,44,1,0
BRDA:370,45,0,15
BRDA:370,45,1,0
BRDA:372,46,0,0
BRDA:372,46,1,0
BRDA:373,47,0,0
BRDA:373,47,1,0
BRDA:375,48,0,0
BRDA:375,48,1,0
BRDA:375,49,0,0
BRDA:375,49,1,0
BRDA:388,50,0,0
BRDA:388,50,1,0
BRDA:399,51,0,0
BRDA:399,51,1,0
BRDA:409,52,0,3
BRDA:409,52,1,11
BRDA:409,53,0,14
BRDA:409,53,1,3
BRDA:415,54,0,3
BRDA:415,54,1,0
BRDA:417,55,0,0
BRDA:417,55,1,3
BRDA:417,56,0,3
BRDA:417,56,1,0
BRDA:417,57,0,3
BRDA:417,57,1,0
BRDA:430,58,0,3
BRDA:430,58,1,11
BRDA:430,59,0,14
BRDA:430,59,1,14
BRDA:435,60,0,11
BRDA:435,60,1,0
BRDA:435,61,0,11
BRDA:435,61,1,0
BRDA:438,62,0,0
BRDA:438,62,1,0
BRDA:438,63,0,0
BRDA:438,63,1,0
BRDA:441,64,0,0
BRDA:441,64,1,11
BRDA:441,65,0,11
BRDA:441,65,1,0
BRDA:442,66,0,0
BRDA:442,66,1,0
BRDA:442,67,0,0
BRDA:442,67,1,0
BRDA:445,68,0,0
BRDA:445,68,1,0
BRDA:445,68,2,0
BRDA:445,68,3,0
BRDA:445,68,4,0
BRDA:445,68,5,0
BRDA:445,68,6,0
BRDA:445,68,7,0
BRDA:445,68,8,0
BRDA:445,68,9,0
BRDA:445,68,10,0
BRDA:445,68,11,0
BRDA:445,68,12,0
BRDA:445,68,13,0
BRDA:445,68,14,0
BRDA:445,68,15,0
BRDA:445,68,16,0
BRDA:445,68,17,0
BRDA:445,68,18,0
BRDA:468,69,0,0
BRDA:468,69,1,0
BRDA:470,70,0,0
BRDA:470,70,1,0
BRDA:476,71,0,0
BRDA:476,71,1,0
BRDA:476,72,0,0
BRDA:476,72,1,0
BRDA:478,73,0,0
BRDA:478,73,1,0
BRDA:483,74,0,0
BRDA:483,74,1,0
BRDA:483,75,0,0
BRDA:483,75,1,0
BRDA:483,75,2,0
BRDA:488,76,0,0
BRDA:488,76,1,0
BRDA:488,77,0,0
BRDA:488,77,1,0
BRDA:489,78,0,0
BRDA:489,78,1,0
BRDA:490,79,0,0
BRDA:490,79,1,0
BRDA:492,80,0,0
BRDA:492,80,1,0
BRDA:497,81,0,0
BRDA:497,81,1,0
BRDA:497,82,0,0
BRDA:497,82,1,0
BRDA:497,82,2,0
BRDA:498,83,0,0
BRDA:498,83,1,0
BRDA:502,84,0,0
BRDA:502,84,1,0
BRDA:502,85,0,0
BRDA:502,85,1,0
BRDA:506,86,0,0
BRDA:506,86,1,0
BRDA:506,86,2,0
BRDA:506,86,3,0
BRDA:506,86,4,0
BRDA:506,86,5,0
BRDA:506,86,6,0
BRDA:506,86,7,0
BRDA:528,87,0,0
BRDA:528,87,1,22
BRDA:529,88,0,0
BRDA:529,88,1,22
BRDA:536,89,0,0
BRDA:536,89,1,0
BRDA:545,90,0,0
BRDA:545,90,1,0
BRDA:569,91,0,0
BRDA:569,91,1,0
BRDA:574,92,0,0
BRDA:574,92,1,0
BRDA:576,93,0,0
BRDA:576,93,1,0
BRDA:576,94,0,0
BRDA:576,94,1,0
BRDA:588,95,0,0
BRDA:588,95,1,0
BRDA:588,96,0,0
BRDA:588,96,1,0
BRDA:593,97,0,0
BRDA:593,97,1,0
BRDA:594,98,0,0
BRDA:594,98,1,0
BRDA:601,99,0,0
BRDA:601,99,1,0
BRDA:606,100,0,0
BRDA:606,100,1,0
BRDA:611,101,0,0
BRDA:611,101,1,0
BRDA:616,102,0,0
BRDA:616,102,1,0
BRDA:617,103,0,0
BRDA:617,103,1,0
BRDA:618,104,0,0
BRDA:618,104,1,0
BRDA:633,105,0,0
BRDA:633,105,1,0
BRDA:639,106,0,0
BRDA:639,106,1,0
BRDA:644,107,0,0
BRDA:644,107,1,0
BRDA:646,108,0,0
BRDA:646,108,1,0
BRDA:646,109,0,0
BRDA:646,109,1,0
BRDA:647,110,0,0
BRDA:647,110,1,0
BRDA:648,111,0,0
BRDA:648,111,1,0
BRDA:648,112,0,0
BRDA:648,112,1,0
BRDA:648,113,0,0
BRDA:648,113,1,0
BRDA:652,114,0,0
BRDA:652,114,1,0
BRDA:656,115,0,0
BRDA:656,115,1,0
BRDA:659,116,0,0
BRDA:659,116,1,0
BRDA:666,117,0,11
BRDA:666,117,1,0
BRDA:666,118,0,11
BRDA:666,118,1,0
BRDA:670,119,0,0
BRDA:670,119,1,0
BRDA:678,120,0,11
BRDA:678,120,1,3
BRDA:678,121,0,14
BRDA:678,121,1,14
BRDA:679,122,0,0
BRDA:679,122,1,11
BRDA:679,123,0,11
BRDA:679,123,1,11
BRDA:681,124,0,0
BRDA:681,124,1,0
BRDA:685,125,0,0
BRDA:685,125,1,0
BRDA:686,126,0,0
BRDA:686,126,1,0
BRDA:694,127,0,0
BRDA:694,127,1,0
BRDA:696,128,0,0
BRDA:696,128,1,0
BRDA:701,129,0,0
BRDA:701,129,1,0
BRDA:711,130,0,22
BRDA:711,130,1,0
BRDA:712,131,0,22
BRDA:712,131,1,18
BRDA:713,132,0,22
BRDA:713,132,1,18
BRDA:714,133,0,22
BRDA:714,133,1,0
BRDA:715,134,0,22
BRDA:715,134,1,0
BRDA:715,134,2,0
BRDA:716,135,0,0
BRDA:716,135,1,22
BRDA:716,136,0,0
BRDA:716,136,1,0
BRDA:717,137,0,0
BRDA:717,137,1,22
BRDA:717,138,0,0
BRDA:717,138,1,0
BRDA:718,139,0,0
BRDA:718,139,1,22
BRDA:719,140,0,0
BRDA:719,140,1,0
BRDA:723,141,0,0
BRDA:723,141,1,22
BRDA:724,142,0,0
BRDA:724,142,1,0
BRDA:770,143,0,22
BRDA:770,143,1,0
BRDA:770,143,2,22
BRDA:778,144,0,22
BRDA:778,144,1,18
BRDA:783,145,0,0
BRDA:783,145,1,22
BRDA:798,146,0,0
BRDA:798,146,1,22
BRDA:798,147,0,22
BRDA:798,147,1,0
BRDA:798,147,2,0
BRDA:810,148,0,22
BRDA:810,148,1,0
BRDA:810,149,0,22
BRDA:810,149,1,0
BRDA:811,150,0,22
BRDA:811,150,1,14
BRDA:812,151,0,0
BRDA:812,151,1,0
BRDA:816,152,0,22
BRDA:816,152,1,0
BRDA:816,152,2,0
BRDA:820,153,0,0
BRDA:820,153,1,0
BRDA:823,154,0,0
BRDA:823,154,1,0
BRDA:827,155,0,0
BRDA:827,155,1,0
BRDA:827,155,2,0
BRDA:850,156,0,22
BRDA:850,156,1,22
BRDA:850,156,2,13
BRDA:897,157,0,0
BRDA:897,157,1,22
BRDA:898,158,0,0
BRDA:898,158,1,22
BRDA:899,159,0,0
BRDA:899,159,1,22
BRDA:902,160,0,0
BRDA:902,160,1,22
BRDA:903,161,0,0
BRDA:903,161,1,22
BRDA:903,162,0,22
BRDA:903,162,1,0
BRDA:903,162,2,0
BRDA:909,163,0,0
BRDA:909,163,1,22
BRDA:909,164,0,22
BRDA:909,164,1,0
BRDA:911,165,0,0
BRDA:911,165,1,0
BRDA:915,166,0,0
BRDA:915,166,1,0
BRDA:927,167,0,0
BRDA:927,167,1,0
BRDA:932,168,0,0
BRDA:932,168,1,0
BRDA:937,169,0,0
BRDA:937,169,1,0
BRDA:973,170,0,0
BRDA:973,170,1,22
BRDA:974,171,0,0
BRDA:974,171,1,22
BRDA:975,172,0,22
BRDA:975,172,1,13
BRDA:975,172,2,13
BRDA:999,173,0,26
BRDA:999,173,1,13
BRF:379
BRH:114
end_of_record
TN:
SF:src\components\HybridMenu.tsx
FN:69,DesktopMenu
FN:98,(anonymous_11)
FN:105,(anonymous_12)
FN:136,(anonymous_13)
FN:136,(anonymous_14)
FN:140,(anonymous_15)
FN:167,(anonymous_16)
FN:183,(anonymous_17)
FN:183,(anonymous_18)
FN:186,(anonymous_19)
FN:221,(anonymous_20)
FNF:11
FNH:7
FNDA:47,DesktopMenu
FNDA:0,(anonymous_11)
FNDA:0,(anonymous_12)
FNDA:161,(anonymous_13)
FNDA:89,(anonymous_14)
FNDA:3,(anonymous_15)
FNDA:0,(anonymous_16)
FNDA:161,(anonymous_17)
FNDA:36,(anonymous_18)
FNDA:0,(anonymous_19)
FNDA:45,(anonymous_20)
DA:1,5
DA:2,5
DA:3,5
DA:4,5
DA:9,5
DA:10,5
DA:11,5
DA:12,5
DA:81,47
DA:82,45
DA:83,45
DA:84,45
DA:85,45
DA:86,45
DA:87,45
DA:88,45
DA:89,45
DA:92,45
DA:93,45
DA:94,45
DA:95,45
DA:98,45
DA:99,0
DA:100,0
DA:102,0
DA:103,0
DA:104,0
DA:105,0
DA:106,0
DA:112,45
DA:114,45
DA:136,161
DA:137,89
DA:141,3
DA:142,3
DA:143,3
DA:145,0
DA:147,0
DA:148,0
DA:168,0
DA:169,0
DA:183,161
DA:184,36
DA:187,0
DA:188,0
DA:189,0
DA:191,0
DA:193,0
DA:194,0
DA:221,5
DA:235,45
DA:236,43
DA:237,43
DA:240,43
DA:242,0
DA:244,43
DA:248,5
LF:57
LH:38
BRDA:73,0,0,0
BRDA:89,1,0,0
BRDA:89,1,1,45
BRDA:92,2,0,45
BRDA:92,2,1,45
BRDA:93,3,0,45
BRDA:93,3,1,45
BRDA:94,4,0,45
BRDA:94,4,1,45
BRDA:99,5,0,0
BRDA:99,5,1,0
BRDA:102,6,0,0
BRDA:102,6,1,0
BRDA:102,7,0,0
BRDA:102,7,1,0
BRDA:106,8,0,0
BRDA:106,8,1,0
BRDA:112,9,0,1
BRDA:112,9,1,44
BRDA:136,10,0,161
BRDA:136,10,1,161
BRDA:136,10,2,125
BRDA:138,11,0,0
BRDA:138,11,1,89
BRDA:141,12,0,3
BRDA:141,12,1,0
BRDA:142,13,0,3
BRDA:142,13,1,0
BRDA:147,14,0,0
BRDA:147,14,1,0
BRDA:166,15,0,0
BRDA:166,15,1,45
BRDA:169,16,0,0
BRDA:169,16,1,0
BRDA:183,17,0,161
BRDA:183,17,1,161
BRDA:184,18,0,0
BRDA:184,18,1,36
BRDA:187,19,0,0
BRDA:187,19,1,0
BRDA:188,20,0,0
BRDA:188,20,1,0
BRDA:193,21,0,0
BRDA:193,21,1,0
BRDA:202,22,0,45
BRDA:202,22,1,0
BRDA:221,23,0,2
BRDA:226,24,0,43
BRDA:240,25,0,0
BRDA:240,25,1,43
BRF:50
BRH:23
end_of_record
TN:
SF:src\components\LazyComponents.tsx
FN:10,(anonymous_10)
FN:10,(anonymous_11)
FN:11,(anonymous_12)
FN:11,(anonymous_13)
FN:12,(anonymous_14)
FN:12,(anonymous_15)
FN:15,(anonymous_16)
FN:16,(anonymous_17)
FN:37,(anonymous_18)
FNF:9
FNH:0
FNDA:0,(anonymous_10)
FNDA:0,(anonymous_11)
FNDA:0,(anonymous_12)
FNDA:0,(anonymous_13)
FNDA:0,(anonymous_14)
FNDA:0,(anonymous_15)
FNDA:0,(anonymous_16)
FNDA:0,(anonymous_17)
FNDA:0,(anonymous_18)
DA:1,2
DA:2,2
DA:10,2
DA:11,2
DA:12,2
DA:15,2
DA:16,0
DA:17,0
DA:18,0
DA:19,0
DA:20,0
DA:26,0
DA:29,0
DA:37,2
DA:38,0
LF:15
LH:7
BRDA:17,0,0,0
BRDA:17,0,1,0
BRDA:17,1,0,0
BRDA:17,1,1,0
BRDA:37,2,0,0
BRF:5
BRH:0
end_of_record
TN:
SF:src\components\LocalizedTitle.tsx
FN:13,(anonymous_1)
FNF:1
FNH:1
FNDA:2,(anonymous_1)
DA:6,1
DA:13,1
DA:14,2
DA:19,1
LF:4
LH:4
BRDA:13,0,0,1
BRF:1
BRH:1
end_of_record
TN:
SF:src\components\MaterialCategorySelect.tsx
FN:31,(anonymous_1)
FN:62,(anonymous_2)
FN:147,(anonymous_3)
FN:205,(anonymous_4)
FN:273,(anonymous_5)
FN:332,(anonymous_6)
FNF:6
FNH:1
FNDA:0,(anonymous_1)
FNDA:1,(anonymous_2)
FNDA:0,(anonymous_3)
FNDA:0,(anonymous_4)
FNDA:0,(anonymous_5)
FNDA:0,(anonymous_6)
DA:1,7
DA:2,7
DA:3,7
DA:4,7
DA:5,7
DA:6,7
DA:7,7
DA:31,7
DA:32,0
DA:35,0
DA:38,0
DA:41,0
DA:44,0
DA:47,0
DA:50,0
DA:52,0
DA:54,0
DA:56,0
DA:58,0
DA:62,7
DA:73,1
DA:74,1
DA:75,1
DA:77,1
DA:78,0
DA:81,0
DA:83,0
DA:147,0
DA:206,0
DA:273,0
DA:333,0
DA:349,7
LF:32
LH:14
BRDA:32,0,0,0
BRDA:32,0,1,0
BRDA:32,0,2,0
BRDA:32,0,3,0
BRDA:32,0,4,0
BRDA:32,0,5,0
BRDA:32,0,6,0
BRDA:32,0,7,0
BRDA:32,0,8,0
BRDA:32,0,9,0
BRDA:32,0,10,0
BRDA:32,0,11,0
BRDA:32,0,12,0
BRDA:32,0,13,0
BRDA:32,0,14,0
BRDA:32,0,15,0
BRDA:66,1,0,1
BRDA:70,2,0,1
BRDA:77,3,0,1
BRDA:77,3,1,0
BRDA:78,4,0,0
BRDA:78,4,1,0
BRDA:81,5,0,0
BRDA:81,5,1,0
BRDA:81,5,2,0
BRDA:86,6,0,0
BRDA:86,6,1,0
BRDA:87,7,0,0
BRDA:87,7,1,0
BRDA:88,8,0,0
BRDA:88,8,1,0
BRDA:103,9,0,0
BRDA:103,9,1,0
BRDA:104,10,0,0
BRDA:104,10,1,0
BRDA:108,11,0,0
BRDA:108,11,1,0
BRDA:109,12,0,0
BRDA:109,12,1,0
BRDA:109,13,0,0
BRDA:109,13,1,0
BRDA:109,14,0,0
BRDA:109,14,1,0
BRDA:111,15,0,0
BRDA:111,15,1,0
BRDA:115,16,0,0
BRDA:115,16,1,0
BRDA:122,17,0,0
BRDA:122,17,1,0
BRDA:127,18,0,0
BRDA:127,18,1,0
BRDA:131,19,0,0
BRDA:131,19,1,0
BRDA:140,20,0,0
BRDA:140,20,1,0
BRDA:140,21,0,0
BRDA:140,21,1,0
BRDA:145,22,0,0
BRDA:145,22,1,0
BRDA:146,23,0,0
BRDA:146,23,1,0
BRDA:146,24,0,0
BRDA:146,24,1,0
BRDA:154,25,0,0
BRDA:154,25,1,0
BRDA:155,26,0,0
BRDA:155,26,1,0
BRDA:160,27,0,0
BRDA:160,27,1,0
BRDA:162,28,0,0
BRDA:162,28,1,0
BRDA:166,29,0,0
BRDA:166,29,1,0
BRDA:173,30,0,0
BRDA:173,30,1,0
BRDA:178,31,0,0
BRDA:178,31,1,0
BRDA:182,32,0,0
BRDA:182,32,1,0
BRDA:186,33,0,0
BRDA:186,33,1,0
BRDA:196,34,0,0
BRDA:196,34,1,0
BRDA:197,35,0,0
BRDA:197,35,1,0
BRDA:199,36,0,0
BRDA:199,36,1,0
BRDA:206,37,0,0
BRDA:206,37,1,0
BRDA:212,38,0,0
BRDA:212,38,1,0
BRDA:220,39,0,0
BRDA:220,39,1,0
BRDA:228,40,0,0
BRDA:228,40,1,0
BRDA:229,41,0,0
BRDA:229,41,1,0
BRDA:233,42,0,0
BRDA:233,42,1,0
BRDA:234,43,0,0
BRDA:234,43,1,0
BRDA:237,44,0,0
BRDA:237,44,1,0
BRDA:241,45,0,0
BRDA:241,45,1,0
BRDA:248,46,0,0
BRDA:248,46,1,0
BRDA:253,47,0,0
BRDA:253,47,1,0
BRDA:257,48,0,0
BRDA:257,48,1,0
BRDA:266,49,0,0
BRDA:266,49,1,0
BRDA:266,50,0,0
BRDA:266,50,1,0
BRDA:271,51,0,0
BRDA:271,51,1,0
BRDA:272,52,0,0
BRDA:272,52,1,0
BRDA:272,53,0,0
BRDA:272,53,1,0
BRDA:280,54,0,0
BRDA:280,54,1,0
BRDA:281,55,0,0
BRDA:281,55,1,0
BRDA:287,56,0,0
BRDA:287,56,1,0
BRDA:289,57,0,0
BRDA:289,57,1,0
BRDA:293,58,0,0
BRDA:293,58,1,0
BRDA:300,59,0,0
BRDA:300,59,1,0
BRDA:305,60,0,0
BRDA:305,60,1,0
BRDA:309,61,0,0
BRDA:309,61,1,0
BRDA:313,62,0,0
BRDA:313,62,1,0
BRDA:323,63,0,0
BRDA:323,63,1,0
BRDA:324,64,0,0
BRDA:324,64,1,0
BRDA:326,65,0,0
BRDA:326,65,1,0
BRDA:331,66,0,0
BRDA:331,66,1,0
BRDA:331,67,0,0
BRDA:331,67,1,0
BRDA:333,68,0,0
BRDA:333,68,1,0
BRDA:334,69,0,0
BRDA:334,69,1,0
BRDA:336,70,0,0
BRDA:336,70,1,0
BRDA:337,71,0,0
BRDA:337,71,1,0
BRDA:336,72,0,0
BRDA:336,72,1,0
BRF:159
BRH:3
end_of_record
TN:
SF:src\components\MaterialCoffeePage.tsx
FN:38,(anonymous_10)
FN:45,(anonymous_11)
FN:53,(anonymous_12)
FN:59,(anonymous_13)
FN:67,(anonymous_14)
FN:307,(anonymous_15)
FNF:6
FNH:4
FNDA:6,(anonymous_10)
FNDA:6,(anonymous_11)
FNDA:4,(anonymous_12)
FNDA:0,(anonymous_13)
FNDA:0,(anonymous_14)
FNDA:24,(anonymous_15)
DA:1,4
DA:2,4
DA:17,4
DA:28,4
DA:29,4
DA:30,4
DA:31,4
DA:32,4
DA:38,4
DA:39,6
DA:40,6
DA:41,6
DA:42,6
DA:45,6
DA:46,6
DA:53,6
DA:54,4
DA:55,3
DA:56,3
DA:57,0
DA:58,0
DA:59,0
DA:60,0
DA:61,0
DA:67,6
DA:68,0
DA:69,0
DA:73,6
DA:95,6
DA:125,6
DA:127,6
DA:308,24
DA:431,4
LF:33
LH:26
BRDA:54,0,0,3
BRDA:54,0,1,1
BRDA:54,1,0,4
BRDA:54,1,1,4
BRDA:56,2,0,0
BRDA:56,2,1,3
BRDA:68,3,0,0
BRDA:68,3,1,0
BRDA:125,4,0,6
BRDA:125,4,1,0
BRDA:145,5,0,0
BRDA:145,5,1,6
BRDA:147,6,0,0
BRDA:147,6,1,6
BRDA:150,7,0,0
BRDA:150,7,1,6
BRDA:156,8,0,6
BRDA:156,8,1,0
BRDA:187,9,0,6
BRDA:187,9,1,6
BRDA:363,10,0,0
BRDA:363,10,1,6
BRF:22
BRH:13
end_of_record
TN:
SF:src\components\MaterialContentWrapper.tsx
FN:53,(anonymous_10)
FN:62,(anonymous_11)
FN:73,(anonymous_12)
FN:84,(anonymous_13)
FN:109,(anonymous_14)
FN:152,(anonymous_15)
FN:155,(anonymous_16)
FN:167,(anonymous_17)
FN:171,(anonymous_18)
FN:172,(anonymous_19)
FN:173,(anonymous_20)
FN:179,(anonymous_21)
FN:180,(anonymous_22)
FN:181,(anonymous_23)
FN:189,(anonymous_24)
FN:197,(anonymous_25)
FN:204,(anonymous_26)
FN:216,(anonymous_27)
FN:252,(anonymous_28)
FN:258,(anonymous_29)
FN:262,(anonymous_30)
FNF:21
FNH:1
FNDA:0,(anonymous_10)
FNDA:0,(anonymous_11)
FNDA:0,(anonymous_12)
FNDA:0,(anonymous_13)
FNDA:2,(anonymous_14)
FNDA:0,(anonymous_15)
FNDA:0,(anonymous_16)
FNDA:0,(anonymous_17)
FNDA:0,(anonymous_18)
FNDA:0,(anonymous_19)
FNDA:0,(anonymous_20)
FNDA:0,(anonymous_21)
FNDA:0,(anonymous_22)
FNDA:0,(anonymous_23)
FNDA:0,(anonymous_24)
FNDA:0,(anonymous_25)
FNDA:0,(anonymous_26)
FNDA:0,(anonymous_27)
FNDA:0,(anonymous_28)
FNDA:0,(anonymous_29)
FNDA:0,(anonymous_30)
DA:1,6
DA:2,6
DA:3,6
DA:4,6
DA:5,6
DA:7,6
DA:8,6
DA:9,6
DA:10,6
DA:11,6
DA:53,6
DA:62,6
DA:73,6
DA:84,6
DA:96,6
DA:109,6
DA:140,2
DA:141,2
DA:142,2
DA:143,2
DA:145,2
DA:146,2
DA:150,0
DA:152,0
DA:153,0
DA:154,0
DA:155,0
DA:157,0
DA:159,0
DA:160,0
DA:161,0
DA:163,0
DA:164,0
DA:165,0
DA:167,0
DA:170,0
DA:171,0
DA:172,0
DA:173,0
DA:177,0
DA:178,0
DA:179,0
DA:180,0
DA:181,0
DA:189,0
DA:190,0
DA:191,0
DA:196,0
DA:203,0
DA:204,0
DA:205,0
DA:206,0
DA:210,0
DA:215,0
DA:218,0
DA:219,0
DA:253,0
DA:258,0
DA:263,0
DA:265,0
DA:266,0
DA:268,0
DA:269,0
DA:270,0
DA:272,0
DA:281,0
DA:308,6
LF:67
LH:23
BRDA:53,0,0,0
BRDA:53,1,0,0
BRDA:58,2,0,0
BRDA:58,2,1,0
BRDA:66,3,0,0
BRDA:66,3,1,0
BRDA:86,4,0,0
BRDA:86,4,1,0
BRDA:92,5,0,0
BRDA:92,5,1,0
BRDA:93,6,0,0
BRDA:93,6,1,0
BRDA:118,7,0,2
BRDA:124,8,0,1
BRDA:125,9,0,1
BRDA:126,10,0,1
BRDA:127,11,0,1
BRDA:128,12,0,1
BRDA:135,13,0,2
BRDA:136,14,0,2
BRDA:137,15,0,2
BRDA:143,16,0,0
BRDA:143,16,1,2
BRDA:145,17,0,2
BRDA:145,17,1,0
BRDA:153,18,0,0
BRDA:153,18,1,0
BRDA:154,19,0,0
BRDA:154,19,1,0
BRDA:154,20,0,0
BRDA:154,20,1,0
BRDA:160,21,0,0
BRDA:160,21,1,0
BRDA:160,22,0,0
BRDA:160,22,1,0
BRDA:163,23,0,0
BRDA:163,23,1,0
BRDA:163,24,0,0
BRDA:163,24,1,0
BRDA:164,25,0,0
BRDA:164,25,1,0
BRDA:164,26,0,0
BRDA:164,26,1,0
BRDA:165,27,0,0
BRDA:165,27,1,0
BRDA:177,28,0,0
BRDA:177,28,1,0
BRDA:177,29,0,0
BRDA:177,29,1,0
BRDA:190,30,0,0
BRDA:190,30,1,0
BRDA:190,31,0,0
BRDA:190,31,1,0
BRDA:197,32,0,0
BRDA:197,32,1,0
BRDA:205,33,0,0
BRDA:205,33,1,0
BRDA:205,34,0,0
BRDA:205,34,1,0
BRDA:212,35,0,0
BRDA:212,35,1,0
BRDA:222,36,0,0
BRDA:222,36,1,0
BRDA:222,36,2,0
BRDA:222,36,3,0
BRDA:236,37,0,0
BRDA:236,37,1,0
BRDA:236,37,2,0
BRDA:236,37,3,0
BRDA:250,38,0,0
BRDA:250,38,1,0
BRDA:250,38,2,0
BRDA:250,38,3,0
BRDA:257,39,0,0
BRDA:257,39,1,0
BRDA:258,40,0,0
BRDA:258,40,1,0
BRDA:254,41,0,0
BRDA:254,41,1,0
BRDA:263,42,0,0
BRDA:263,42,1,0
BRDA:266,43,0,0
BRDA:266,43,1,0
BRDA:266,44,0,0
BRDA:266,44,1,0
BRDA:266,44,2,0
BRDA:269,45,0,0
BRDA:269,45,1,0
BRDA:277,46,0,0
BRDA:277,46,1,0
BRDA:286,47,0,0
BRDA:286,47,1,0
BRDA:286,47,2,0
BRDA:286,47,3,0
BRDA:289,48,0,0
BRDA:289,48,1,0
BRDA:292,49,0,0
BRDA:292,49,1,0
BRDA:303,50,0,0
BRDA:303,50,1,0
BRF:100
BRH:11
end_of_record
TN:
SF:src\components\MaterialMobileMenu.tsx
FN:61,(anonymous_10)
FN:96,(anonymous_11)
FN:100,(anonymous_12)
FN:102,(anonymous_13)
FN:107,(anonymous_14)
FN:114,(anonymous_15)
FN:114,(anonymous_16)
FN:115,(anonymous_17)
FN:115,(anonymous_18)
FN:115,(anonymous_19)
FN:156,(anonymous_20)
FN:162,(anonymous_21)
FN:173,(anonymous_22)
FN:216,(anonymous_23)
FN:238,(anonymous_24)
FN:246,(anonymous_25)
FN:281,(anonymous_26)
FN:321,(anonymous_27)
FN:329,(anonymous_28)
FNF:19
FNH:6
FNDA:17,(anonymous_10)
FNDA:7,(anonymous_11)
FNDA:0,(anonymous_12)
FNDA:0,(anonymous_13)
FNDA:0,(anonymous_14)
FNDA:7,(anonymous_15)
FNDA:7,(anonymous_16)
FNDA:7,(anonymous_17)
FNDA:0,(anonymous_18)
FNDA:7,(anonymous_19)
FNDA:0,(anonymous_20)
FNDA:0,(anonymous_21)
FNDA:0,(anonymous_22)
FNDA:0,(anonymous_23)
FNDA:0,(anonymous_24)
FNDA:0,(anonymous_25)
FNDA:0,(anonymous_26)
FNDA:0,(anonymous_27)
FNDA:0,(anonymous_28)
DA:1,3
DA:2,3
DA:22,3
DA:30,3
DA:31,3
DA:32,3
DA:33,3
DA:34,3
DA:35,3
DA:36,3
DA:61,3
DA:75,17
DA:76,17
DA:77,17
DA:78,17
DA:79,17
DA:80,17
DA:81,17
DA:82,17
DA:83,17
DA:84,17
DA:86,17
DA:94,17
DA:96,17
DA:97,7
DA:100,17
DA:101,0
DA:103,0
DA:104,0
DA:107,17
DA:108,0
DA:109,0
DA:112,17
DA:113,17
DA:114,17
DA:115,17
DA:117,17
DA:119,17
DA:121,0
DA:157,0
DA:158,0
DA:159,0
DA:160,0
DA:161,0
DA:162,0
DA:163,0
DA:173,0
DA:216,0
DA:238,0
DA:247,0
DA:248,0
DA:249,0
DA:250,0
DA:251,0
DA:252,0
DA:255,0
DA:256,0
DA:257,0
DA:260,0
DA:261,0
DA:265,0
DA:266,0
DA:272,0
DA:274,0
DA:275,0
DA:277,0
DA:282,0
DA:283,0
DA:284,0
DA:321,0
DA:329,0
DA:363,3
LF:72
LH:34
BRDA:72,0,0,17
BRDA:84,1,0,17
BRDA:84,1,1,17
BRDA:97,2,0,0
BRDA:97,2,1,7
BRDA:100,3,0,0
BRDA:100,3,1,17
BRDA:101,4,0,0
BRDA:101,4,1,0
BRDA:101,5,0,0
BRDA:101,5,1,0
BRDA:103,6,0,0
BRDA:103,6,1,0
BRDA:119,7,0,17
BRDA:119,7,1,0
BRDA:126,8,0,0
BRDA:126,8,1,0
BRDA:127,9,0,0
BRDA:127,9,1,0
BRDA:129,10,0,0
BRDA:129,10,1,0
BRDA:151,11,0,0
BRDA:151,11,1,0
BRDA:157,12,0,0
BRDA:157,12,1,0
BRDA:158,13,0,0
BRDA:158,13,1,0
BRDA:175,14,0,0
BRDA:175,14,1,0
BRDA:185,15,0,0
BRDA:185,15,1,0
BRDA:200,16,0,0
BRDA:200,16,1,0
BRDA:207,17,0,0
BRDA:207,17,1,0
BRDA:220,18,0,0
BRDA:220,18,1,0
BRDA:221,19,0,0
BRDA:221,19,1,0
BRDA:222,20,0,0
BRDA:222,20,1,0
BRDA:239,21,0,0
BRDA:239,21,1,0
BRDA:247,22,0,0
BRDA:247,22,1,0
BRDA:251,23,0,0
BRDA:251,23,1,0
BRDA:251,24,0,0
BRDA:251,24,1,0
BRDA:251,24,2,0
BRDA:256,25,0,0
BRDA:256,25,1,0
BRDA:256,26,0,0
BRDA:256,26,1,0
BRDA:256,26,2,0
BRDA:261,27,0,0
BRDA:261,27,1,0
BRDA:261,28,0,0
BRDA:261,28,1,0
BRDA:261,28,2,0
BRDA:266,29,0,0
BRDA:266,29,1,0
BRDA:266,30,0,0
BRDA:266,30,1,0
BRDA:266,30,2,0
BRDA:266,30,3,0
BRDA:266,30,4,0
BRDA:274,31,0,0
BRDA:274,31,1,0
BRDA:274,32,0,0
BRDA:274,32,1,0
BRDA:274,32,2,0
BRDA:277,33,0,0
BRDA:277,33,1,0
BRDA:283,34,0,0
BRDA:283,34,1,0
BRDA:283,35,0,0
BRDA:283,35,1,0
BRDA:294,36,0,0
BRDA:294,36,1,0
BRDA:294,37,0,0
BRDA:294,37,1,0
BRDA:295,38,0,0
BRDA:295,38,1,0
BRDA:315,39,0,0
BRDA:315,39,1,0
BRDA:319,40,0,0
BRDA:319,40,1,0
BRDA:327,41,0,0
BRDA:327,41,1,0
BRDA:338,42,0,0
BRDA:338,42,1,0
BRDA:350,43,0,0
BRDA:350,43,1,0
BRF:94
BRH:6
end_of_record
TN:
SF:src\components\MaterialRecommendationCard.tsx
FN:55,(anonymous_10)
FN:71,(anonymous_11)
FN:78,(anonymous_12)
FN:108,(anonymous_13)
FN:113,(anonymous_14)
FN:145,(anonymous_15)
FN:168,(anonymous_16)
FN:183,(anonymous_17)
FN:196,(anonymous_18)
FNF:9
FNH:7
FNDA:25,(anonymous_10)
FNDA:25,(anonymous_11)
FNDA:25,(anonymous_12)
FNDA:0,(anonymous_13)
FNDA:25,(anonymous_14)
FNDA:0,(anonymous_15)
FNDA:25,(anonymous_16)
FNDA:24,(anonymous_17)
FNDA:23,(anonymous_18)
DA:1,7
DA:2,7
DA:12,7
DA:22,7
DA:23,7
DA:24,7
DA:25,7
DA:26,7
DA:27,7
DA:28,7
DA:55,7
DA:64,25
DA:65,25
DA:66,25
DA:67,25
DA:69,25
DA:70,25
DA:71,25
DA:72,25
DA:73,25
DA:74,0
DA:76,25
DA:78,25
DA:79,25
DA:82,13
DA:85,0
DA:88,12
DA:91,0
DA:94,0
DA:97,0
DA:99,0
DA:101,0
DA:103,0
DA:105,0
DA:108,25
DA:109,0
DA:110,0
DA:113,25
DA:114,25
DA:145,25
DA:168,25
DA:183,25
DA:195,25
DA:196,25
DA:197,23
DA:198,17
DA:202,25
DA:320,7
LF:48
LH:37
BRDA:58,0,0,25
BRDA:59,1,0,25
BRDA:60,2,0,1
BRDA:61,3,0,25
BRDA:69,4,0,25
BRDA:69,4,1,0
BRDA:71,5,0,25
BRDA:72,6,0,0
BRDA:72,6,1,25
BRDA:73,7,0,0
BRDA:73,7,1,25
BRDA:79,8,0,13
BRDA:79,8,1,13
BRDA:79,8,2,0
BRDA:79,8,3,0
BRDA:79,8,4,12
BRDA:79,8,5,12
BRDA:79,8,6,0
BRDA:79,8,7,0
BRDA:79,8,8,0
BRDA:79,8,9,0
BRDA:79,8,10,0
BRDA:79,8,11,0
BRDA:79,8,12,0
BRDA:79,8,13,0
BRDA:79,8,14,0
BRDA:79,8,15,0
BRDA:109,9,0,0
BRDA:109,9,1,0
BRDA:121,10,0,0
BRDA:121,10,1,25
BRDA:122,11,0,0
BRDA:122,11,1,25
BRDA:135,12,0,0
BRDA:135,12,1,25
BRDA:136,13,0,0
BRDA:136,13,1,25
BRDA:137,14,0,0
BRDA:137,14,1,0
BRDA:140,15,0,25
BRDA:140,15,1,1
BRDA:169,16,0,0
BRDA:169,16,1,25
BRDA:170,17,0,0
BRDA:170,17,1,25
BRDA:171,18,0,0
BRDA:171,18,1,25
BRDA:172,19,0,0
BRDA:172,19,1,25
BRDA:177,20,0,0
BRDA:177,20,1,25
BRDA:179,21,0,0
BRDA:179,21,1,25
BRDA:197,22,0,17
BRDA:197,22,1,6
BRDA:197,23,0,23
BRDA:197,23,1,23
BRDA:209,24,0,25
BRDA:209,24,1,0
BRDA:216,25,0,0
BRDA:216,25,1,0
BRDA:264,26,0,25
BRDA:264,26,1,25
BRDA:273,27,0,25
BRDA:273,27,1,25
BRDA:273,27,2,24
BRDA:283,28,0,25
BRDA:283,28,1,0
BRDA:314,29,0,25
BRDA:314,29,1,0
BRF:70
BRH:36
end_of_record
TN:
SF:src\components\MaterialSubcategoryChips.tsx
FN:1,(anonymous_1)
FNF:1
FNH:1
FNDA:1,(anonymous_1)
DA:1,8
LF:1
LH:1
BRF:0
BRH:0
end_of_record
TN:
SF:src\components\MaterialThemeProvider.tsx
FN:16,(anonymous_1)
FN:20,(anonymous_2)
FNF:2
FNH:2
FNDA:48,(anonymous_1)
FNDA:48,(anonymous_2)
DA:1,10
DA:2,10
DA:3,10
DA:4,10
DA:5,10
DA:16,10
DA:17,48
DA:20,48
DA:21,48
DA:26,48
DA:30,48
DA:95,48
DA:103,10
LF:13
LH:13
BRDA:21,0,0,48
BRDA:21,0,1,0
BRDA:22,1,0,48
BRDA:22,1,1,48
BRDA:22,1,2,48
BRDA:32,2,0,5
BRDA:32,2,1,43
BRDA:40,3,0,5
BRDA:40,3,1,43
BRDA:41,4,0,5
BRDA:41,4,1,43
BRDA:44,5,0,5
BRDA:44,5,1,43
BRDA:45,6,0,5
BRDA:45,6,1,43
BRDA:79,7,0,5
BRDA:79,7,1,43
BRF:17
BRH:16
end_of_record
TN:
SF:src\components\MobileRecommendationsList.tsx
FN:34,(anonymous_1)
FN:102,(anonymous_2)
FN:130,(anonymous_3)
FN:152,(anonymous_4)
FNF:4
FNH:1
FNDA:1,(anonymous_1)
FNDA:0,(anonymous_2)
FNDA:0,(anonymous_3)
FNDA:0,(anonymous_4)
DA:1,5
DA:2,5
DA:3,5
DA:34,5
DA:61,1
DA:62,1
DA:64,1
DA:102,0
DA:130,0
DA:152,0
DA:164,5
LF:11
LH:8
BRDA:41,0,0,1
BRDA:52,1,0,1
BRDA:53,2,0,1
BRDA:54,3,0,1
BRDA:55,4,0,1
BRDA:56,5,0,1
BRDA:57,6,0,1
BRDA:58,7,0,1
BRDA:61,8,0,1
BRDA:61,8,1,0
BRDA:92,9,0,0
BRDA:92,9,1,1
BRDA:92,10,0,1
BRDA:92,10,1,0
BRDA:98,11,0,1
BRDA:98,11,1,0
BRDA:99,12,0,0
BRDA:99,12,1,1
BRDA:100,13,0,0
BRDA:100,13,1,0
BRDA:106,14,0,1
BRDA:106,14,1,0
BRDA:126,15,0,0
BRDA:126,15,1,0
BRDA:127,16,0,0
BRDA:127,16,1,0
BRDA:137,17,0,0
BRDA:137,17,1,0
BRDA:137,18,0,0
BRDA:137,18,1,0
BRDA:148,19,0,0
BRDA:148,19,1,0
BRDA:148,20,0,0
BRDA:148,20,1,0
BRDA:148,21,0,0
BRDA:148,21,1,0
BRDA:149,22,0,0
BRDA:149,22,1,0
BRDA:149,23,0,0
BRDA:149,23,1,0
BRDA:149,24,0,0
BRDA:149,24,1,0
BRDA:153,25,0,0
BRDA:153,25,1,0
BRDA:153,26,0,0
BRDA:153,26,1,0
BRF:46
BRH:14
end_of_record
TN:
SF:src\components\RecommendationsList.tsx
FN:20,(anonymous_1)
FNF:1
FNH:1
FNDA:23,(anonymous_1)
DA:1,5
DA:2,5
DA:3,5
DA:4,5
DA:20,5
DA:32,23
DA:35,23
DA:48,23
DA:53,5
LF:9
LH:9
BRDA:48,0,0,1
BRDA:48,0,1,22
BRF:2
BRH:2
end_of_record
TN:
SF:src\components\SharedComponents.tsx
FN:20,(anonymous_1)
FN:39,(anonymous_2)
FN:68,(anonymous_3)
FN:110,(anonymous_4)
FN:135,(anonymous_5)
FNF:5
FNH:5
FNDA:2,(anonymous_1)
FNDA:1,(anonymous_2)
FNDA:3,(anonymous_3)
FNDA:2,(anonymous_4)
FNDA:3,(anonymous_5)
DA:7,5
DA:8,5
DA:9,5
DA:20,5
DA:21,2
DA:39,1
DA:68,5
DA:69,3
DA:70,3
DA:110,5
DA:111,2
DA:135,5
DA:136,3
DA:137,3
DA:138,3
LF:15
LH:15
BRDA:20,0,0,2
BRDA:20,1,0,2
BRDA:20,2,0,2
BRDA:20,3,0,2
BRDA:20,4,0,2
BRDA:20,5,0,2
BRDA:29,6,0,0
BRDA:29,6,1,2
BRDA:39,7,0,1
BRDA:39,7,1,0
BRDA:68,8,0,3
BRDA:68,9,0,3
BRDA:72,10,0,3
BRDA:72,10,1,0
BRDA:110,11,0,2
BRDA:112,12,0,1
BRDA:112,12,1,1
BRDA:115,13,0,2
BRDA:115,13,1,1
BRDA:116,14,0,0
BRDA:116,14,1,1
BRDA:135,15,0,3
BRDA:137,16,0,3
BRDA:137,16,1,2
BRDA:137,16,2,2
BRDA:140,17,0,3
BRDA:140,17,1,2
BRDA:141,18,0,3
BRDA:141,18,1,2
BRF:29
BRH:25
end_of_record
TN:
SF:src\components\SplashDialog.tsx
FN:35,(anonymous_10)
FN:58,(anonymous_11)
FN:60,(anonymous_12)
FN:63,(anonymous_13)
FN:70,(anonymous_14)
FN:77,(anonymous_15)
FN:84,(anonymous_16)
FN:90,(anonymous_17)
FN:95,(anonymous_18)
FN:109,(anonymous_19)
FN:120,(anonymous_20)
FN:128,(anonymous_21)
FN:134,addIdToImg
FN:137,(anonymous_23)
FN:138,(anonymous_24)
FN:178,(anonymous_25)
FN:244,(anonymous_26)
FN:291,(anonymous_27)
FN:314,(anonymous_28)
FN:327,(anonymous_29)
FNF:20
FNH:12
FNDA:31,(anonymous_10)
FNDA:13,(anonymous_11)
FNDA:13,(anonymous_12)
FNDA:13,(anonymous_13)
FNDA:13,(anonymous_14)
FNDA:15,(anonymous_15)
FNDA:16,(anonymous_16)
FNDA:0,(anonymous_17)
FNDA:0,(anonymous_18)
FNDA:0,(anonymous_19)
FNDA:16,(anonymous_20)
FNDA:16,(anonymous_21)
FNDA:6,addIdToImg
FNDA:6,(anonymous_23)
FNDA:0,(anonymous_24)
FNDA:13,(anonymous_25)
FNDA:0,(anonymous_26)
FNDA:0,(anonymous_27)
FNDA:0,(anonymous_28)
FNDA:0,(anonymous_29)
DA:1,7
DA:2,7
DA:3,7
DA:4,7
DA:5,7
DA:6,7
DA:7,7
DA:35,7
DA:48,31
DA:49,31
DA:50,31
DA:51,31
DA:54,31
DA:55,31
DA:58,31
DA:59,13
DA:60,13
DA:61,13
DA:62,13
DA:63,13
DA:68,31
DA:70,31
DA:71,13
DA:72,10
DA:77,31
DA:78,15
DA:79,0
DA:84,31
DA:85,16
DA:86,0
DA:88,0
DA:90,0
DA:91,0
DA:92,0
DA:95,0
DA:96,0
DA:97,0
DA:98,0
DA:101,0
DA:103,0
DA:106,0
DA:109,0
DA:110,0
DA:113,16
DA:114,0
DA:115,0
DA:120,31
DA:121,16
DA:122,5
DA:123,5
DA:125,11
DA:126,11
DA:128,16
DA:129,16
DA:135,6
DA:137,6
DA:138,6
DA:139,6
DA:140,6
DA:149,0
DA:150,0
DA:151,0
DA:153,0
DA:157,31
DA:160,31
DA:165,31
DA:178,31
DA:179,13
DA:180,4
DA:181,4
DA:182,4
DA:183,4
DA:188,31
DA:205,31
DA:207,10
DA:244,0
DA:292,0
DA:293,0
DA:315,0
DA:316,0
DA:329,0
DA:330,0
DA:358,7
LF:83
LH:55
BRDA:41,0,0,6
BRDA:42,1,0,31
BRDA:43,2,0,31
BRDA:44,3,0,31
BRDA:45,4,0,31
BRDA:55,5,0,31
BRDA:55,5,1,31
BRDA:59,6,0,13
BRDA:59,6,1,0
BRDA:71,7,0,10
BRDA:71,7,1,3
BRDA:71,8,0,13
BRDA:71,8,1,13
BRDA:78,9,0,0
BRDA:78,9,1,15
BRDA:85,10,0,0
BRDA:85,10,1,16
BRDA:85,11,0,16
BRDA:85,11,1,5
BRDA:88,12,0,0
BRDA:88,12,1,0
BRDA:97,13,0,0
BRDA:97,13,1,0
BRDA:110,14,0,0
BRDA:110,14,1,0
BRDA:110,14,2,0
BRDA:113,15,0,0
BRDA:113,15,1,16
BRDA:113,16,0,16
BRDA:113,16,1,11
BRDA:121,17,0,5
BRDA:121,17,1,11
BRDA:135,18,0,0
BRDA:135,18,1,6
BRDA:137,19,0,6
BRDA:137,19,1,0
BRDA:138,20,0,0
BRDA:138,20,1,0
BRDA:139,21,0,6
BRDA:139,21,1,0
BRDA:139,22,0,6
BRDA:139,22,1,6
BRDA:144,23,0,6
BRDA:144,23,1,6
BRDA:145,24,0,6
BRDA:145,24,1,0
BRDA:149,25,0,0
BRDA:149,25,1,0
BRDA:149,26,0,0
BRDA:149,26,1,0
BRDA:179,27,0,4
BRDA:179,27,1,9
BRDA:179,28,0,13
BRDA:179,28,1,13
BRDA:189,29,0,0
BRDA:189,29,1,31
BRDA:190,30,0,0
BRDA:190,30,1,31
BRDA:191,31,0,0
BRDA:191,31,1,31
BRDA:192,32,0,0
BRDA:192,32,1,31
BRDA:193,33,0,0
BRDA:193,33,1,31
BRDA:205,34,0,21
BRDA:205,34,1,10
BRDA:244,35,0,0
BRDA:244,35,1,10
BRDA:244,36,0,0
BRDA:244,36,1,0
BRDA:257,37,0,10
BRDA:257,37,1,10
BRDA:291,38,0,0
BRDA:291,38,1,10
BRDA:292,39,0,0
BRDA:292,39,1,0
BRDA:292,40,0,0
BRDA:292,40,1,0
BRDA:315,41,0,0
BRDA:315,41,1,0
BRDA:320,42,0,6
BRDA:320,42,1,4
BRDA:329,43,0,0
BRDA:329,43,1,0
BRDA:335,44,0,4
BRDA:335,44,1,4
BRDA:336,45,0,4
BRDA:336,45,1,0
BRF:88
BRH:49
end_of_record
TN:
SF:src\components\StorageMonitor.tsx
FN:23,StorageMonitor
FN:31,(anonymous_11)
FN:55,(anonymous_12)
FN:65,(anonymous_13)
FN:89,useStorageErrorHandler
FN:90,(anonymous_15)
FN:94,(anonymous_16)
FN:111,(anonymous_17)
FN:124,(anonymous_18)
FNF:9
FNH:7
FNDA:12,StorageMonitor
FNDA:3,(anonymous_11)
FNDA:3,(anonymous_12)
FNDA:1,(anonymous_13)
FNDA:6,useStorageErrorHandler
FNDA:5,(anonymous_15)
FNDA:0,(anonymous_16)
FNDA:0,(anonymous_17)
FNDA:5,(anonymous_18)
DA:1,2
DA:2,2
DA:3,2
DA:23,2
DA:24,12
DA:27,12
DA:30,6
DA:31,6
DA:32,3
DA:33,3
DA:37,6
DA:55,3
DA:66,1
DA:67,1
DA:89,2
DA:90,6
DA:91,5
DA:92,5
DA:93,5
DA:94,5
DA:95,0
DA:96,0
DA:104,0
DA:106,0
DA:107,0
DA:109,0
DA:111,5
DA:112,0
DA:113,0
DA:115,0
DA:117,0
DA:119,0
DA:120,0
DA:124,5
DA:125,5
DA:126,5
DA:127,5
LF:37
LH:25
BRDA:23,0,0,0
BRDA:27,1,0,6
BRDA:27,1,1,6
BRDA:32,2,0,3
BRDA:32,2,1,0
BRDA:41,3,0,0
BRDA:41,3,1,6
BRDA:42,4,0,0
BRDA:42,4,1,6
BRDA:43,5,0,0
BRDA:43,5,1,6
BRDA:44,6,0,0
BRDA:44,6,1,6
BRDA:61,7,0,6
BRDA:61,7,1,2
BRDA:91,8,0,5
BRDA:91,8,1,0
BRDA:92,9,0,5
BRDA:92,9,1,0
BRDA:93,10,0,5
BRDA:93,10,1,0
BRDA:95,11,0,0
BRDA:95,11,1,0
BRDA:95,12,0,0
BRDA:95,12,1,0
BRDA:106,13,0,0
BRDA:106,13,1,0
BRDA:112,14,0,0
BRDA:112,14,1,0
BRDA:112,15,0,0
BRDA:112,15,1,0
BRDA:119,16,0,0
BRDA:119,16,1,0
BRDA:125,17,0,5
BRDA:125,17,1,0
BRF:35
BRH:13
end_of_record
TN:
SF:src\components\ThemeToggle.tsx
FN:9,(anonymous_1)
FNF:1
FNH:0
FNDA:0,(anonymous_1)
DA:1,1
DA:2,1
DA:3,1
DA:9,1
DA:10,0
DA:11,0
DA:13,0
DA:49,1
LF:8
LH:5
BRDA:29,0,0,0
BRDA:29,0,1,0
BRDA:33,1,0,0
BRDA:33,1,1,0
BRF:4
BRH:0
end_of_record
TN:
SF:src\components\UnifiedItemDetail.tsx
FN:48,(anonymous_10)
FN:298,(anonymous_11)
FN:306,(anonymous_12)
FN:324,(anonymous_13)
FN:330,(anonymous_14)
FN:337,(anonymous_15)
FN:342,(anonymous_16)
FN:345,(anonymous_17)
FN:348,(anonymous_18)
FN:353,(anonymous_19)
FN:355,(anonymous_20)
FN:358,(anonymous_21)
FN:363,(anonymous_22)
FN:382,(anonymous_23)
FN:384,(anonymous_24)
FN:390,(anonymous_25)
FN:396,(anonymous_26)
FN:449,(anonymous_27)
FN:471,(anonymous_28)
FN:685,(anonymous_29)
FN:686,(anonymous_30)
FN:687,(anonymous_31)
FN:702,(anonymous_32)
FNF:23
FNH:8
FNDA:6,(anonymous_10)
FNDA:9,(anonymous_11)
FNDA:0,(anonymous_12)
FNDA:5,(anonymous_13)
FNDA:0,(anonymous_14)
FNDA:5,(anonymous_15)
FNDA:5,(anonymous_16)
FNDA:0,(anonymous_17)
FNDA:5,(anonymous_18)
FNDA:5,(anonymous_19)
FNDA:0,(anonymous_20)
FNDA:0,(anonymous_21)
FNDA:0,(anonymous_22)
FNDA:0,(anonymous_23)
FNDA:0,(anonymous_24)
FNDA:0,(anonymous_25)
FNDA:0,(anonymous_26)
FNDA:6,(anonymous_27)
FNDA:0,(anonymous_28)
FNDA:0,(anonymous_29)
FNDA:0,(anonymous_30)
FNDA:0,(anonymous_31)
FNDA:0,(anonymous_32)
DA:1,5
DA:2,5
DA:3,5
DA:4,5
DA:5,5
DA:6,5
DA:7,5
DA:8,5
DA:9,5
DA:10,5
DA:11,5
DA:12,5
DA:14,5
DA:16,5
DA:17,5
DA:20,5
DA:30,5
DA:47,5
DA:48,6
DA:298,5
DA:300,9
DA:301,9
DA:302,9
DA:303,9
DA:304,9
DA:305,9
DA:306,9
DA:307,0
DA:308,0
DA:310,0
DA:313,9
DA:314,9
DA:315,9
DA:316,9
DA:317,9
DA:318,9
DA:319,9
DA:320,9
DA:321,9
DA:322,9
DA:324,9
DA:328,9
DA:329,9
DA:330,0
DA:334,9
DA:337,9
DA:338,5
DA:342,9
DA:343,5
DA:344,5
DA:345,5
DA:346,0
DA:348,5
DA:353,9
DA:354,5
DA:355,0
DA:356,0
DA:358,0
DA:363,9
DA:364,0
DA:365,0
DA:367,0
DA:369,0
DA:370,0
DA:372,0
DA:373,0
DA:375,0
DA:378,0
DA:382,9
DA:383,0
DA:384,0
DA:385,0
DA:390,9
DA:391,0
DA:392,0
DA:393,0
DA:398,0
DA:399,0
DA:412,9
DA:413,3
DA:421,6
DA:422,0
DA:425,6
DA:426,0
DA:434,6
DA:435,6
DA:437,6
DA:438,6
DA:441,6
DA:443,6
DA:444,6
DA:445,6
DA:446,6
DA:447,6
DA:449,6
DA:450,6
DA:463,6
DA:466,6
DA:471,0
DA:474,0
DA:482,0
DA:489,0
DA:496,0
DA:503,0
DA:510,0
DA:517,0
DA:525,6
DA:527,0
DA:528,0
DA:596,6
DA:598,6
DA:600,6
DA:601,0
DA:604,6
DA:605,6
DA:606,6
DA:608,6
DA:685,0
DA:686,0
DA:687,0
DA:703,0
DA:704,0
DA:705,0
DA:706,0
DA:707,0
DA:709,0
DA:781,0
DA:784,5
LF:128
LH:80
BRDA:303,0,0,9
BRDA:303,0,1,9
BRDA:307,1,0,0
BRDA:307,1,1,0
BRDA:328,2,0,9
BRDA:328,2,1,0
BRDA:329,3,0,0
BRDA:329,3,1,9
BRDA:329,4,0,9
BRDA:329,4,1,0
BRDA:329,4,2,0
BRDA:329,4,3,0
BRDA:329,4,4,0
BRDA:330,5,0,0
BRDA:330,5,1,0
BRDA:334,6,0,9
BRDA:334,6,1,9
BRDA:338,7,0,5
BRDA:338,7,1,0
BRDA:343,8,0,5
BRDA:343,8,1,0
BRDA:354,9,0,0
BRDA:354,9,1,5
BRDA:354,10,0,5
BRDA:354,10,1,0
BRDA:364,11,0,0
BRDA:364,11,1,0
BRDA:367,12,0,0
BRDA:367,12,1,0
BRDA:372,13,0,0
BRDA:372,13,1,0
BRDA:392,14,0,0
BRDA:392,14,1,0
BRDA:412,15,0,3
BRDA:412,15,1,6
BRDA:421,16,0,0
BRDA:421,16,1,6
BRDA:421,17,0,6
BRDA:421,17,1,0
BRDA:421,17,2,0
BRDA:421,17,3,0
BRDA:421,17,4,0
BRDA:425,18,0,0
BRDA:425,18,1,6
BRDA:430,19,0,0
BRDA:430,19,1,0
BRDA:430,20,0,0
BRDA:430,20,1,0
BRDA:434,21,0,6
BRDA:434,21,1,0
BRDA:441,22,0,6
BRDA:441,22,1,0
BRDA:443,23,0,6
BRDA:443,23,1,0
BRDA:444,24,0,6
BRDA:444,24,1,0
BRDA:444,24,2,0
BRDA:445,25,0,6
BRDA:445,25,1,3
BRDA:446,26,0,6
BRDA:446,26,1,3
BRDA:447,27,0,6
BRDA:447,27,1,0
BRDA:463,28,0,6
BRDA:463,28,1,6
BRDA:463,28,2,0
BRDA:463,28,3,0
BRDA:463,28,4,0
BRDA:463,28,5,0
BRDA:463,28,6,0
BRDA:463,28,7,0
BRDA:463,28,8,0
BRDA:463,29,0,6
BRDA:463,29,1,0
BRDA:469,30,0,6
BRDA:469,30,1,6
BRDA:470,31,0,0
BRDA:470,31,1,6
BRDA:471,32,0,0
BRDA:471,32,1,6
BRDA:477,33,0,0
BRDA:477,33,1,0
BRDA:478,34,0,0
BRDA:478,34,1,0
BRDA:479,35,0,0
BRDA:479,35,1,0
BRDA:485,36,0,0
BRDA:485,36,1,0
BRDA:486,37,0,0
BRDA:486,37,1,0
BRDA:492,38,0,0
BRDA:492,38,1,0
BRDA:493,39,0,0
BRDA:493,39,1,0
BRDA:499,40,0,0
BRDA:499,40,1,0
BRDA:500,41,0,0
BRDA:500,41,1,0
BRDA:506,42,0,0
BRDA:506,42,1,0
BRDA:507,43,0,0
BRDA:507,43,1,0
BRDA:513,44,0,0
BRDA:513,44,1,0
BRDA:514,45,0,0
BRDA:514,45,1,0
BRDA:525,46,0,0
BRDA:525,46,1,6
BRDA:527,47,0,0
BRDA:527,47,1,0
BRDA:560,48,0,0
BRDA:560,48,1,0
BRDA:577,49,0,0
BRDA:577,49,1,0
BRDA:578,50,0,0
BRDA:578,50,1,0
BRDA:596,51,0,6
BRDA:596,51,1,0
BRDA:598,52,0,6
BRDA:598,52,1,0
BRDA:600,53,0,0
BRDA:600,53,1,6
BRDA:606,54,0,0
BRDA:606,54,1,6
BRDA:614,55,0,0
BRDA:614,55,1,6
BRDA:615,56,0,0
BRDA:615,56,1,6
BRDA:636,57,0,0
BRDA:636,57,1,6
BRDA:637,58,0,0
BRDA:637,58,1,6
BRDA:644,59,0,0
BRDA:644,59,1,6
BRDA:652,60,0,0
BRDA:652,60,1,6
BRDA:652,61,0,6
BRDA:652,61,1,6
BRDA:653,62,0,0
BRDA:653,62,1,6
BRDA:653,63,0,6
BRDA:653,63,1,6
BRDA:662,64,0,6
BRDA:662,64,1,6
BRDA:666,65,0,6
BRDA:666,65,1,0
BRDA:684,66,0,0
BRDA:684,66,1,6
BRDA:700,67,0,6
BRDA:700,67,1,0
BRDA:704,68,0,0
BRDA:704,68,1,0
BRDA:704,69,0,0
BRDA:704,69,1,0
BRDA:705,70,0,0
BRDA:705,70,1,0
BRDA:716,71,0,6
BRDA:716,71,1,0
BRDA:716,71,2,0
BRDA:720,72,0,6
BRDA:720,72,1,6
BRDA:720,72,2,0
BRDA:723,73,0,6
BRDA:723,73,1,0
BRDA:726,74,0,6
BRDA:726,74,1,0
BRDA:729,75,0,6
BRDA:729,75,1,0
BRDA:732,76,0,6
BRDA:732,76,1,0
BRDA:735,77,0,6
BRDA:735,77,1,0
BRDA:738,78,0,6
BRDA:738,78,1,0
BRF:174
BRH:62
end_of_record
TN:
SF:src\components\WelcomePopup.tsx
FN:14,(anonymous_10)
FN:20,(anonymous_11)
FN:32,(anonymous_12)
FN:62,(anonymous_13)
FN:66,(anonymous_14)
FN:67,onKeyDown
FN:73,(anonymous_16)
FN:81,handleOverlayClick
FNF:8
FNH:7
FNDA:21,(anonymous_10)
FNDA:19,(anonymous_11)
FNDA:9,(anonymous_12)
FNDA:9,(anonymous_13)
FNDA:9,(anonymous_14)
FNDA:0,onKeyDown
FNDA:9,(anonymous_16)
FNDA:1,handleOverlayClick
DA:1,3
DA:2,3
DA:3,3
DA:4,3
DA:5,3
DA:7,3
DA:14,3
DA:15,21
DA:16,21
DA:17,21
DA:20,21
DA:21,19
DA:22,6
DA:31,21
DA:32,21
DA:33,9
DA:34,9
DA:39,21
DA:41,21
DA:62,21
DA:63,9
DA:66,21
DA:68,0
DA:70,9
DA:71,3
DA:73,9
DA:76,21
DA:77,14
DA:78,14
DA:82,1
DA:85,7
DA:128,3
DA:129,3
LF:33
LH:32
BRDA:21,0,0,6
BRDA:21,0,1,13
BRDA:33,1,0,9
BRDA:33,1,1,0
BRDA:39,2,0,0
BRDA:39,2,1,21
BRDA:68,3,0,0
BRDA:68,3,1,0
BRDA:70,4,0,3
BRDA:70,4,1,6
BRDA:76,5,0,14
BRDA:76,5,1,7
BRDA:82,6,0,0
BRDA:82,6,1,1
BRF:14
BRH:9
end_of_record
TN:
SF:src\components\ZustandDebug.tsx
FN:9,(anonymous_1)
FN:10,(anonymous_2)
FNF:2
FNH:2
FNDA:2,(anonymous_1)
FNDA:2,(anonymous_2)
DA:6,1
DA:7,1
DA:9,1
DA:10,2
DA:11,2
DA:18,1
LF:6
LH:6
BRDA:13,0,0,1
BRDA:13,0,1,1
BRF:2
BRH:2
end_of_record
TN:
SF:src\components\home\CategoryBar.tsx
FN:48,(anonymous_1)
FN:63,(anonymous_2)
FN:75,(anonymous_3)
FNF:3
FNH:3
FNDA:21,(anonymous_1)
FNDA:39,(anonymous_2)
FNDA:1,(anonymous_3)
DA:1,5
DA:2,5
DA:3,5
DA:48,5
DA:58,21
DA:60,20
DA:64,39
DA:65,39
DA:66,3
DA:68,36
DA:75,1
DA:106,5
LF:12
LH:12
BRDA:55,0,0,20
BRDA:58,1,0,1
BRDA:58,1,1,20
BRDA:63,2,0,20
BRDA:63,2,1,20
BRDA:65,3,0,3
BRDA:65,3,1,36
BRDA:71,4,0,1
BRDA:71,4,1,35
BRDA:77,5,0,1
BRDA:77,5,1,35
BRDA:78,6,0,1
BRDA:78,6,1,35
BRDA:79,7,0,1
BRDA:79,7,1,35
BRDA:83,8,0,1
BRDA:83,8,1,35
BRDA:89,9,0,1
BRDA:89,9,1,35
BRDA:90,10,0,1
BRDA:90,10,1,35
BRF:21
BRH:21
end_of_record
TN:
SF:src\components\home\SpecialButtons.tsx
FN:30,(anonymous_1)
FN:51,(anonymous_2)
FN:52,(anonymous_3)
FN:68,(anonymous_4)
FN:89,(anonymous_5)
FN:112,(anonymous_6)
FN:136,(anonymous_7)
FN:163,(anonymous_8)
FN:181,(anonymous_9)
FNF:9
FNH:6
FNDA:31,(anonymous_1)
FNDA:68,(anonymous_2)
FNDA:68,(anonymous_3)
FNDA:2,(anonymous_4)
FNDA:1,(anonymous_5)
FNDA:1,(anonymous_6)
FNDA:0,(anonymous_7)
FNDA:0,(anonymous_8)
FNDA:0,(anonymous_9)
DA:1,5
DA:2,5
DA:3,5
DA:4,5
DA:5,5
DA:30,5
DA:47,31
DA:49,31
DA:51,68
DA:52,68
DA:55,31
DA:57,31
DA:69,2
DA:70,2
DA:90,1
DA:91,1
DA:113,1
DA:114,1
DA:137,0
DA:138,0
DA:163,0
DA:181,0
DA:289,5
LF:23
LH:19
BRDA:55,0,0,31
BRDA:55,0,1,30
BRDA:58,1,0,1
BRDA:58,1,1,30
BRDA:60,2,0,31
BRDA:60,2,1,7
BRDA:63,3,0,0
BRDA:63,3,1,7
BRDA:64,4,0,0
BRDA:64,4,1,7
BRDA:69,5,0,0
BRDA:69,5,1,2
BRDA:70,6,0,1
BRDA:70,6,1,1
BRDA:78,7,0,0
BRDA:78,7,1,7
BRDA:81,8,0,5
BRDA:81,8,1,2
BRDA:84,9,0,0
BRDA:84,9,1,7
BRDA:85,10,0,0
BRDA:85,10,1,7
BRDA:90,11,0,0
BRDA:90,11,1,1
BRDA:91,12,0,0
BRDA:91,12,1,1
BRDA:99,13,0,0
BRDA:99,13,1,7
BRDA:102,14,0,5
BRDA:102,14,1,2
BRDA:105,15,0,7
BRDA:105,15,1,2
BRDA:107,16,0,1
BRDA:107,16,1,1
BRDA:108,17,0,1
BRDA:108,17,1,1
BRDA:114,18,0,0
BRDA:114,18,1,1
BRDA:122,19,0,1
BRDA:122,19,1,1
BRDA:125,20,0,2
BRDA:125,20,1,0
BRDA:129,21,0,7
BRDA:129,21,1,1
BRDA:129,22,0,7
BRDA:129,22,1,4
BRDA:131,23,0,0
BRDA:131,23,1,1
BRDA:132,24,0,0
BRDA:132,24,1,1
BRDA:137,25,0,0
BRDA:137,25,1,0
BRDA:138,26,0,0
BRDA:138,26,1,0
BRDA:146,27,0,0
BRDA:146,27,1,1
BRDA:149,28,0,1
BRDA:149,28,1,0
BRDA:155,29,0,31
BRDA:155,29,1,1
BRDA:158,30,0,0
BRDA:158,30,1,1
BRDA:159,31,0,0
BRDA:159,31,1,1
BRDA:163,32,0,0
BRDA:163,32,1,0
BRDA:170,33,0,0
BRDA:170,33,1,1
BRDA:173,34,0,1
BRDA:173,34,1,0
BRDA:176,35,0,0
BRDA:176,35,1,1
BRDA:177,36,0,0
BRDA:177,36,1,1
BRDA:181,37,0,0
BRDA:181,37,1,0
BRDA:188,38,0,0
BRDA:188,38,1,1
BRDA:191,39,0,1
BRDA:191,39,1,0
BRDA:195,40,0,31
BRDA:195,40,1,8
BRDA:197,41,0,2
BRDA:197,41,1,6
BRDA:198,42,0,2
BRDA:198,42,1,6
BRDA:212,43,0,2
BRDA:212,43,1,6
BRDA:215,44,0,8
BRDA:215,44,1,0
BRDA:219,45,0,31
BRDA:219,45,1,19
BRDA:219,45,2,19
BRDA:219,45,3,19
BRDA:221,46,0,2
BRDA:221,46,1,17
BRDA:222,47,0,2
BRDA:222,47,1,17
BRDA:230,48,0,2
BRDA:230,48,1,17
BRDA:233,49,0,2
BRDA:233,49,1,17
BRDA:236,50,0,17
BRDA:236,50,1,2
BRDA:240,51,0,31
BRDA:240,51,1,3
BRDA:240,51,2,2
BRDA:242,52,0,1
BRDA:242,52,1,1
BRDA:243,53,0,1
BRDA:243,53,1,1
BRDA:254,54,0,1
BRDA:254,54,1,1
BRDA:257,55,0,2
BRDA:257,55,1,0
BRDA:261,56,0,31
BRDA:261,56,1,3
BRDA:261,56,2,1
BRDA:263,57,0,0
BRDA:263,57,1,1
BRDA:264,58,0,0
BRDA:264,58,1,1
BRDA:275,59,0,0
BRDA:275,59,1,1
BRDA:278,60,0,1
BRDA:278,60,1,0
BRF:126
BRH:89
end_of_record
TN:
SF:src\components\home\SubcategoryBar.tsx
FN:58,(anonymous_1)
FN:82,(anonymous_2)
FN:83,(anonymous_3)
FN:99,(anonymous_4)
FN:125,(anonymous_5)
FN:128,(anonymous_6)
FN:132,(anonymous_7)
FN:145,(anonymous_8)
FNF:8
FNH:8
FNDA:24,(anonymous_1)
FNDA:6,(anonymous_2)
FNDA:12,(anonymous_3)
FNDA:1,(anonymous_4)
FNDA:4,(anonymous_5)
FNDA:1,(anonymous_6)
FNDA:3,(anonymous_7)
FNDA:2,(anonymous_8)
DA:1,5
DA:2,5
DA:3,5
DA:58,5
DA:74,24
DA:75,24
DA:77,10
DA:78,8
DA:82,6
DA:84,12
DA:85,12
DA:86,2
DA:90,10
DA:91,10
DA:99,1
DA:124,2
DA:125,2
DA:126,4
DA:128,2
DA:130,2
DA:133,3
DA:134,3
DA:135,0
DA:137,3
DA:145,2
DA:177,5
LF:26
LH:25
BRDA:69,0,0,23
BRDA:75,1,0,14
BRDA:75,1,1,10
BRDA:75,2,0,24
BRDA:75,2,1,23
BRDA:77,3,0,8
BRDA:77,3,1,2
BRDA:80,4,0,8
BRDA:80,4,1,8
BRDA:80,4,2,6
BRDA:82,5,0,6
BRDA:82,5,1,1
BRDA:82,6,0,6
BRDA:82,6,1,1
BRDA:85,7,0,2
BRDA:85,7,1,10
BRDA:86,8,0,2
BRDA:86,8,1,2
BRDA:94,9,0,4
BRDA:94,9,1,6
BRDA:101,10,0,4
BRDA:101,10,1,6
BRDA:102,11,0,4
BRDA:102,11,1,6
BRDA:103,12,0,4
BRDA:103,12,1,6
BRDA:103,13,0,4
BRDA:103,13,1,0
BRDA:107,14,0,4
BRDA:107,14,1,6
BRDA:111,15,0,4
BRDA:111,15,1,6
BRDA:93,16,0,10
BRDA:93,16,1,0
BRDA:125,17,0,2
BRDA:125,17,1,0
BRDA:126,18,0,4
BRDA:126,18,1,0
BRDA:128,19,0,1
BRDA:128,19,1,0
BRDA:134,20,0,0
BRDA:134,20,1,3
BRDA:140,21,0,0
BRDA:140,21,1,3
BRDA:147,22,0,0
BRDA:147,22,1,3
BRDA:148,23,0,0
BRDA:148,23,1,3
BRDA:149,24,0,0
BRDA:149,24,1,3
BRDA:153,25,0,0
BRDA:153,25,1,3
BRDA:167,26,0,1
BRDA:167,26,1,2
BRDA:169,27,0,2
BRDA:169,27,1,0
BRDA:139,28,0,3
BRDA:139,28,1,0
BRF:58
BRH:45
end_of_record
TN:
SF:src\components\shared\CategoryCustomIcons.ts
FNF:0
FNH:0
DA:6,11
DA:7,11
DA:9,11
LF:3
LH:3
BRF:0
BRH:0
end_of_record
TN:
SF:src\components\shared\CategorySpecificContent.tsx
FN:25,(anonymous_1)
FN:228,(anonymous_2)
FN:276,(anonymous_3)
FNF:3
FNH:3
FNDA:13,(anonymous_1)
FNDA:29,(anonymous_2)
FNDA:31,(anonymous_3)
DA:1,8
DA:2,8
DA:6,8
DA:15,8
DA:16,8
DA:25,8
DA:27,13
DA:28,2
DA:84,11
DA:85,2
DA:121,9
DA:122,2
DA:144,7
DA:145,1
DA:157,6
DA:158,2
DA:183,4
DA:184,2
DA:225,2
DA:228,8
DA:229,29
DA:230,29
DA:231,1
DA:232,1
DA:233,1
DA:234,1
DA:235,1
DA:236,1
DA:237,1
DA:239,29
DA:240,1
DA:241,1
DA:246,1
DA:248,1
DA:249,1
DA:251,29
DA:252,1
DA:253,1
DA:255,29
DA:256,1
DA:258,29
DA:259,23
DA:260,23
DA:264,29
DA:265,1
DA:266,1
DA:268,1
DA:271,1
DA:273,29
DA:274,22
DA:277,31
LF:51
LH:51
BRDA:27,0,0,2
BRDA:27,0,1,11
BRDA:30,1,0,2
BRDA:30,1,1,1
BRDA:34,2,0,1
BRDA:34,2,1,0
BRDA:38,3,0,2
BRDA:38,3,1,1
BRDA:42,4,0,1
BRDA:42,4,1,0
BRDA:46,5,0,2
BRDA:46,5,1,1
BRDA:50,6,0,1
BRDA:50,6,1,0
BRDA:50,7,0,1
BRDA:50,7,1,0
BRDA:54,8,0,2
BRDA:54,8,1,2
BRDA:58,9,0,0
BRDA:58,9,1,2
BRDA:58,10,0,2
BRDA:58,10,1,0
BRDA:60,11,0,2
BRDA:60,11,1,2
BRDA:65,12,0,2
BRDA:65,12,1,1
BRDA:68,13,0,1
BRDA:68,13,1,0
BRDA:72,14,0,2
BRDA:72,14,1,1
BRDA:76,15,0,1
BRDA:76,15,1,0
BRDA:84,16,0,2
BRDA:84,16,1,9
BRDA:87,17,0,2
BRDA:87,17,1,0
BRDA:87,17,2,2
BRDA:91,18,0,2
BRDA:91,18,1,0
BRDA:92,19,0,2
BRDA:92,19,1,0
BRDA:92,20,0,2
BRDA:92,20,1,2
BRDA:93,21,0,1
BRDA:93,21,1,1
BRDA:96,22,0,0
BRDA:96,22,1,0
BRDA:101,23,0,2
BRDA:101,23,1,1
BRDA:105,24,0,1
BRDA:105,24,1,0
BRDA:109,25,0,2
BRDA:109,25,1,1
BRDA:113,26,0,1
BRDA:113,26,1,0
BRDA:121,27,0,2
BRDA:121,27,1,7
BRDA:124,28,0,2
BRDA:124,28,1,1
BRDA:128,29,0,1
BRDA:128,29,1,0
BRDA:132,30,0,2
BRDA:132,30,1,2
BRDA:136,31,0,2
BRDA:136,31,1,0
BRDA:144,32,0,1
BRDA:144,32,1,6
BRDA:144,33,0,7
BRDA:144,33,1,1
BRDA:150,34,0,1
BRDA:150,34,1,0
BRDA:157,35,0,2
BRDA:157,35,1,4
BRDA:157,36,0,6
BRDA:157,36,1,3
BRDA:157,36,2,3
BRDA:157,36,3,1
BRDA:160,37,0,2
BRDA:160,37,1,1
BRDA:164,38,0,1
BRDA:164,38,1,0
BRDA:168,39,0,2
BRDA:168,39,1,2
BRDA:172,40,0,1
BRDA:172,40,1,1
BRDA:172,41,0,2
BRDA:172,41,1,1
BRDA:174,42,0,1
BRDA:174,42,1,1
BRDA:183,43,0,2
BRDA:183,43,1,2
BRDA:183,44,0,4
BRDA:183,44,1,2
BRDA:183,44,2,0
BRDA:186,45,0,2
BRDA:186,45,1,2
BRDA:190,46,0,2
BRDA:190,46,1,0
BRDA:194,47,0,2
BRDA:194,47,1,2
BRDA:198,48,0,2
BRDA:198,48,1,0
BRDA:202,49,0,2
BRDA:202,49,1,2
BRDA:206,50,0,0
BRDA:206,50,1,2
BRDA:206,51,0,2
BRDA:206,51,1,0
BRDA:208,52,0,2
BRDA:208,52,1,1
BRDA:213,53,0,2
BRDA:213,53,1,2
BRDA:217,54,0,2
BRDA:217,54,1,1
BRDA:230,55,0,1
BRDA:230,55,1,28
BRDA:231,56,0,1
BRDA:231,56,1,0
BRDA:231,57,0,1
BRDA:231,57,1,0
BRDA:232,58,0,1
BRDA:232,58,1,0
BRDA:232,59,0,1
BRDA:232,59,1,0
BRDA:233,60,0,1
BRDA:233,60,1,0
BRDA:233,61,0,1
BRDA:233,61,1,0
BRDA:233,62,0,1
BRDA:233,62,1,0
BRDA:234,63,0,1
BRDA:234,63,1,0
BRDA:234,64,0,1
BRDA:234,64,1,0
BRDA:235,65,0,1
BRDA:235,65,1,0
BRDA:235,66,0,1
BRDA:235,66,1,0
BRDA:236,67,0,1
BRDA:236,67,1,0
BRDA:236,68,0,1
BRDA:236,68,1,0
BRDA:237,69,0,1
BRDA:237,69,1,0
BRDA:237,70,0,1
BRDA:237,70,1,0
BRDA:239,71,0,1
BRDA:239,71,1,28
BRDA:240,72,0,1
BRDA:240,72,1,0
BRDA:240,73,0,1
BRDA:240,73,1,0
BRDA:241,74,0,1
BRDA:241,74,1,0
BRDA:241,75,0,1
BRDA:241,75,1,1
BRDA:242,76,0,1
BRDA:242,76,1,0
BRDA:245,77,0,0
BRDA:245,77,1,0
BRDA:246,78,0,1
BRDA:246,78,1,0
BRDA:248,79,0,0
BRDA:248,79,1,1
BRDA:248,80,0,0
BRDA:248,80,1,0
BRDA:249,81,0,0
BRDA:249,81,1,1
BRDA:249,82,0,0
BRDA:249,82,1,0
BRDA:251,83,0,1
BRDA:251,83,1,28
BRDA:252,84,0,0
BRDA:252,84,1,1
BRDA:252,85,0,0
BRDA:252,85,1,0
BRDA:253,86,0,1
BRDA:253,86,1,0
BRDA:253,87,0,1
BRDA:253,87,1,0
BRDA:255,88,0,1
BRDA:255,88,1,28
BRDA:255,89,0,29
BRDA:255,89,1,1
BRDA:256,90,0,1
BRDA:256,90,1,0
BRDA:258,91,0,23
BRDA:258,91,1,6
BRDA:258,92,0,29
BRDA:258,92,1,6
BRDA:259,93,0,0
BRDA:259,93,1,23
BRDA:259,94,0,0
BRDA:259,94,1,0
BRDA:260,95,0,17
BRDA:260,95,1,6
BRDA:260,96,0,10
BRDA:260,96,1,7
BRDA:260,97,0,17
BRDA:260,97,1,10
BRDA:262,98,0,7
BRDA:262,98,1,7
BRDA:264,99,0,1
BRDA:264,99,1,28
BRDA:265,100,0,1
BRDA:265,100,1,0
BRDA:265,101,0,1
BRDA:265,101,1,0
BRDA:266,102,0,1
BRDA:266,102,1,0
BRDA:266,103,0,1
BRDA:266,103,1,0
BRDA:268,104,0,1
BRDA:268,104,1,0
BRDA:268,105,0,0
BRDA:268,105,1,1
BRDA:268,106,0,1
BRDA:268,106,1,0
BRDA:270,107,0,1
BRDA:270,107,1,0
BRDA:271,108,0,1
BRDA:271,108,1,0
BRDA:271,109,0,1
BRDA:271,109,1,0
BRDA:273,110,0,7
BRDA:273,110,1,22
BRF:226
BRH:155
end_of_record
TN:
SF:src\components\shared\DesktopItemDetail.tsx
FN:40,(anonymous_1)
FN:46,(anonymous_2)
FN:47,(anonymous_3)
FN:142,(anonymous_4)
FN:147,(anonymous_5)
FN:196,(anonymous_6)
FNF:6
FNH:3
FNDA:18,(anonymous_1)
FNDA:7,(anonymous_2)
FNDA:0,(anonymous_3)
FNDA:0,(anonymous_4)
FNDA:0,(anonymous_5)
FNDA:7,(anonymous_6)
DA:1,2
DA:3,2
DA:4,2
DA:5,2
DA:6,2
DA:7,2
DA:8,2
DA:40,2
DA:46,7
DA:47,0
DA:69,18
DA:71,17
DA:143,0
DA:144,0
DA:145,0
DA:148,0
DA:149,0
DA:150,0
DA:197,7
DA:198,7
DA:200,0
DA:201,0
DA:203,7
DA:262,2
LF:24
LH:15
BRDA:46,0,0,8
BRDA:47,1,0,8
BRDA:59,2,0,16
BRDA:60,3,0,18
BRDA:61,4,0,18
BRDA:62,5,0,18
BRDA:69,6,0,1
BRDA:69,6,1,17
BRDA:74,7,0,17
BRDA:74,7,1,16
BRDA:74,7,2,1
BRDA:101,8,0,9
BRDA:101,8,1,8
BRDA:115,9,0,17
BRDA:115,9,1,9
BRDA:118,10,0,9
BRDA:118,10,1,0
BRDA:119,11,0,9
BRDA:119,11,1,0
BRDA:128,12,0,17
BRDA:128,12,1,16
BRDA:128,13,0,1
BRDA:128,13,1,15
BRDA:159,14,0,17
BRDA:159,14,1,1
BRDA:162,15,0,17
BRDA:162,15,1,16
BRDA:169,16,0,17
BRDA:169,16,1,16
BRDA:170,17,0,1
BRDA:170,17,1,15
BRDA:184,18,0,15
BRDA:184,18,1,7
BRDA:184,19,0,0
BRDA:184,19,1,7
BRDA:198,20,0,0
BRDA:198,20,1,7
BRDA:198,21,0,7
BRDA:198,21,1,0
BRDA:211,22,0,0
BRDA:211,22,1,17
BRDA:222,23,0,17
BRDA:222,23,1,16
BRDA:223,24,0,1
BRDA:223,24,1,15
BRDA:237,25,0,17
BRDA:237,25,1,16
BRDA:237,26,0,1
BRDA:237,26,1,15
BRDA:239,27,0,0
BRDA:239,27,1,15
BRDA:254,28,0,17
BRDA:254,28,1,16
BRDA:254,28,2,1
BRF:54
BRH:47
end_of_record
TN:
SF:src\components\shared\ItemActionButtons.tsx
FN:19,(anonymous_1)
FN:23,(anonymous_2)
FN:28,(anonymous_3)
FN:157,(anonymous_4)
FN:174,(anonymous_5)
FN:302,(anonymous_6)
FNF:6
FNH:3
FNDA:0,(anonymous_1)
FNDA:0,(anonymous_2)
FNDA:42,(anonymous_3)
FNDA:3,(anonymous_4)
FNDA:20,(anonymous_5)
FNDA:0,(anonymous_6)
DA:1,11
DA:2,11
DA:3,11
DA:5,11
DA:6,11
DA:19,11
DA:20,0
DA:21,0
DA:23,0
DA:24,0
DA:28,11
DA:29,42
DA:30,42
DA:31,42
DA:53,42
DA:54,42
DA:55,5
DA:74,42
DA:75,5
DA:94,42
DA:95,1
DA:112,42
DA:113,12
DA:130,42
DA:131,1
DA:150,42
DA:151,34
DA:158,3
DA:159,2
DA:161,1
DA:171,42
DA:174,11
DA:175,20
DA:176,20
DA:177,20
DA:197,20
DA:198,20
DA:199,0
DA:218,20
DA:219,0
DA:238,20
DA:239,0
DA:256,20
DA:257,7
DA:274,20
DA:275,0
DA:294,20
DA:295,20
DA:303,0
DA:304,0
DA:306,0
DA:316,20
LF:52
LH:41
BRDA:20,0,0,0
BRDA:20,0,1,0
BRDA:54,1,0,5
BRDA:54,1,1,37
BRDA:54,2,0,42
BRDA:54,2,1,5
BRDA:69,3,0,5
BRDA:69,3,1,0
BRDA:74,4,0,5
BRDA:74,4,1,37
BRDA:74,5,0,42
BRDA:74,5,1,5
BRDA:89,6,0,5
BRDA:89,6,1,0
BRDA:94,7,0,1
BRDA:94,7,1,41
BRDA:94,8,0,42
BRDA:94,8,1,1
BRDA:107,9,0,1
BRDA:107,9,1,0
BRDA:112,10,0,12
BRDA:112,10,1,30
BRDA:125,11,0,12
BRDA:125,11,1,0
BRDA:130,12,0,1
BRDA:130,12,1,41
BRDA:130,13,0,42
BRDA:130,13,1,1
BRDA:150,14,0,34
BRDA:150,14,1,8
BRDA:150,15,0,42
BRDA:150,15,1,9
BRDA:158,16,0,2
BRDA:158,16,1,1
BRDA:166,17,0,34
BRDA:166,17,1,14
BRDA:166,18,0,0
BRDA:166,18,1,14
BRDA:198,19,0,0
BRDA:198,19,1,20
BRDA:198,20,0,20
BRDA:198,20,1,0
BRDA:213,21,0,0
BRDA:213,21,1,0
BRDA:218,22,0,0
BRDA:218,22,1,20
BRDA:218,23,0,20
BRDA:218,23,1,0
BRDA:233,24,0,0
BRDA:233,24,1,0
BRDA:238,25,0,0
BRDA:238,25,1,20
BRDA:238,26,0,20
BRDA:238,26,1,0
BRDA:251,27,0,0
BRDA:251,27,1,0
BRDA:256,28,0,7
BRDA:256,28,1,13
BRDA:269,29,0,7
BRDA:269,29,1,7
BRDA:269,29,2,7
BRDA:269,30,0,0
BRDA:269,30,1,7
BRDA:274,31,0,0
BRDA:274,31,1,20
BRDA:274,32,0,20
BRDA:274,32,1,0
BRDA:294,33,0,20
BRDA:294,33,1,0
BRDA:294,34,0,20
BRDA:294,34,1,0
BRDA:303,35,0,0
BRDA:303,35,1,0
BRDA:311,36,0,20
BRDA:311,36,1,19
BRDA:311,37,0,0
BRDA:311,37,1,19
BRF:77
BRH:50
end_of_record
TN:
SF:src\components\shared\MasterpieceBadge.tsx
FN:27,(anonymous_1)
FNF:1
FNH:1
FNDA:27,(anonymous_1)
DA:1,10
DA:2,10
DA:27,10
DA:34,27
DA:64,10
LF:5
LH:5
BRDA:28,0,0,17
BRDA:29,1,0,18
BRDA:30,2,0,12
BRDA:31,3,0,18
BRDA:32,4,0,3
BRDA:37,5,0,18
BRDA:37,5,1,9
BRDA:38,6,0,18
BRDA:38,6,1,9
BRDA:39,7,0,18
BRDA:39,7,1,9
BRF:11
BRH:11
end_of_record
TN:
SF:src\components\shared\MobileItemDetail.tsx
FN:47,(anonymous_1)
FN:82,(anonymous_2)
FN:84,(anonymous_3)
FN:87,(anonymous_4)
FN:98,(anonymous_5)
FN:113,(anonymous_6)
FN:158,(anonymous_7)
FN:166,(anonymous_8)
FN:292,(anonymous_9)
FN:293,(anonymous_10)
FNF:10
FNH:5
FNDA:25,(anonymous_1)
FNDA:25,(anonymous_2)
FNDA:0,(anonymous_3)
FNDA:0,(anonymous_4)
FNDA:0,(anonymous_5)
FNDA:3,(anonymous_6)
FNDA:1,(anonymous_7)
FNDA:0,(anonymous_8)
FNDA:0,(anonymous_9)
FNDA:1,(anonymous_10)
DA:1,7
DA:2,7
DA:3,7
DA:4,7
DA:5,7
DA:7,7
DA:8,7
DA:9,7
DA:10,7
DA:47,7
DA:80,25
DA:82,25
DA:83,25
DA:84,0
DA:85,0
DA:87,0
DA:91,25
DA:92,25
DA:93,25
DA:95,25
DA:96,25
DA:98,24
DA:99,0
DA:100,0
DA:101,0
DA:102,0
DA:103,0
DA:104,0
DA:105,0
DA:106,0
DA:107,0
DA:108,0
DA:109,0
DA:113,24
DA:114,3
DA:115,1
DA:116,2
DA:117,2
DA:119,0
DA:120,0
DA:121,0
DA:122,0
DA:123,0
DA:126,0
DA:127,0
DA:134,24
DA:158,24
DA:159,1
DA:160,1
DA:161,1
DA:162,0
DA:163,0
DA:168,1
DA:169,1
DA:170,1
DA:176,24
DA:185,24
DA:208,24
DA:292,0
DA:293,1
DA:387,7
LF:61
LH:37
BRDA:70,0,0,23
BRDA:71,1,0,25
BRDA:72,2,0,25
BRDA:73,3,0,25
BRDA:76,4,0,24
BRDA:83,5,0,0
BRDA:83,5,1,25
BRDA:95,6,0,25
BRDA:95,6,1,1
BRDA:96,7,0,1
BRDA:96,7,1,24
BRDA:99,8,0,0
BRDA:99,8,1,0
BRDA:99,8,2,0
BRDA:99,8,3,0
BRDA:99,8,4,0
BRDA:99,8,5,0
BRDA:99,8,6,0
BRDA:99,8,7,0
BRDA:99,8,8,0
BRDA:99,8,9,0
BRDA:114,9,0,1
BRDA:114,9,1,2
BRDA:116,10,0,2
BRDA:116,10,1,0
BRDA:120,11,0,0
BRDA:120,11,1,0
BRDA:120,12,0,0
BRDA:120,12,1,0
BRDA:122,13,0,0
BRDA:122,13,1,0
BRDA:122,14,0,0
BRDA:122,14,1,0
BRDA:126,15,0,0
BRDA:126,15,1,0
BRDA:126,16,0,0
BRDA:126,16,1,0
BRDA:134,17,0,24
BRDA:134,17,1,23
BRDA:159,18,0,1
BRDA:159,18,1,0
BRDA:161,19,0,0
BRDA:161,19,1,1
BRDA:161,20,0,1
BRDA:161,20,1,1
BRDA:162,21,0,0
BRDA:162,21,1,0
BRDA:168,22,0,1
BRDA:168,22,1,0
BRDA:168,23,0,1
BRDA:168,23,1,1
BRDA:228,24,0,24
BRDA:228,24,1,0
BRDA:259,25,0,0
BRDA:259,25,1,24
BRDA:261,26,0,0
BRDA:261,26,1,24
BRDA:262,27,0,0
BRDA:262,27,1,24
BRDA:263,28,0,0
BRDA:263,28,1,24
BRDA:264,29,0,15
BRDA:264,29,1,9
BRDA:265,30,0,15
BRDA:265,30,1,9
BRDA:268,31,0,24
BRDA:268,31,1,0
BRDA:278,32,0,1
BRDA:278,32,1,23
BRDA:279,33,0,24
BRDA:279,33,1,23
BRDA:279,34,0,1
BRDA:279,34,1,22
BRDA:292,35,0,0
BRDA:292,35,1,0
BRDA:293,36,0,1
BRDA:293,36,1,1
BRDA:298,37,0,24
BRDA:298,37,1,23
BRDA:299,38,0,1
BRDA:299,38,1,22
BRDA:302,39,0,15
BRDA:302,39,1,7
BRDA:311,40,0,24
BRDA:311,40,1,23
BRDA:311,40,2,14
BRDA:312,41,0,1
BRDA:312,41,1,13
BRDA:315,42,0,13
BRDA:315,42,1,0
BRDA:324,43,0,24
BRDA:324,43,1,15
BRDA:331,44,0,24
BRDA:331,44,1,23
BRDA:333,45,0,23
BRDA:333,45,1,23
BRDA:334,46,0,23
BRDA:334,46,1,23
BRDA:334,46,2,21
BRDA:341,47,0,24
BRDA:341,47,1,23
BRDA:342,48,0,1
BRDA:342,48,1,22
BRDA:343,49,0,1
BRDA:343,49,1,1
BRDA:344,50,0,22
BRDA:344,50,1,22
BRDA:346,51,0,24
BRDA:346,51,1,1
BRDA:347,52,0,24
BRDA:347,52,1,23
BRDA:348,53,0,1
BRDA:348,53,1,22
BRDA:355,54,0,0
BRDA:355,54,1,24
BRDA:380,55,0,24
BRDA:380,55,1,23
BRDA:380,55,2,1
BRF:118
BRH:79
end_of_record
TN:
SF:src\components\ui\Alert.tsx
FN:90,Alert
FNF:1
FNH:1
FNDA:5,Alert
DA:1,1
DA:2,1
DA:4,1
DA:15,1
DA:90,1
DA:102,5
DA:104,4
LF:7
LH:7
BRDA:91,0,0,4
BRDA:97,1,0,5
BRDA:98,2,0,5
BRDA:99,3,0,4
BRDA:102,4,0,1
BRDA:102,4,1,4
BRDA:106,5,0,4
BRDA:106,5,1,0
BRDA:110,6,0,4
BRDA:110,6,1,1
BRDA:112,7,0,4
BRDA:112,7,1,1
BRDA:115,8,0,4
BRDA:115,8,1,1
BRDA:116,9,0,4
BRDA:116,9,1,1
BRF:16
BRH:15
end_of_record
TN:
SF:src\components\ui\Button.tsx
FN:56,Button
FNF:1
FNH:1
FNDA:4,Button
DA:2,1
DA:3,1
DA:5,1
DA:18,1
DA:33,1
DA:56,1
DA:62,4
LF:7
LH:7
BRDA:57,0,0,3
BRDA:66,1,0,4
BRDA:66,1,1,0
BRDA:67,2,0,4
BRDA:67,2,1,1
BRF:5
BRH:4
end_of_record
TN:
SF:src\components\ui\Card.tsx
FN:36,Card
FNF:1
FNH:1
FNDA:2,Card
DA:2,1
DA:3,1
DA:5,1
DA:36,1
DA:37,2
LF:5
LH:5
BRF:0
BRH:0
end_of_record
TN:
SF:src\components\ui\Chip.tsx
FN:29,Chip
FNF:1
FNH:1
FNDA:6,Chip
DA:1,1
DA:2,1
DA:29,1
DA:39,6
LF:4
LH:4
BRDA:33,0,0,5
BRDA:34,1,0,6
BRDA:36,2,0,5
BRDA:46,3,0,1
BRDA:46,3,1,5
BRDA:46,4,0,1
BRDA:46,4,1,4
BRDA:47,5,0,1
BRDA:47,5,1,5
BRDA:51,6,0,1
BRDA:51,6,1,5
BRDA:53,7,0,1
BRDA:53,7,1,4
BRDA:56,8,0,1
BRDA:56,8,1,5
BRDA:57,9,0,1
BRDA:57,9,1,5
BRDA:64,10,0,1
BRDA:64,10,1,5
BRDA:78,11,0,5
BRDA:78,11,1,1
BRF:21
BRH:21
end_of_record
TN:
SF:src\components\ui\FabBackButton.tsx
FN:40,(anonymous_1)
FNF:1
FNH:1
FNDA:5,(anonymous_1)
DA:1,1
DA:2,1
DA:3,1
DA:4,1
DA:40,1
DA:50,5
DA:52,5
DA:54,4
DA:81,1
LF:9
LH:9
BRDA:42,0,0,5
BRDA:43,1,0,5
BRDA:44,2,0,5
BRDA:46,3,0,4
BRDA:47,4,0,4
BRDA:52,5,0,1
BRDA:52,5,1,4
BRDA:76,6,0,4
BRDA:76,6,1,3
BRF:9
BRH:9
end_of_record
TN:
SF:src\components\ui\LanguageSelector.tsx
FN:48,(anonymous_1)
FN:71,(anonymous_2)
FN:77,(anonymous_3)
FN:96,(anonymous_4)
FN:101,(anonymous_5)
FNF:5
FNH:4
FNDA:47,(anonymous_1)
FNDA:4,(anonymous_2)
FNDA:1,(anonymous_3)
FNDA:0,(anonymous_4)
FNDA:90,(anonymous_5)
DA:1,6
DA:2,6
DA:3,6
DA:4,6
DA:48,6
DA:64,47
DA:65,47
DA:66,47
DA:68,47
DA:69,2
DA:72,4
DA:77,1
DA:92,45
DA:96,0
DA:102,90
DA:114,6
LF:16
LH:15
BRDA:49,0,0,43
BRDA:55,1,0,2
BRDA:56,2,0,4
BRDA:57,3,0,47
BRDA:58,4,0,46
BRDA:59,5,0,45
BRDA:60,6,0,47
BRDA:61,7,0,47
BRDA:64,8,0,47
BRDA:64,8,1,0
BRDA:65,9,0,47
BRDA:65,9,1,43
BRDA:66,10,0,47
BRDA:66,10,1,45
BRDA:68,11,0,2
BRDA:68,11,1,45
BRDA:74,12,0,2
BRDA:74,12,1,2
BRDA:81,13,0,0
BRDA:81,13,1,4
BRDA:81,14,0,4
BRDA:81,14,1,0
BRDA:82,15,0,0
BRDA:82,15,1,0
BRDA:84,16,0,4
BRDA:84,16,1,0
BRDA:84,17,0,4
BRDA:84,17,1,0
BRDA:103,18,0,2
BRDA:103,18,1,88
BRDA:103,19,0,90
BRDA:103,19,1,2
BRDA:104,20,0,2
BRDA:104,20,1,0
BRDA:106,21,0,90
BRDA:106,21,1,0
BRDA:106,22,0,90
BRDA:106,22,1,0
BRF:38
BRH:28
end_of_record
TN:
SF:src\components\ui\MaterialCategoryButtons.tsx
FN:45,(anonymous_1)
FN:60,(anonymous_2)
FN:69,(anonymous_3)
FNF:3
FNH:1
FNDA:1,(anonymous_1)
FNDA:0,(anonymous_2)
FNDA:0,(anonymous_3)
DA:1,1
DA:2,1
DA:45,1
DA:56,1
DA:58,1
DA:61,0
DA:69,0
DA:80,1
LF:8
LH:6
BRDA:46,0,0,0
BRDA:50,1,0,1
BRDA:51,2,0,1
BRDA:52,3,0,1
BRDA:53,4,0,1
BRDA:56,5,0,0
BRDA:56,5,1,1
BRDA:61,6,0,0
BRDA:61,6,1,0
BRDA:66,7,0,0
BRDA:66,7,1,0
BRDA:66,8,0,0
BRDA:66,8,1,0
BRDA:67,9,0,0
BRDA:67,9,1,0
BRDA:68,10,0,0
BRDA:68,10,1,0
BRDA:69,11,0,0
BRDA:69,11,1,0
BRF:19
BRH:5
end_of_record
TN:
SF:src\components\ui\MaterialSubcategoryChips.tsx
FN:45,(anonymous_1)
FN:60,(anonymous_2)
FN:70,(anonymous_3)
FNF:3
FNH:1
FNDA:1,(anonymous_1)
FNDA:0,(anonymous_2)
FNDA:0,(anonymous_3)
DA:1,7
DA:2,7
DA:45,7
DA:56,1
DA:58,1
DA:61,0
DA:70,0
DA:79,7
LF:8
LH:6
BRDA:46,0,0,0
BRDA:50,1,0,1
BRDA:51,2,0,1
BRDA:52,3,0,1
BRDA:53,4,0,1
BRDA:56,5,0,0
BRDA:56,5,1,1
BRDA:61,6,0,0
BRDA:61,6,1,0
BRDA:67,7,0,0
BRDA:67,7,1,0
BRDA:67,8,0,0
BRDA:67,8,1,0
BRDA:67,8,2,0
BRDA:68,9,0,0
BRDA:68,9,1,0
BRDA:69,10,0,0
BRDA:69,10,1,0
BRDA:70,11,0,0
BRDA:70,11,1,0
BRF:20
BRH:5
end_of_record
TN:
SF:src\components\ui\Modal.tsx
FN:30,Modal
FN:72,(anonymous_2)
FNF:2
FNH:1
FNDA:4,Modal
FNDA:0,(anonymous_2)
DA:1,1
DA:2,1
DA:30,1
DA:43,4
DA:45,3
DA:72,0
LF:6
LH:5
BRDA:36,0,0,4
BRDA:37,1,0,4
BRDA:38,2,0,4
BRDA:39,3,0,3
BRDA:43,4,0,1
BRDA:43,4,1,3
BRDA:57,5,0,3
BRDA:57,5,1,3
BRDA:75,6,0,3
BRDA:75,6,1,1
BRDA:77,7,0,3
BRDA:77,7,1,1
BRF:12
BRH:12
end_of_record
TN:
SF:src\components\ui\ThemeToggle.tsx
FN:45,(anonymous_1)
FN:61,(anonymous_2)
FNF:2
FNH:2
FNDA:15,(anonymous_1)
FNDA:2,(anonymous_2)
DA:1,1
DA:2,1
DA:3,1
DA:4,1
DA:5,1
DA:45,1
DA:58,15
DA:59,15
DA:61,15
DA:62,2
DA:63,2
DA:67,15
DA:72,15
DA:79,15
DA:124,15
DA:131,1
LF:16
LH:16
BRDA:46,0,0,15
BRDA:47,1,0,13
BRDA:50,2,0,15
BRDA:51,3,0,15
BRDA:54,4,0,15
BRDA:55,5,0,15
BRDA:63,6,0,1
BRDA:63,6,1,1
BRDA:63,7,0,0
BRDA:63,7,1,1
BRDA:85,8,0,15
BRDA:85,8,1,13
BRDA:85,9,0,4
BRDA:85,9,1,9
BRDA:111,10,0,6
BRDA:111,10,1,9
BRDA:112,11,0,6
BRDA:112,11,1,6
BRDA:113,12,0,9
BRDA:113,12,1,7
BRDA:114,13,0,15
BRDA:114,13,1,2
BRDA:116,14,0,0
BRDA:116,14,1,2
BRDA:124,15,0,2
BRDA:124,15,1,13
BRF:26
BRH:24
end_of_record
TN:
SF:src\components\ui\UiButton.tsx
FN:76,(anonymous_1)
FNF:1
FNH:1
FNDA:206,(anonymous_1)
DA:1,18
DA:2,18
DA:27,18
DA:70,18
DA:76,18
DA:86,206
DA:111,18
LF:7
LH:7
BRDA:78,0,0,3
BRDA:79,1,0,15
BRDA:80,2,0,88
BRDA:82,3,0,3
BRDA:83,4,0,93
BRF:5
BRH:5
end_of_record
TN:
SF:src\components\ui\UiCard.tsx
FN:71,(anonymous_1)
FNF:1
FNH:1
FNDA:76,(anonymous_1)
DA:1,13
DA:2,13
DA:71,13
DA:91,76
DA:93,76
DA:95,76
DA:96,49
DA:97,49
DA:98,34
DA:99,34
DA:101,15
DA:105,76
DA:106,0
DA:107,0
DA:110,76
DA:131,13
LF:16
LH:14
BRDA:73,0,0,52
BRDA:74,1,0,76
BRDA:76,2,0,3
BRDA:77,3,0,27
BRDA:78,4,0,51
BRDA:80,5,0,76
BRDA:82,6,0,76
BRDA:84,7,0,76
BRDA:86,8,0,76
BRDA:87,9,0,76
BRDA:93,10,0,1
BRDA:93,10,1,75
BRDA:95,11,0,49
BRDA:95,11,1,27
BRDA:95,12,0,76
BRDA:95,12,1,76
BRDA:95,12,2,76
BRDA:97,13,0,34
BRDA:97,13,1,15
BRDA:97,14,0,49
BRDA:97,14,1,49
BRDA:105,15,0,0
BRDA:105,15,1,76
BRDA:105,16,0,76
BRDA:105,16,1,76
BRDA:105,16,2,0
BRDA:105,16,3,0
BRDA:113,17,0,76
BRDA:113,17,1,0
BRDA:120,18,0,76
BRDA:120,18,1,1
BRDA:121,19,0,76
BRDA:121,19,1,1
BRDA:125,20,0,76
BRDA:125,20,1,1
BRDA:126,21,0,76
BRDA:126,21,1,1
BRF:37
BRH:33
end_of_record
TN:
SF:src\components\ui\UiLayout.tsx
FN:32,(anonymous_1)
FNF:1
FNH:1
FNDA:24,(anonymous_1)
DA:1,5
DA:2,5
DA:32,5
DA:40,24
DA:42,24
DA:62,5
LF:6
LH:6
BRDA:34,0,0,23
BRDA:35,1,0,23
BRDA:36,2,0,23
BRDA:40,3,0,24
BRDA:40,3,1,24
BRDA:46,4,0,0
BRDA:46,4,1,24
BRF:7
BRH:6
end_of_record
TN:
SF:src\components\ui\index.ts
FN:8,(anonymous_1)
FN:9,(anonymous_2)
FN:10,(anonymous_3)
FN:11,(anonymous_4)
FN:12,(anonymous_5)
FN:13,(anonymous_6)
FN:14,(anonymous_7)
FN:15,(anonymous_8)
FN:16,(anonymous_9)
FN:17,(anonymous_10)
FN:18,(anonymous_11)
FNF:11
FNH:0
FNDA:0,(anonymous_1)
FNDA:0,(anonymous_2)
FNDA:0,(anonymous_3)
FNDA:0,(anonymous_4)
FNDA:0,(anonymous_5)
FNDA:0,(anonymous_6)
FNDA:0,(anonymous_7)
FNDA:0,(anonymous_8)
FNDA:0,(anonymous_9)
FNDA:0,(anonymous_10)
FNDA:0,(anonymous_11)
DA:8,0
DA:9,0
DA:10,0
DA:11,0
DA:12,0
DA:13,0
DA:14,0
DA:15,0
DA:16,0
DA:17,0
DA:18,0
LF:11
LH:0
BRF:0
BRH:0
end_of_record
TN:
SF:src\hooks\useAppTranslations.ts
FN:37,(anonymous_0)
FN:43,(anonymous_1)
FN:50,(anonymous_2)
FN:57,(anonymous_3)
FN:70,(anonymous_4)
FN:80,(anonymous_5)
FN:96,(anonymous_6)
FNF:7
FNH:1
FNDA:3,(anonymous_0)
FNDA:0,(anonymous_1)
FNDA:0,(anonymous_2)
FNDA:0,(anonymous_3)
FNDA:0,(anonymous_4)
FNDA:0,(anonymous_5)
FNDA:0,(anonymous_6)
DA:1,1
DA:37,1
DA:38,3
DA:43,3
DA:44,0
DA:50,3
DA:51,0
DA:57,3
DA:58,0
DA:70,3
DA:71,0
DA:80,3
DA:81,0
DA:96,3
DA:98,0
DA:99,0
DA:101,0
DA:104,3
DA:123,1
LF:19
LH:11
BRDA:98,0,0,0
BRDA:98,0,1,0
BRDA:98,1,0,0
BRDA:98,1,1,0
BRF:4
BRH:0
end_of_record
TN:
SF:src\hooks\useBackNavigation.ts
FN:22,useBackNavigation
FN:30,(anonymous_1)
FN:38,(anonymous_2)
FN:59,(anonymous_3)
FN:75,(anonymous_4)
FN:75,(anonymous_5)
FNF:6
FNH:6
FNDA:25,useBackNavigation
FNDA:4,(anonymous_1)
FNDA:4,(anonymous_2)
FNDA:1,(anonymous_3)
FNDA:12,(anonymous_4)
FNDA:12,(anonymous_5)
DA:1,4
DA:2,4
DA:3,4
DA:22,4
DA:23,25
DA:24,25
DA:25,25
DA:26,25
DA:27,25
DA:30,25
DA:31,4
DA:32,3
DA:33,2
DA:34,1
DA:38,25
DA:39,4
DA:40,4
DA:43,4
DA:44,2
DA:45,2
DA:46,2
DA:49,2
DA:50,0
DA:51,0
DA:53,2
DA:54,2
DA:55,1
DA:56,1
DA:57,1
DA:59,1
DA:60,1
DA:61,1
DA:62,1
DA:64,1
DA:67,1
DA:68,1
DA:69,1
DA:75,25
DA:77,25
LF:39
LH:37
BRDA:31,0,0,1
BRDA:31,0,1,3
BRDA:31,1,0,4
BRDA:31,1,1,3
BRDA:32,2,0,1
BRDA:32,2,1,2
BRDA:32,3,0,3
BRDA:32,3,1,2
BRDA:33,4,0,1
BRDA:33,4,1,1
BRDA:33,5,0,2
BRDA:33,5,1,1
BRDA:43,6,0,2
BRDA:43,6,1,2
BRDA:43,7,0,4
BRDA:43,7,1,3
BRDA:49,8,0,0
BRDA:49,8,1,2
BRDA:54,9,0,1
BRDA:54,9,1,1
BRDA:56,10,0,1
BRDA:56,10,1,0
BRDA:75,11,0,1
BRDA:75,11,1,11
BRF:24
BRH:22
end_of_record
TN:
SF:src\hooks\useFilteredItems.ts
FN:26,useFilteredItems
FN:30,(anonymous_1)
FNF:2
FNH:2
FNDA:2,useFilteredItems
FNDA:1,(anonymous_1)
DA:7,1
DA:8,1
DA:26,1
DA:27,2
DA:28,2
DA:30,2
DA:32,1
DA:33,1
DA:34,1
DA:35,0
DA:51,2
LF:11
LH:10
BRDA:32,0,0,1
BRDA:32,0,1,0
BRDA:34,1,0,0
BRDA:34,1,1,1
BRF:4
BRH:2
end_of_record
TN:
SF:src\hooks\useFramerAnimation.ts
FN:24,(anonymous_0)
FN:25,(anonymous_1)
FN:81,(anonymous_2)
FN:88,(anonymous_3)
FN:95,(anonymous_4)
FNF:5
FNH:2
FNDA:1,(anonymous_0)
FNDA:1,(anonymous_1)
FNDA:0,(anonymous_2)
FNDA:0,(anonymous_3)
FNDA:0,(anonymous_4)
DA:1,1
DA:24,1
DA:25,1
DA:26,1
DA:37,1
DA:39,1
DA:41,0
DA:51,0
DA:61,0
DA:71,0
DA:75,1
DA:81,1
DA:82,0
DA:88,1
DA:89,0
DA:95,1
DA:96,0
LF:17
LH:10
BRDA:24,0,0,1
BRDA:24,1,0,1
BRDA:37,2,0,1
BRDA:37,2,1,0
BRDA:37,2,2,0
BRDA:37,2,3,0
BRDA:37,2,4,0
BRDA:81,3,0,0
BRDA:88,4,0,0
BRDA:95,5,0,0
BRF:10
BRH:3
end_of_record
TN:
SF:src\hooks\useGoogleAnalytics.ts
FN:30,(anonymous_0)
FN:33,(anonymous_1)
FN:44,(anonymous_2)
FN:55,(anonymous_3)
FN:64,(anonymous_4)
FN:74,(anonymous_5)
FN:84,(anonymous_6)
FN:95,(anonymous_7)
FN:104,(anonymous_8)
FNF:9
FNH:4
FNDA:59,(anonymous_0)
FNDA:12,(anonymous_1)
FNDA:0,(anonymous_2)
FNDA:0,(anonymous_3)
FNDA:0,(anonymous_4)
FNDA:0,(anonymous_5)
FNDA:0,(anonymous_6)
FNDA:6,(anonymous_7)
FNDA:6,(anonymous_8)
DA:30,9
DA:33,59
DA:34,12
DA:35,0
DA:44,59
DA:45,0
DA:46,0
DA:55,59
DA:56,0
DA:64,59
DA:65,0
DA:74,59
DA:75,0
DA:84,59
DA:85,0
DA:95,59
DA:96,6
DA:104,59
DA:105,6
DA:112,59
DA:124,9
LF:21
LH:14
BRDA:33,0,0,0
BRDA:34,1,0,0
BRDA:34,1,1,12
BRDA:34,2,0,12
BRDA:34,2,1,12
BRDA:45,3,0,0
BRDA:45,3,1,0
BRDA:45,4,0,0
BRDA:45,4,1,0
BRDA:49,5,0,0
BRDA:49,5,1,0
BRDA:55,6,0,0
BRDA:64,7,0,0
BRDA:74,8,0,0
BRDA:84,9,0,0
BRDA:95,10,0,0
BRDA:104,11,0,0
BRF:17
BRH:3
end_of_record
TN:
SF:src\hooks\useInfiniteScroll.ts
FN:20,useInfiniteScroll
FN:27,(anonymous_1)
FN:30,(anonymous_2)
FN:40,(anonymous_3)
FNF:4
FNH:3
FNDA:22,useInfiniteScroll
FNDA:22,(anonymous_1)
FNDA:0,(anonymous_2)
FNDA:1,(anonymous_3)
DA:1,7
DA:20,7
DA:25,22
DA:27,22
DA:28,22
DA:29,1
DA:31,0
DA:32,0
DA:37,1
DA:38,0
DA:40,1
DA:41,1
DA:42,0
DA:44,1
DA:48,22
LF:15
LH:11
BRDA:28,0,0,21
BRDA:28,0,1,1
BRDA:28,1,0,22
BRDA:28,1,1,1
BRDA:31,2,0,0
BRDA:31,2,1,0
BRDA:37,3,0,0
BRDA:37,3,1,1
BRDA:41,4,0,0
BRDA:41,4,1,1
BRF:10
BRH:6
end_of_record
TN:
SF:src\hooks\useIsomorphicLayoutEffect.ts
FNF:0
FNH:0
DA:1,21
DA:3,21
DA:5,21
LF:3
LH:3
BRDA:3,0,0,21
BRDA:3,0,1,0
BRF:2
BRH:1
end_of_record
TN:
SF:src\hooks\useMaterialAnimation.ts
FN:25,(anonymous_0)
FN:26,(anonymous_1)
FN:63,(anonymous_2)
FN:71,(anonymous_3)
FN:87,(anonymous_4)
FNF:5
FNH:2
FNDA:1,(anonymous_0)
FNDA:1,(anonymous_1)
FNDA:0,(anonymous_2)
FNDA:0,(anonymous_3)
FNDA:0,(anonymous_4)
DA:1,1
DA:25,1
DA:26,1
DA:27,1
DA:40,1
DA:42,1
DA:47,0
DA:49,0
DA:51,0
DA:53,0
DA:57,1
DA:63,1
DA:64,0
DA:71,1
DA:73,0
DA:87,1
DA:88,0
LF:17
LH:10
BRDA:25,0,0,1
BRDA:25,1,0,1
BRDA:40,2,0,1
BRDA:40,2,1,0
BRDA:40,2,2,0
BRDA:40,2,3,0
BRDA:40,2,4,0
BRDA:63,3,0,0
BRDA:71,4,0,0
BRDA:87,5,0,0
BRF:10
BRH:3
end_of_record
TN:
SF:src\hooks\useMenuItems.tsx
FN:28,useMenuItems
FN:34,(anonymous_2)
FN:48,(anonymous_3)
FN:52,(anonymous_4)
FN:58,(anonymous_5)
FN:62,(anonymous_6)
FN:69,(anonymous_7)
FN:76,(anonymous_8)
FN:84,(anonymous_9)
FN:90,(anonymous_10)
FN:111,(anonymous_11)
FN:118,(anonymous_12)
FN:127,(anonymous_13)
FN:185,(anonymous_14)
FN:186,(anonymous_15)
FNF:15
FNH:12
FNDA:80,useMenuItems
FNDA:34,(anonymous_2)
FNDA:34,(anonymous_3)
FNDA:0,(anonymous_4)
FNDA:34,(anonymous_5)
FNDA:1,(anonymous_6)
FNDA:0,(anonymous_7)
FNDA:0,(anonymous_8)
FNDA:1,(anonymous_9)
FNDA:2,(anonymous_10)
FNDA:8,(anonymous_11)
FNDA:48,(anonymous_12)
FNDA:75,(anonymous_13)
FNDA:68,(anonymous_14)
FNDA:34,(anonymous_15)
DA:5,6
DA:6,6
DA:8,6
DA:9,6
DA:10,6
DA:11,6
DA:12,6
DA:28,6
DA:29,80
DA:30,80
DA:31,80
DA:34,80
DA:44,80
DA:47,80
DA:48,80
DA:49,34
DA:50,34
DA:52,34
DA:53,0
DA:54,0
DA:57,34
DA:58,34
DA:62,80
DA:63,1
DA:64,1
DA:65,1
DA:66,1
DA:67,1
DA:68,1
DA:69,1
DA:70,0
DA:71,0
DA:75,0
DA:76,0
DA:77,0
DA:78,0
DA:84,80
DA:85,1
DA:86,1
DA:90,80
DA:91,2
DA:92,2
DA:93,2
DA:94,2
DA:95,2
DA:97,2
DA:98,2
DA:99,2
DA:100,2
DA:101,2
DA:102,1
DA:104,1
DA:107,0
DA:111,80
DA:112,8
DA:113,8
DA:114,8
DA:115,8
DA:116,8
DA:118,48
DA:119,8
DA:120,0
DA:121,0
DA:127,80
DA:128,75
DA:184,75
DA:185,68
DA:186,34
DA:187,17
DA:188,17
DA:189,17
DA:193,75
DA:196,80
LF:73
LH:62
BRDA:49,0,0,34
BRDA:49,0,1,0
BRDA:53,1,0,0
BRDA:53,1,1,0
BRDA:66,2,0,1
BRDA:66,2,1,0
BRDA:70,3,0,0
BRDA:70,3,1,0
BRDA:77,4,0,0
BRDA:77,4,1,0
BRDA:85,5,0,1
BRDA:85,5,1,0
BRDA:94,6,0,2
BRDA:94,6,1,0
BRDA:97,7,0,2
BRDA:97,7,1,0
BRDA:112,8,0,8
BRDA:112,8,1,0
BRDA:112,9,0,8
BRDA:112,9,1,8
BRDA:112,9,2,8
BRDA:113,10,0,8
BRDA:113,10,1,0
BRDA:120,11,0,0
BRDA:120,11,1,0
BRDA:184,12,0,17
BRDA:184,12,1,58
BRDA:187,13,0,17
BRDA:187,13,1,0
BRDA:187,14,0,17
BRDA:187,14,1,17
BRDA:187,14,2,17
BRF:32
BRH:16
end_of_record
TN:
SF:src\hooks\useMultiLanguageData.ts
FN:26,(anonymous_0)
FN:29,(anonymous_1)
FN:42,(anonymous_2)
FN:46,(anonymous_3)
FN:50,(anonymous_4)
FN:54,(anonymous_5)
FN:58,(anonymous_6)
FN:63,(anonymous_7)
FN:75,(anonymous_8)
FNF:9
FNH:2
FNDA:2,(anonymous_0)
FNDA:1,(anonymous_1)
FNDA:0,(anonymous_2)
FNDA:0,(anonymous_3)
FNDA:0,(anonymous_4)
FNDA:0,(anonymous_5)
FNDA:0,(anonymous_6)
FNDA:0,(anonymous_7)
FNDA:0,(anonymous_8)
DA:1,2
DA:2,2
DA:26,2
DA:27,2
DA:29,2
DA:30,1
DA:31,0
DA:33,1
DA:34,0
DA:36,1
DA:37,1
DA:39,0
DA:42,2
DA:43,0
DA:46,2
DA:47,0
DA:50,2
DA:51,0
DA:54,2
DA:55,0
DA:58,2
DA:59,0
DA:60,0
DA:63,2
DA:64,0
DA:65,0
DA:75,2
DA:76,0
DA:77,0
DA:78,0
DA:79,0
DA:80,0
DA:81,0
DA:83,0
[...]
FN:22,(anonymous_0)
FN:32,(anonymous_1)
FN:42,(anonymous_2)
FN:50,(anonymous_3)
FN:72,(anonymous_4)
FN:89,(anonymous_5)
FN:102,(anonymous_6)
FN:109,(anonymous_7)
FN:118,(anonymous_8)
FN:119,(anonymous_9)
FN:128,(anonymous_10)
FN:146,(anonymous_11)
FN:156,(anonymous_12)
FN:165,(anonymous_13)
FN:174,(anonymous_14)
FN:183,(anonymous_15)
FNF:16
FNH:16
FNDA:2,(anonymous_0)
FNDA:2,(anonymous_1)
FNDA:25,(anonymous_2)
FNDA:1,(anonymous_3)
FNDA:5,(anonymous_4)
FNDA:2,(anonymous_5)
FNDA:1,(anonymous_6)
FNDA:1,(anonymous_7)
FNDA:1,(anonymous_8)
FNDA:1,(anonymous_9)
FNDA:4,(anonymous_10)
FNDA:1,(anonymous_11)
FNDA:1,(anonymous_12)
FNDA:2,(anonymous_13)
FNDA:2,(anonymous_14)
FNDA:2,(anonymous_15)
DA:22,5
DA:23,2
DA:32,5
DA:33,2
DA:42,5
DA:43,25
DA:50,5
DA:51,1
DA:63,1
DA:64,1
DA:72,5
DA:74,5
DA:77,5
DA:80,5
DA:89,5
DA:90,2
DA:102,5
DA:104,1
DA:105,0
DA:106,0
DA:109,1
DA:118,5
DA:119,1
DA:128,5
DA:129,4
DA:130,1
DA:133,3
DA:134,3
DA:137,0
DA:146,5
DA:147,1
DA:156,5
DA:157,1
DA:165,5
DA:166,2
DA:174,5
DA:175,2
DA:183,5
DA:184,2
LF:39
LH:36
BRDA:23,0,0,1
BRDA:23,0,1,1
BRDA:32,1,0,2
BRDA:43,2,0,25
BRDA:43,2,1,0
BRDA:74,3,0,0
BRDA:74,3,1,5
BRDA:77,4,0,5
BRDA:77,4,1,0
BRDA:77,5,0,0
BRDA:77,5,1,0
BRDA:77,5,2,0
BRDA:89,6,0,1
BRDA:104,7,0,0
BRDA:104,7,1,1
BRDA:119,8,0,1
BRDA:119,8,1,0
BRDA:128,9,0,0
BRDA:129,10,0,1
BRDA:129,10,1,3
BRDA:133,11,0,3
BRDA:133,11,1,0
BRDA:133,12,0,3
BRDA:133,12,1,3
BRDA:134,13,0,3
BRDA:134,13,1,0
BRDA:134,13,2,0
BRDA:134,13,3,0
BRDA:146,14,0,0
BRDA:156,15,0,0
BRDA:166,16,0,2
BRDA:166,16,1,2
BRDA:184,17,0,1
BRDA:184,17,1,1
BRF:34
BRH:19
end_of_record
TN:
SF:src\utils\categoryListView.ts
FN:2,isCategoryListView
FNF:1
FNH:1
FNDA:3,isCategoryListView
DA:2,1
DA:3,3
DA:4,2
DA:6,1
LF:4
LH:4
BRDA:3,0,0,1
BRDA:3,0,1,2
BRDA:4,1,0,1
BRDA:4,1,1,1
BRF:4
BRH:4
end_of_record
TN:
SF:src\utils\categoryPalette.ts
FN:62,getCategoryColor
FN:67,getCategoryGradient
FN:71,getCategoryStrongColor
FN:76,getCategoryColorForSelect
FN:81,getAllCategoriesAnimatedGradient
FN:97,getCategoryAnimatedGradient
FN:105,getMasterpieceAnimatedGradient
FNF:7
FNH:7
FNDA:226,getCategoryColor
FNDA:70,getCategoryGradient
FNDA:2,getCategoryStrongColor
FNDA:1,getCategoryColorForSelect
FNDA:1,getAllCategoriesAnimatedGradient
FNDA:2,getCategoryAnimatedGradient
FNDA:1,getMasterpieceAnimatedGradient
DA:14,19
DA:62,19
DA:63,226
DA:64,226
DA:67,19
DA:68,70
DA:71,19
DA:72,2
DA:76,19
DA:77,1
DA:81,19
DA:82,1
DA:93,1
DA:97,19
DA:98,2
DA:99,2
DA:100,2
DA:101,2
DA:105,19
DA:107,1
DA:118,1
LF:21
LH:21
BRDA:62,0,0,92
BRDA:64,1,0,226
BRDA:64,1,1,1
BRDA:99,2,0,2
BRDA:99,2,1,1
BRDA:100,3,0,2
BRDA:100,3,1,1
BRF:7
BRH:7
end_of_record
TN:
SF:src\utils\categoryUtils.ts
FN:2,(anonymous_0)
FN:205,(anonymous_1)
FN:403,(anonymous_2)
FN:415,(anonymous_3)
FN:417,(anonymous_4)
FN:423,(anonymous_5)
FN:425,(anonymous_6)
FN:436,getCategoryGradient
FNF:8
FNH:8
FNDA:119,(anonymous_0)
FNDA:26,(anonymous_1)
FNDA:26,(anonymous_2)
FNDA:4,(anonymous_3)
FNDA:52,(anonymous_4)
FNDA:1,(anonymous_5)
FNDA:13,(anonymous_6)
FNDA:1,getCategoryGradient
DA:2,5
DA:3,119
DA:4,118
DA:5,118
DA:8,1
DA:10,0
DA:12,0
DA:14,1
DA:16,0
DA:18,0
DA:20,11
DA:21,0
DA:22,0
DA:24,0
DA:25,0
DA:26,0
DA:28,0
DA:30,0
DA:34,0
DA:36,0
DA:38,0
DA:42,0
DA:44,0
DA:46,0
DA:48,0
DA:50,0
DA:52,0
DA:54,0
DA:56,0
DA:58,0
DA:60,0
DA:62,0
DA:64,0
DA:66,0
DA:68,0
DA:70,0
DA:72,0
DA:74,0
DA:76,10
DA:78,0
DA:80,0
DA:82,0
DA:84,0
DA:86,0
DA:88,0
DA:90,0
DA:92,0
DA:94,0
DA:98,0
DA:100,0
DA:102,0
DA:104,0
DA:106,0
DA:108,0
DA:110,0
DA:112,0
DA:114,0
DA:116,0
DA:117,0
DA:121,0
DA:123,0
DA:124,0
DA:126,1
DA:129,0
DA:130,0
DA:131,0
DA:132,0
DA:134,0
DA:136,0
DA:137,0
DA:138,0
DA:139,0
DA:141,0
DA:142,0
DA:144,0
DA:145,0
DA:147,0
DA:148,0
DA:151,0
DA:153,1
DA:155,1
DA:157,1
DA:159,0
DA:161,1
DA:163,0
DA:164,0
DA:168,9
DA:170,9
DA:172,8
DA:174,8
DA:176,8
DA:178,8
DA:180,8
DA:182,8
DA:184,8
DA:186,8
DA:188,8
DA:192,0
DA:194,0
DA:196,0
DA:198,0
DA:200,0
DA:205,5
DA:206,26
DA:207,13
DA:209,0
DA:210,0
DA:211,0
DA:212,0
DA:213,0
DA:214,0
DA:215,1
DA:216,0
DA:217,0
DA:218,0
DA:219,0
DA:220,0
DA:221,0
DA:222,0
DA:225,0
DA:226,0
DA:227,0
DA:230,0
DA:231,0
DA:232,0
DA:233,0
DA:234,0
DA:235,0
DA:236,0
DA:237,0
DA:238,0
DA:239,0
DA:240,0
DA:241,0
DA:242,0
DA:243,0
DA:244,0
DA:245,0
DA:246,0
DA:247,1
DA:248,0
DA:249,0
DA:250,0
DA:251,0
DA:252,0
DA:253,0
DA:254,0
DA:255,0
DA:256,0
DA:259,0
DA:260,0
DA:261,0
DA:262,0
DA:263,0
DA:264,0
DA:265,0
DA:266,0
DA:269,0
DA:270,0
DA:271,0
DA:274,0
DA:275,0
DA:276,0
DA:277,0
DA:280,0
DA:281,0
DA:282,0
DA:283,0
DA:286,1
DA:287,1
DA:288,1
DA:289,1
DA:290,1
DA:291,1
DA:292,1
DA:293,1
DA:294,1
DA:295,1
DA:296,1
DA:299,0
DA:300,0
DA:301,0
DA:303,0
DA:306,13
DA:308,0
DA:309,0
DA:310,0
DA:311,0
DA:312,0
DA:313,0
DA:314,0
DA:315,0
DA:316,0
DA:317,0
DA:320,0
DA:321,0
DA:322,0
DA:325,0
DA:326,0
DA:327,0
DA:328,0
DA:329,0
DA:330,0
DA:331,0
DA:332,0
DA:333,0
DA:334,0
DA:335,0
DA:336,0
DA:337,0
DA:338,0
DA:339,0
DA:340,0
DA:341,0
DA:342,0
DA:343,0
DA:344,0
DA:345,0
DA:346,0
DA:347,0
DA:348,0
DA:349,0
DA:350,0
DA:353,0
DA:354,0
DA:355,0
DA:356,0
DA:357,0
DA:358,0
DA:359,0
DA:360,0
DA:363,0
DA:364,0
DA:365,0
DA:368,0
DA:369,0
DA:370,0
DA:371,0
DA:374,0
DA:375,0
DA:376,0
DA:377,0
DA:380,0
DA:381,0
DA:382,0
DA:383,0
DA:384,0
DA:385,0
DA:386,0
DA:387,0
DA:388,0
DA:389,0
DA:390,0
DA:393,0
DA:394,0
DA:395,0
DA:397,13
DA:403,5
DA:404,26
DA:405,26
DA:415,5
DA:416,4
DA:417,4
DA:418,52
DA:423,5
DA:424,1
DA:425,13
DA:427,1
DA:434,5
DA:436,5
DA:437,1
LF:271
LH:56
BRDA:3,0,0,1
BRDA:3,0,1,118
BRDA:5,1,0,0
BRDA:5,1,1,1
BRDA:5,1,2,0
BRDA:5,1,3,0
BRDA:5,1,4,0
BRDA:5,1,5,0
BRDA:5,1,6,0
BRDA:5,1,7,1
BRDA:5,1,8,0
BRDA:5,1,9,0
BRDA:5,1,10,0
BRDA:5,1,11,0
BRDA:5,1,12,2
BRDA:5,1,13,11
BRDA:5,1,14,0
BRDA:5,1,15,0
BRDA:5,1,16,0
BRDA:5,1,17,0
BRDA:5,1,18,0
BRDA:5,1,19,0
BRDA:5,1,20,0
BRDA:5,1,21,0
BRDA:5,1,22,0
BRDA:5,1,23,0
BRDA:5,1,24,0
BRDA:5,1,25,0
BRDA:5,1,26,0
BRDA:5,1,27,0
BRDA:5,1,28,0
BRDA:5,1,29,0
BRDA:5,1,30,0
BRDA:5,1,31,0
BRDA:5,1,32,0
BRDA:5,1,33,0
BRDA:5,1,34,0
BRDA:5,1,35,0
BRDA:5,1,36,0
BRDA:5,1,37,0
BRDA:5,1,38,0
BRDA:5,1,39,0
BRDA:5,1,40,0
BRDA:5,1,41,0
BRDA:5,1,42,0
BRDA:5,1,43,0
BRDA:5,1,44,0
BRDA:5,1,45,0
BRDA:5,1,46,0
BRDA:5,1,47,0
BRDA:5,1,48,0
BRDA:5,1,49,0
BRDA:5,1,50,0
BRDA:5,1,51,0
BRDA:5,1,52,0
BRDA:5,1,53,0
BRDA:5,1,54,0
BRDA:5,1,55,0
BRDA:5,1,56,0
BRDA:5,1,57,0
BRDA:5,1,58,0
BRDA:5,1,59,0
BRDA:5,1,60,0
BRDA:5,1,61,0
BRDA:5,1,62,0
BRDA:5,1,63,0
BRDA:5,1,64,2
BRDA:5,1,65,10
BRDA:5,1,66,0
BRDA:5,1,67,0
BRDA:5,1,68,0
BRDA:5,1,69,0
BRDA:5,1,70,0
BRDA:5,1,71,0
BRDA:5,1,72,0
BRDA:5,1,73,0
BRDA:5,1,74,0
BRDA:5,1,75,0
BRDA:5,1,76,0
BRDA:5,1,77,0
BRDA:5,1,78,0
BRDA:5,1,79,0
BRDA:5,1,80,0
BRDA:5,1,81,0
BRDA:5,1,82,0
BRDA:5,1,83,0
BRDA:5,1,84,0
BRDA:5,1,85,0
BRDA:5,1,86,0
BRDA:5,1,87,0
BRDA:5,1,88,0
BRDA:5,1,89,0
BRDA:5,1,90,0
BRDA:5,1,91,0
BRDA:5,1,92,0
BRDA:5,1,93,0
BRDA:5,1,94,0
BRDA:5,1,95,0
BRDA:5,1,96,0
BRDA:5,1,97,0
BRDA:5,1,98,0
BRDA:5,1,99,0
BRDA:5,1,100,0
BRDA:5,1,101,0
BRDA:5,1,102,0
BRDA:5,1,103,0
BRDA:5,1,104,0
BRDA:5,1,105,0
BRDA:5,1,106,0
BRDA:5,1,107,0
BRDA:5,1,108,0
BRDA:5,1,109,0
BRDA:5,1,110,0
BRDA:5,1,111,1
BRDA:5,1,112,0
BRDA:5,1,113,0
BRDA:5,1,114,0
BRDA:5,1,115,0
BRDA:5,1,116,0
BRDA:5,1,117,0
BRDA:5,1,118,0
BRDA:5,1,119,0
BRDA:5,1,120,0
BRDA:5,1,121,0
BRDA:5,1,122,0
BRDA:5,1,123,0
BRDA:5,1,124,0
BRDA:5,1,125,0
BRDA:5,1,126,0
BRDA:5,1,127,0
BRDA:5,1,128,0
BRDA:5,1,129,0
BRDA:5,1,130,0
BRDA:5,1,131,0
BRDA:5,1,132,0
BRDA:5,1,133,0
BRDA:5,1,134,1
BRDA:5,1,135,0
BRDA:5,1,136,1
BRDA:5,1,137,0
BRDA:5,1,138,1
BRDA:5,1,139,0
BRDA:5,1,140,0
BRDA:5,1,141,0
BRDA:5,1,142,1
BRDA:5,1,143,0
BRDA:5,1,144,0
BRDA:5,1,145,0
BRDA:5,1,146,1
BRDA:5,1,147,9
BRDA:5,1,148,1
BRDA:5,1,149,9
BRDA:5,1,150,6
BRDA:5,1,151,8
BRDA:5,1,152,1
BRDA:5,1,153,8
BRDA:5,1,154,1
BRDA:5,1,155,8
BRDA:5,1,156,1
BRDA:5,1,157,8
BRDA:5,1,158,1
BRDA:5,1,159,8
BRDA:5,1,160,1
BRDA:5,1,161,8
BRDA:5,1,162,1
BRDA:5,1,163,8
BRDA:5,1,164,1
BRDA:5,1,165,8
BRDA:5,1,166,1
BRDA:5,1,167,8
BRDA:5,1,168,0
BRDA:5,1,169,0
BRDA:5,1,170,0
BRDA:5,1,171,0
BRDA:5,1,172,0
BRDA:5,1,173,0
BRDA:5,1,174,0
BRDA:5,1,175,0
BRDA:5,1,176,0
BRDA:206,2,0,13
BRDA:206,2,1,13
BRDA:207,3,0,0
BRDA:207,3,1,0
BRDA:207,3,2,0
BRDA:207,3,3,0
BRDA:207,3,4,0
BRDA:207,3,5,0
BRDA:207,3,6,1
BRDA:207,3,7,0
BRDA:207,3,8,0
BRDA:207,3,9,0
BRDA:207,3,10,0
BRDA:207,3,11,0
BRDA:207,3,12,0
BRDA:207,3,13,0
BRDA:207,3,14,0
BRDA:207,3,15,0
BRDA:207,3,16,0
BRDA:207,3,17,0
BRDA:207,3,18,0
BRDA:207,3,19,0
BRDA:207,3,20,0
BRDA:207,3,21,0
BRDA:207,3,22,0
BRDA:207,3,23,0
BRDA:207,3,24,0
BRDA:207,3,25,0
BRDA:207,3,26,0
BRDA:207,3,27,0
BRDA:207,3,28,0
BRDA:207,3,29,0
BRDA:207,3,30,0
BRDA:207,3,31,0
BRDA:207,3,32,0
BRDA:207,3,33,0
BRDA:207,3,34,1
BRDA:207,3,35,0
BRDA:207,3,36,0
BRDA:207,3,37,0
BRDA:207,3,38,0
BRDA:207,3,39,0
BRDA:207,3,40,0
BRDA:207,3,41,0
BRDA:207,3,42,0
BRDA:207,3,43,0
BRDA:207,3,44,0
BRDA:207,3,45,0
BRDA:207,3,46,0
BRDA:207,3,47,0
BRDA:207,3,48,0
BRDA:207,3,49,0
BRDA:207,3,50,0
BRDA:207,3,51,0
BRDA:207,3,52,0
BRDA:207,3,53,0
BRDA:207,3,54,0
BRDA:207,3,55,0
BRDA:207,3,56,0
BRDA:207,3,57,0
BRDA:207,3,58,0
BRDA:207,3,59,0
BRDA:207,3,60,0
BRDA:207,3,61,0
BRDA:207,3,62,0
BRDA:207,3,63,1
BRDA:207,3,64,1
BRDA:207,3,65,1
BRDA:207,3,66,1
BRDA:207,3,67,1
BRDA:207,3,68,1
BRDA:207,3,69,1
BRDA:207,3,70,1
BRDA:207,3,71,1
BRDA:207,3,72,1
BRDA:207,3,73,1
BRDA:207,3,74,0
BRDA:207,3,75,0
BRDA:207,3,76,0
BRDA:207,3,77,0
BRDA:306,4,0,0
BRDA:306,4,1,0
BRDA:306,4,2,0
BRDA:306,4,3,0
BRDA:306,4,4,0
BRDA:306,4,5,0
BRDA:306,4,6,0
BRDA:306,4,7,0
BRDA:306,4,8,0
BRDA:306,4,9,0
BRDA:306,4,10,0
BRDA:306,4,11,0
BRDA:306,4,12,0
BRDA:306,4,13,0
BRDA:306,4,14,0
BRDA:306,4,15,0
BRDA:306,4,16,0
BRDA:306,4,17,0
BRDA:306,4,18,0
BRDA:306,4,19,0
BRDA:306,4,20,0
BRDA:306,4,21,0
BRDA:306,4,22,0
BRDA:306,4,23,0
BRDA:306,4,24,0
BRDA:306,4,25,0
BRDA:306,4,26,0
BRDA:306,4,27,0
BRDA:306,4,28,0
BRDA:306,4,29,0
BRDA:306,4,30,0
BRDA:306,4,31,0
BRDA:306,4,32,0
BRDA:306,4,33,0
BRDA:306,4,34,0
BRDA:306,4,35,0
BRDA:306,4,36,0
BRDA:306,4,37,0
BRDA:306,4,38,0
BRDA:306,4,39,0
BRDA:306,4,40,0
BRDA:306,4,41,0
BRDA:306,4,42,0
BRDA:306,4,43,0
BRDA:306,4,44,0
BRDA:306,4,45,0
BRDA:306,4,46,0
BRDA:306,4,47,0
BRDA:306,4,48,0
BRDA:306,4,49,0
BRDA:306,4,50,0
BRDA:306,4,51,0
BRDA:306,4,52,0
BRDA:306,4,53,0
BRDA:306,4,54,0
BRDA:306,4,55,0
BRDA:306,4,56,0
BRDA:306,4,57,0
BRDA:306,4,58,0
BRDA:306,4,59,0
BRDA:306,4,60,0
BRDA:306,4,61,0
BRDA:306,4,62,0
BRDA:306,4,63,0
BRDA:306,4,64,0
BRDA:306,4,65,0
BRDA:306,4,66,0
BRDA:306,4,67,0
BRDA:306,4,68,0
BRDA:306,4,69,0
BRDA:306,4,70,0
BRDA:306,4,71,0
BRDA:306,4,72,13
BRF:332
BRH:51
end_of_record
TN:
SF:src\utils\dataLoader.ts
FN:41,(anonymous_9)
FN:42,(anonymous_10)
FN:44,(anonymous_11)
FN:61,(anonymous_12)
FN:62,(anonymous_13)
FN:63,(anonymous_14)
FN:65,(anonymous_15)
FN:66,(anonymous_16)
FN:67,(anonymous_17)
FN:68,(anonymous_18)
FN:69,(anonymous_19)
FN:73,(anonymous_20)
FN:93,(anonymous_21)
FN:128,(anonymous_22)
FN:135,(anonymous_23)
FN:143,(anonymous_24)
FN:157,(anonymous_25)
FN:159,(anonymous_26)
FN:165,(anonymous_27)
FNF:19
FNH:11
FNDA:1,(anonymous_9)
FNDA:1,(anonymous_10)
FNDA:6,(anonymous_11)
FNDA:6,(anonymous_12)
FNDA:6,(anonymous_13)
FNDA:6,(anonymous_14)
FNDA:6,(anonymous_15)
FNDA:6,(anonymous_16)
FNDA:6,(anonymous_17)
FNDA:6,(anonymous_18)
FNDA:6,(anonymous_19)
FNDA:0,(anonymous_20)
FNDA:0,(anonymous_21)
FNDA:0,(anonymous_22)
FNDA:0,(anonymous_23)
FNDA:0,(anonymous_24)
FNDA:0,(anonymous_25)
FNDA:0,(anonymous_26)
FNDA:0,(anonymous_27)
DA:2,5
DA:41,5
DA:42,5
DA:44,5
DA:45,6
DA:47,6
DA:60,6
DA:61,6
DA:62,6
DA:63,6
DA:65,6
DA:66,6
DA:67,6
DA:68,6
DA:69,6
DA:73,0
DA:75,0
DA:78,0
DA:79,0
DA:80,0
DA:81,0
DA:82,0
DA:83,0
DA:84,0
DA:85,0
DA:88,0
DA:89,0
DA:90,0
DA:93,0
DA:102,0
DA:115,0
DA:128,0
DA:129,0
DA:130,0
DA:131,0
DA:133,0
DA:135,0
DA:136,0
DA:137,0
DA:139,0
DA:142,0
DA:143,0
DA:146,0
DA:151,0
DA:154,0
DA:157,0
DA:158,0
DA:159,0
DA:160,0
DA:161,0
DA:162,0
DA:165,0
DA:172,0
DA:220,0
DA:232,6
DA:235,6
DA:240,6
DA:245,6
DA:259,5
LF:59
LH:20
BRDA:78,0,0,0
BRDA:78,0,1,0
BRDA:78,1,0,0
BRDA:78,1,1,0
BRDA:78,1,2,0
BRDA:80,2,0,0
BRDA:80,2,1,0
BRDA:80,3,0,0
BRDA:80,3,1,0
BRDA:82,4,0,0
BRDA:82,4,1,0
BRDA:82,5,0,0
BRDA:82,5,1,0
BRDA:84,6,0,0
BRDA:84,6,1,0
BRDA:84,7,0,0
BRDA:84,7,1,0
BRDA:88,8,0,0
BRDA:88,8,1,0
BRDA:95,9,0,0
BRDA:95,9,1,0
BRDA:97,10,0,0
BRDA:97,10,1,0
BRDA:97,10,2,0
BRDA:136,11,0,0
BRDA:136,11,1,0
BRDA:137,12,0,0
BRDA:137,12,1,0
BRDA:139,13,0,0
BRDA:139,13,1,0
BRDA:160,14,0,0
BRDA:160,14,1,0
BRDA:160,14,2,0
BRDA:160,14,3,0
BRDA:161,15,0,0
BRDA:161,15,1,0
BRDA:161,16,0,0
BRDA:161,16,1,0
BRF:38
BRH:0
end_of_record
TN:
SF:src\utils\getSubcategoryLabel.ts
FN:2,(anonymous_0)
FNF:1
FNH:1
FNDA:1,(anonymous_0)
DA:2,9
LF:1
LH:1
BRF:0
BRH:0
end_of_record
TN:
SF:src\utils\homePageHelpers.ts
FN:3,(anonymous_0)
FN:7,(anonymous_1)
FN:13,(anonymous_2)
FN:13,(anonymous_3)
FN:17,(anonymous_4)
FN:17,(anonymous_5)
FN:21,(anonymous_6)
FN:21,(anonymous_7)
FN:28,(anonymous_8)
FN:28,(anonymous_9)
FNF:10
FNH:5
FNDA:1,(anonymous_0)
FNDA:0,(anonymous_1)
FNDA:1,(anonymous_2)
FNDA:0,(anonymous_3)
FNDA:1,(anonymous_4)
FNDA:0,(anonymous_5)
FNDA:1,(anonymous_6)
FNDA:0,(anonymous_7)
FNDA:1,(anonymous_8)
FNDA:0,(anonymous_9)
DA:3,1
DA:7,1
DA:8,0
DA:9,0
DA:10,0
DA:13,1
DA:14,0
DA:17,1
DA:18,0
DA:21,1
DA:22,0
DA:23,0
DA:24,0
DA:28,1
DA:29,0
LF:15
LH:6
BRDA:23,0,0,0
BRDA:23,0,1,0
BRF:2
BRH:0
end_of_record
TN:
SF:src\utils\iPhoneScrollFix.ts
FN:10,(anonymous_0)
FN:22,(anonymous_1)
FN:31,(anonymous_2)
FN:32,(anonymous_3)
FN:34,(anonymous_4)
FN:53,(anonymous_5)
FN:73,(anonymous_6)
FN:88,(anonymous_7)
FNF:8
FNH:4
FNDA:217,(anonymous_0)
FNDA:1,(anonymous_1)
FNDA:0,(anonymous_2)
FNDA:0,(anonymous_3)
FNDA:0,(anonymous_4)
FNDA:0,(anonymous_5)
FNDA:9,(anonymous_6)
FNDA:9,(anonymous_7)
DA:10,9
DA:11,217
DA:22,9
DA:23,1
DA:24,1
DA:28,0
DA:29,0
DA:31,0
DA:32,0
DA:33,0
DA:34,0
DA:35,0
DA:36,0
DA:37,0
DA:40,0
DA:41,0
DA:42,0
DA:53,9
DA:54,0
DA:56,0
DA:67,0
DA:73,9
DA:74,9
DA:76,0
DA:82,0
DA:88,9
DA:89,9
DA:91,0
DA:92,0
LF:29
LH:10
BRDA:11,0,0,217
BRDA:11,0,1,217
BRDA:11,0,2,216
BRDA:22,1,0,1
BRDA:22,2,0,1
BRDA:23,3,0,1
BRDA:23,3,1,0
BRDA:35,4,0,0
BRDA:35,4,1,0
BRDA:40,5,0,0
BRDA:40,5,1,0
BRDA:40,6,0,0
BRDA:40,6,1,0
BRDA:54,7,0,0
BRDA:54,7,1,0
BRDA:74,8,0,9
BRDA:74,8,1,0
BRDA:89,9,0,9
BRDA:89,9,1,0
BRF:19
BRH:8
end_of_record
TN:
SF:src\utils\index.ts
FN:1,(anonymous_0)
FNF:1
FNH:0
FNDA:0,(anonymous_0)
DA:1,0
LF:1
LH:0
BRF:0
BRH:0
end_of_record
TN:
SF:src\utils\logger.ts
FN:15,(anonymous_0)
FN:20,(anonymous_1)
FN:26,(anonymous_2)
FNF:3
FNH:3
FNDA:1,(anonymous_0)
FNDA:1,(anonymous_1)
FNDA:1,(anonymous_2)
DA:6,1
DA:14,1
DA:17,1
DA:21,1
DA:22,1
DA:27,1
DA:28,1
DA:33,1
LF:8
LH:8
BRDA:21,0,0,1
BRDA:21,0,1,0
BRDA:27,1,0,1
BRDA:27,1,1,0
BRF:4
BRH:2
end_of_record
TN:
SF:src\utils\migrationHelpers.ts
FN:6,migrateAppStoreState
FNF:1
FNH:1
FNDA:1,migrateAppStoreState
DA:6,34
DA:7,1
LF:2
LH:2
BRF:0
BRH:0
end_of_record
TN:
SF:src\utils\musicDataLoader.ts
FN:36,(anonymous_0)
FN:40,(anonymous_1)
FN:45,(anonymous_2)
FN:72,(anonymous_3)
FN:83,(anonymous_4)
FN:93,(anonymous_5)
FN:96,(anonymous_6)
FN:99,(anonymous_7)
FN:102,(anonymous_8)
FN:108,(anonymous_9)
FN:113,(anonymous_10)
FNF:11
FNH:1
FNDA:6,(anonymous_0)
FNDA:0,(anonymous_1)
FNDA:0,(anonymous_2)
FNDA:0,(anonymous_3)
FNDA:0,(anonymous_4)
FNDA:0,(anonymous_5)
FNDA:0,(anonymous_6)
FNDA:0,(anonymous_7)
FNDA:0,(anonymous_8)
FNDA:0,(anonymous_9)
FNDA:0,(anonymous_10)
DA:35,6
DA:37,6
DA:38,6
DA:39,6
DA:40,6
DA:41,0
DA:42,0
DA:44,0
DA:45,0
DA:46,0
DA:48,0
DA:58,6
DA:59,6
DA:60,6
DA:61,6
DA:62,6
DA:63,6
DA:64,0
DA:66,6
DA:67,6
DA:73,0
DA:74,0
DA:75,0
DA:76,0
DA:78,0
DA:79,0
DA:84,0
DA:85,0
DA:86,0
DA:88,0
DA:89,0
DA:94,0
DA:95,0
DA:97,0
DA:100,0
DA:103,0
DA:104,0
DA:105,0
DA:108,0
DA:111,0
DA:114,0
DA:125,6
DA:126,6
DA:127,6
LF:44
LH:16
BRDA:104,0,0,0
BRDA:104,0,1,0
BRDA:104,1,0,0
BRDA:104,1,1,0
BRDA:108,2,0,0
BRDA:108,2,1,0
BRF:6
BRH:0
end_of_record
TN:
SF:src\utils\safeStorage.ts
FN:12,(anonymous_0)
FN:24,(anonymous_1)
FN:52,(anonymous_2)
FN:65,(anonymous_3)
FNF:4
FNH:4
FNDA:4,(anonymous_0)
FNDA:4,(anonymous_1)
FNDA:1,(anonymous_2)
FNDA:1,(anonymous_3)
DA:11,3
DA:13,4
DA:14,4
DA:15,4
DA:17,0
DA:19,0
DA:20,0
DA:25,4
DA:26,4
DA:27,4
DA:28,4
DA:30,0
DA:32,0
DA:33,0
DA:34,0
DA:35,0
DA:37,0
DA:38,0
DA:39,0
DA:41,0
DA:43,0
DA:44,0
DA:47,0
DA:48,0
DA:53,1
DA:54,1
DA:55,1
DA:56,1
DA:58,0
DA:60,0
DA:61,0
DA:66,1
DA:67,1
DA:68,1
DA:69,1
DA:71,0
DA:73,0
DA:74,0
DA:79,3
LF:39
LH:17
BRDA:14,0,0,4
BRDA:14,0,1,0
BRDA:14,1,0,4
BRDA:14,1,1,4
BRDA:26,2,0,4
BRDA:26,2,1,0
BRDA:26,3,0,4
BRDA:26,3,1,4
BRDA:32,4,0,0
BRDA:32,4,1,0
BRDA:35,5,0,0
BRDA:35,5,1,0
BRDA:35,6,0,0
BRDA:35,6,1,0
BRDA:54,7,0,1
BRDA:54,7,1,0
BRDA:54,8,0,1
BRDA:54,8,1,1
BRDA:67,9,0,1
BRDA:67,9,1,0
BRDA:67,10,0,1
BRDA:67,10,1,1
BRF:22
BRH:12
end_of_record
TN:
SF:src\utils\stringUtils.ts
FN:9,ensureString
FN:19,normalizeKey
FNF:2
FNH:2
FNDA:73,ensureString
FNDA:6,normalizeKey
DA:9,14
DA:10,73
DA:11,36
DA:12,2
DA:13,2
DA:15,34
DA:19,14
DA:20,6
DA:21,4
LF:9
LH:9
BRDA:9,0,0,53
BRDA:10,1,0,37
BRDA:10,1,1,36
BRDA:11,2,0,2
BRDA:11,2,1,34
BRDA:11,3,0,36
BRDA:11,3,1,3
BRDA:13,4,0,2
BRDA:13,4,1,1
BRDA:13,4,2,0
BRDA:13,4,3,0
BRDA:15,5,0,34
BRDA:15,5,1,2
BRDA:20,6,0,2
BRDA:20,6,1,4
BRDA:20,7,0,6
BRDA:20,7,1,4
BRF:17
BRH:15
end_of_record
TN:
SF:src\utils\subcategoryLabel.ts
FN:14,getSubcategoryLabel
FN:34,capitalize
FNF:2
FNH:2
FNDA:3,getSubcategoryLabel
FNDA:2,capitalize
DA:3,9
DA:14,9
DA:19,3
DA:21,3
DA:23,3
DA:28,1
DA:31,2
DA:35,2
DA:36,2
LF:9
LH:9
BRDA:19,0,0,0
BRDA:19,0,1,3
BRDA:19,1,0,3
BRDA:19,1,1,3
BRDA:19,1,2,3
BRDA:23,2,0,1
BRDA:23,2,1,2
BRDA:24,3,0,3
BRDA:24,3,1,2
BRDA:24,3,2,2
BRDA:35,4,0,0
BRDA:35,4,1,2
BRF:12
BRH:10
end_of_record
TN:
SF:src\utils\translationUtils.ts
FN:32,(anonymous_0)
FN:38,(anonymous_1)
FN:54,(anonymous_2)
FN:58,(anonymous_3)
FN:66,(anonymous_4)
FN:80,(anonymous_5)
FN:83,(anonymous_6)
FN:92,(anonymous_7)
FN:118,(anonymous_8)
FN:140,(anonymous_9)
FN:141,(anonymous_10)
FN:151,(anonymous_11)
FN:166,(anonymous_12)
FN:172,(anonymous_13)
FN:183,(anonymous_14)
FN:187,(anonymous_15)
FN:191,(anonymous_16)
FNF:17
FNH:15
FNDA:1,(anonymous_0)
FNDA:2,(anonymous_1)
FNDA:2,(anonymous_2)
FNDA:1,(anonymous_3)
FNDA:4,(anonymous_4)
FNDA:1,(anonymous_5)
FNDA:1,(anonymous_6)
FNDA:2,(anonymous_7)
FNDA:4,(anonymous_8)
FNDA:1,(anonymous_9)
FNDA:1,(anonymous_10)
FNDA:1,(anonymous_11)
FNDA:1,(anonymous_12)
FNDA:3,(anonymous_13)
FNDA:1,(anonymous_14)
FNDA:0,(anonymous_15)
FNDA:0,(anonymous_16)
DA:32,1
DA:33,1
DA:34,1
DA:39,2
DA:40,2
DA:41,2
DA:42,2
DA:43,4
DA:44,1
DA:45,1
DA:47,3
DA:49,1
DA:54,2
DA:58,1
DA:66,1
DA:67,4
DA:68,4
DA:69,2
DA:72,2
DA:80,1
DA:81,1
DA:82,1
DA:83,1
DA:84,1
DA:92,1
DA:93,2
DA:94,2
DA:95,2
DA:96,2
DA:97,2
DA:98,2
DA:105,1
DA:107,1
DA:111,2
DA:118,1
DA:119,4
DA:120,4
DA:121,0
DA:123,4
DA:124,6
DA:125,6
DA:126,6
DA:127,2
DA:129,4
DA:133,4
DA:140,1
DA:141,1
DA:142,1
DA:143,1
DA:151,1
DA:152,1
DA:153,1
DA:154,1
DA:155,2
DA:156,2
DA:159,1
DA:166,1
DA:167,1
DA:168,1
DA:173,3
DA:174,1
DA:176,2
DA:177,2
DA:178,2
DA:183,1
DA:187,0
DA:191,0
DA:195,1
LF:68
LH:65
BRDA:39,0,0,0
BRDA:39,0,1,2
BRDA:39,1,0,2
BRDA:39,1,1,2
BRDA:43,2,0,1
BRDA:43,2,1,3
BRDA:43,3,0,4
BRDA:43,3,1,4
BRDA:43,3,2,4
BRDA:66,4,0,0
BRDA:66,5,0,0
BRDA:67,6,0,0
BRDA:67,6,1,4
BRDA:68,7,0,2
BRDA:68,7,1,2
BRDA:69,8,0,1
BRDA:69,8,1,1
BRDA:69,9,0,1
BRDA:69,9,1,0
BRDA:72,10,0,1
BRDA:72,10,1,1
BRDA:72,11,0,1
BRDA:72,11,1,0
BRDA:80,12,0,0
BRDA:81,13,0,0
BRDA:81,13,1,1
BRDA:81,14,0,1
BRDA:81,14,1,1
BRDA:82,15,0,0
BRDA:82,15,1,1
BRDA:82,16,0,1
BRDA:82,16,1,1
BRDA:84,17,0,1
BRDA:84,17,1,0
BRDA:93,18,0,0
BRDA:93,18,1,2
BRDA:93,19,0,2
BRDA:93,19,1,2
BRDA:94,20,0,0
BRDA:94,20,1,2
BRDA:94,21,0,2
BRDA:94,21,1,2
BRDA:97,22,0,2
BRDA:97,22,1,0
BRDA:98,23,0,1
BRDA:98,23,1,1
BRDA:99,24,0,2
BRDA:99,24,1,1
BRDA:99,24,2,1
BRDA:99,24,3,1
BRDA:99,24,4,1
BRDA:118,25,0,2
BRDA:120,26,0,0
BRDA:120,26,1,4
BRDA:120,27,0,4
BRDA:120,27,1,4
BRDA:124,28,0,6
BRDA:124,28,1,0
BRDA:125,29,0,2
BRDA:125,29,1,4
BRDA:126,30,0,2
BRDA:126,30,1,4
BRDA:126,31,0,6
BRDA:126,31,1,2
BRDA:141,32,0,1
BRDA:142,33,0,1
BRDA:142,33,1,0
BRDA:151,34,0,0
BRDA:152,35,0,0
BRDA:152,35,1,1
BRDA:155,36,0,2
BRDA:155,36,1,0
BRDA:173,37,0,1
BRDA:173,37,1,2
BRF:74
BRH:55
end_of_record
