TN:
SF:src\App.tsx
FN:14,(anonymous_1)
FN:19,(anonymous_2)
FNF:2
FNH:2
FNDA:5,(anonymous_1)
FNDA:5,(anonymous_2)
DA:1,1
DA:2,1
DA:3,1
DA:4,1
DA:5,1
DA:6,1
DA:7,1
DA:8,1
DA:14,1
DA:16,5
DA:19,5
DA:20,5
DA:21,5
DA:26,5
DA:27,5
DA:29,5
DA:45,1
LF:17
LH:17
BRDA:20,0,0,5
BRDA:20,0,1,0
BRDA:27,1,0,5
BRDA:27,1,1,3
BRDA:37,2,0,5
BRDA:37,2,1,5
BRF:6
BRH:5
end_of_record
TN:
SF:src\LanguageContext.tsx
FN:57,LanguageProvider
FN:66,(anonymous_10)
FN:77,(anonymous_11)
FN:78,(anonymous_12)
FN:102,(anonymous_13)
FN:111,(anonymous_14)
FN:126,(anonymous_15)
FN:130,(anonymous_16)
FN:144,(anonymous_17)
FN:149,(anonymous_18)
FN:154,(anonymous_19)
FN:159,(anonymous_20)
FN:163,(anonymous_21)
FN:172,(anonymous_22)
FN:177,(anonymous_23)
FN:216,useLanguage
FN:226,(anonymous_25)
FN:227,(anonymous_26)
FN:228,(anonymous_27)
FN:229,(anonymous_28)
FN:230,(anonymous_29)
FN:231,(anonymous_30)
FN:232,(anonymous_31)
FN:233,(anonymous_32)
FN:234,(anonymous_33)
FN:235,(anonymous_34)
FN:236,(anonymous_35)
FN:237,(anonymous_36)
FNF:28
FNH:11
FNDA:96,LanguageProvider
FNDA:47,(anonymous_10)
FNDA:47,(anonymous_11)
FNDA:47,(anonymous_12)
FNDA:0,(anonymous_13)
FNDA:361,(anonymous_14)
FNDA:21,(anonymous_15)
FNDA:18,(anonymous_16)
FNDA:0,(anonymous_17)
FNDA:0,(anonymous_18)
FNDA:0,(anonymous_19)
FNDA:0,(anonymous_20)
FNDA:0,(anonymous_21)
FNDA:0,(anonymous_22)
FNDA:0,(anonymous_23)
FNDA:411,useLanguage
FNDA:0,(anonymous_25)
FNDA:0,(anonymous_26)
FNDA:94,(anonymous_27)
FNDA:12,(anonymous_28)
FNDA:8,(anonymous_29)
FNDA:0,(anonymous_30)
FNDA:0,(anonymous_31)
FNDA:0,(anonymous_32)
FNDA:0,(anonymous_33)
FNDA:0,(anonymous_34)
FNDA:0,(anonymous_35)
FNDA:0,(anonymous_36)
DA:1,28
DA:2,28
DA:55,28
DA:57,28
DA:63,96
DA:66,96
DA:67,47
DA:68,0
DA:74,96
DA:77,96
DA:78,47
DA:79,47
DA:80,47
DA:81,47
DA:82,0
DA:84,47
DA:85,47
DA:87,47
DA:89,0
DA:93,47
DA:97,96
DA:98,96
DA:99,96
DA:102,96
DA:103,0
DA:104,0
DA:105,0
DA:107,0
DA:111,96
DA:112,361
DA:113,361
DA:114,361
DA:115,361
DA:116,361
DA:117,361
DA:119,361
DA:121,0
DA:122,0
DA:126,96
DA:127,21
DA:130,96
DA:131,18
DA:132,18
DA:134,18
DA:135,0
DA:137,18
DA:140,0
DA:144,96
DA:145,0
DA:149,96
DA:150,0
DA:154,96
DA:155,0
DA:159,96
DA:160,0
DA:163,96
DA:164,0
DA:172,96
DA:173,0
DA:177,96
DA:178,0
DA:182,96
DA:209,96
DA:216,28
DA:217,411
DA:219,410
DA:220,121
DA:222,121
DA:228,94
DA:229,12
DA:230,8
DA:231,0
DA:232,0
DA:233,0
DA:234,0
DA:235,0
DA:236,0
DA:237,0
DA:241,289
LF:79
LH:54
BRDA:67,0,0,0
BRDA:67,0,1,47
BRDA:67,1,0,47
BRDA:67,1,1,0
BRDA:81,2,0,0
BRDA:81,2,1,47
BRDA:98,3,0,96
BRDA:98,3,1,96
BRDA:103,4,0,0
BRDA:103,4,1,0
BRDA:103,5,0,0
BRDA:103,5,1,0
BRDA:111,6,0,195
BRDA:117,7,0,361
BRDA:117,7,1,0
BRDA:119,8,0,361
BRDA:119,8,1,361
BRDA:126,9,0,21
BRDA:130,10,0,0
BRDA:130,11,0,18
BRDA:131,12,0,18
BRDA:131,12,1,0
BRDA:134,13,0,0
BRDA:134,13,1,18
BRDA:134,14,0,18
BRDA:134,14,1,0
BRDA:144,15,0,0
BRDA:145,16,0,0
BRDA:145,16,1,0
BRDA:149,17,0,0
BRDA:150,18,0,0
BRDA:150,18,1,0
BRDA:154,19,0,0
BRDA:154,20,0,0
BRDA:155,21,0,0
BRDA:155,21,1,0
BRDA:160,22,0,0
BRDA:160,22,1,0
BRDA:219,23,0,121
BRDA:219,23,1,289
BRF:40
BRH:16
end_of_record
TN:
SF:src\entry-server.tsx
FN:7,render
FNF:1
FNH:0
FNDA:0,render
DA:1,0
DA:2,0
DA:3,0
DA:4,0
DA:5,0
DA:7,0
DA:8,0
DA:10,0
DA:16,0
DA:19,0
DA:20,0
LF:11
LH:0
BRDA:22,0,0,0
BRDA:22,0,1,0
BRF:2
BRH:0
end_of_record
TN:
SF:src\main.tsx
FN:10,(anonymous_1)
FN:15,(anonymous_2)
FN:77,detectInitialLangFromUrl
FN:84,(anonymous_4)
FN:85,(anonymous_5)
FN:89,(anonymous_6)
FN:92,(anonymous_7)
FNF:7
FNH:0
FNDA:0,(anonymous_1)
FNDA:0,(anonymous_2)
FNDA:0,detectInitialLangFromUrl
FNDA:0,(anonymous_4)
FNDA:0,(anonymous_5)
FNDA:0,(anonymous_6)
FNDA:0,(anonymous_7)
DA:1,0
DA:2,0
DA:3,0
DA:4,0
DA:5,0
DA:6,0
DA:7,0
DA:10,0
DA:11,0
DA:15,0
DA:16,0
DA:18,0
DA:19,0
DA:22,0
DA:23,0
DA:26,0
DA:27,0
DA:28,0
DA:31,0
DA:78,0
DA:79,0
DA:81,0
DA:84,0
DA:85,0
DA:86,0
DA:88,0
DA:89,0
DA:90,0
DA:92,0
DA:95,0
DA:96,0
DA:102,0
LF:32
LH:0
BRDA:11,0,0,0
BRDA:11,0,1,0
BRDA:16,1,0,0
BRDA:16,1,1,0
BRDA:27,2,0,0
BRDA:27,2,1,0
BRDA:78,3,0,0
BRDA:78,3,1,0
BRDA:79,4,0,0
BRDA:79,4,1,0
BRDA:88,5,0,0
BRDA:88,5,1,0
BRF:12
BRH:0
end_of_record
TN:
SF:src\components\AppContent.tsx
FN:9,AppContent
FN:16,(anonymous_11)
FN:18,(anonymous_12)
FN:30,(anonymous_13)
FN:35,(anonymous_14)
FN:38,(anonymous_15)
FN:42,(anonymous_16)
FN:46,(anonymous_17)
FNF:8
FNH:6
FNDA:11,AppContent
FNDA:5,(anonymous_11)
FNDA:0,(anonymous_12)
FNDA:5,(anonymous_13)
FNDA:6,(anonymous_14)
FNDA:1,(anonymous_15)
FNDA:0,(anonymous_16)
FNDA:6,(anonymous_17)
DA:1,2
DA:2,2
DA:3,2
DA:4,2
DA:5,2
DA:6,2
DA:7,2
DA:9,2
DA:10,11
DA:11,9
DA:12,9
DA:13,9
DA:16,9
DA:17,5
DA:18,5
DA:19,0
DA:21,0
DA:22,0
DA:23,0
DA:29,5
DA:30,5
DA:35,9
DA:36,6
DA:37,6
DA:38,1
DA:39,1
DA:40,1
DA:43,0
DA:46,6
DA:49,9
LF:30
LH:25
BRDA:17,0,0,5
BRDA:17,0,1,0
BRDA:21,1,0,0
BRDA:21,1,1,0
BRDA:37,2,0,1
BRDA:37,2,1,5
BRDA:37,3,0,6
BRDA:37,3,1,1
BRDA:39,4,0,1
BRDA:39,4,1,0
BRF:10
BRH:6
end_of_record
TN:
SF:src\components\CoffeeIcon.tsx
FN:7,(anonymous_1)
FNF:1
FNH:1
FNDA:1,(anonymous_1)
DA:1,1
DA:7,1
DA:8,1
DA:22,1
LF:4
LH:4
BRDA:7,0,0,1
BRF:1
BRH:1
end_of_record
TN:
SF:src\components\CoffeePage.tsx
FN:15,(anonymous_1)
FN:18,(anonymous_2)
FNF:2
FNH:2
FNDA:2,(anonymous_1)
FNDA:1,(anonymous_2)
DA:1,3
DA:2,3
DA:3,3
DA:4,3
DA:15,3
DA:16,2
DA:18,2
DA:19,1
DA:20,1
DA:24,2
DA:112,3
LF:11
LH:11
BRDA:19,0,0,1
BRDA:19,0,1,0
BRDA:30,1,0,2
BRDA:30,1,1,0
BRF:4
BRH:2
end_of_record
TN:
SF:src\components\DesktopRecommendationsList.tsx
FN:55,(anonymous_10)
FN:104,(anonymous_11)
FN:110,(anonymous_12)
FN:118,(anonymous_13)
FN:125,(anonymous_14)
FN:136,(anonymous_15)
FN:143,(anonymous_16)
FN:152,(anonymous_17)
FN:160,(anonymous_18)
FN:180,(anonymous_19)
FN:216,(anonymous_20)
FN:227,(anonymous_21)
FN:273,(anonymous_22)
FN:283,(anonymous_23)
FNF:14
FNH:4
FNDA:21,(anonymous_10)
FNDA:0,(anonymous_11)
FNDA:0,(anonymous_12)
FNDA:0,(anonymous_13)
FNDA:24,(anonymous_14)
FNDA:0,(anonymous_15)
FNDA:0,(anonymous_16)
FNDA:24,(anonymous_17)
FNDA:0,(anonymous_18)
FNDA:21,(anonymous_19)
FNDA:0,(anonymous_20)
FNDA:0,(anonymous_21)
FNDA:0,(anonymous_22)
FNDA:0,(anonymous_23)
DA:1,4
DA:2,4
DA:3,4
DA:4,4
DA:5,4
DA:6,4
DA:7,4
DA:8,4
DA:9,4
DA:11,4
DA:12,4
DA:13,4
DA:14,4
DA:55,4
DA:88,21
DA:89,21
DA:90,21
DA:91,21
DA:92,21
DA:93,21
DA:94,21
DA:96,21
DA:97,21
DA:98,21
DA:99,21
DA:100,21
DA:103,21
DA:110,21
DA:111,0
DA:112,0
DA:113,0
DA:115,0
DA:118,21
DA:119,0
DA:120,0
DA:125,24
DA:136,21
DA:137,0
DA:138,0
DA:139,0
DA:140,0
DA:143,21
DA:144,0
DA:145,0
DA:147,0
DA:152,21
DA:153,24
DA:154,24
DA:155,24
DA:156,24
DA:160,0
DA:167,0
DA:180,21
DA:181,21
DA:182,12
DA:183,0
DA:184,0
DA:186,0
DA:188,12
DA:192,21
DA:198,21
DA:209,21
DA:273,0
DA:283,0
DA:295,4
DA:301,4
DA:308,4
DA:313,4
DA:320,4
LF:69
LH:49
BRDA:62,0,0,21
BRDA:63,1,0,21
BRDA:64,2,0,21
BRDA:79,3,0,21
BRDA:80,4,0,21
BRDA:81,5,0,0
BRDA:82,6,0,0
BRDA:96,7,0,21
BRDA:96,7,1,0
BRDA:104,8,0,21
BRDA:104,8,1,21
BRDA:111,9,0,0
BRDA:111,9,1,0
BRDA:112,10,0,0
BRDA:112,10,1,0
BRDA:112,11,0,0
BRDA:112,11,1,0
BRDA:113,12,0,0
BRDA:113,12,1,0
BRDA:113,12,2,0
BRDA:113,12,3,0
BRDA:113,12,4,0
BRDA:118,13,0,0
BRDA:119,14,0,0
BRDA:119,14,1,0
BRDA:120,15,0,0
BRDA:120,15,1,0
BRDA:127,16,0,24
BRDA:127,16,1,24
BRDA:128,17,0,0
BRDA:128,17,1,24
BRDA:128,18,0,24
BRDA:128,18,1,0
BRDA:128,19,0,24
BRDA:128,19,1,0
BRDA:129,20,0,0
BRDA:129,20,1,24
BRDA:130,21,0,0
BRDA:130,21,1,24
BRDA:130,22,0,24
BRDA:130,22,1,0
BRDA:133,23,0,24
BRDA:133,23,1,0
BRDA:138,24,0,0
BRDA:138,24,1,0
BRDA:139,25,0,0
BRDA:139,25,1,0
BRDA:144,26,0,0
BRDA:144,26,1,0
BRDA:153,27,0,0
BRDA:153,27,1,24
BRDA:162,28,0,24
BRDA:162,28,1,0
BRDA:169,29,0,0
BRDA:169,29,1,0
BRDA:169,29,2,0
BRDA:181,30,0,9
BRDA:181,30,1,12
BRDA:182,31,0,0
BRDA:182,31,1,12
BRDA:182,32,0,12
BRDA:182,32,1,12
BRDA:183,33,0,0
BRDA:183,33,1,0
BRDA:184,34,0,0
BRDA:184,34,1,0
BRDA:212,35,0,21
BRDA:212,35,1,0
BRDA:212,35,2,0
BRDA:215,36,0,0
BRDA:215,36,1,0
BRDA:216,37,0,0
BRDA:216,37,1,0
BRDA:222,38,0,21
BRDA:222,38,1,0
BRDA:222,38,2,0
BRDA:224,39,0,0
BRDA:224,39,1,0
BRDA:226,40,0,0
BRDA:226,40,1,0
BRDA:227,41,0,0
BRDA:227,41,1,0
BRDA:237,42,0,21
BRDA:237,42,1,0
BRDA:247,43,0,0
BRDA:247,43,1,0
BRDA:253,44,0,0
BRDA:253,44,1,0
BRDA:260,45,0,0
BRDA:260,45,1,0
BRDA:263,46,0,0
BRDA:263,46,1,0
BRDA:269,47,0,21
BRDA:269,47,1,0
BRDA:279,48,0,0
BRDA:279,48,1,0
BRDA:279,49,0,0
BRDA:279,49,1,0
BRDA:284,50,0,0
BRDA:284,50,1,0
BRDA:284,51,0,0
BRDA:284,51,1,0
BRF:102
BRH:28
end_of_record
TN:
SF:src\components\ErrorDisplay.tsx
FN:32,(anonymous_1)
FNF:1
FNH:1
FNDA:6,(anonymous_1)
DA:1,2
DA:2,2
DA:32,2
DA:41,6
DA:42,6
DA:43,6
DA:44,6
DA:46,6
DA:48,1
DA:55,1
DA:62,1
DA:102,2
LF:12
LH:12
BRDA:34,0,0,6
BRDA:35,1,0,6
BRDA:38,2,0,6
BRDA:39,3,0,6
BRDA:42,4,0,1
BRDA:42,4,1,5
BRDA:43,5,0,6
BRDA:43,5,1,5
BRDA:44,6,0,6
BRDA:44,6,1,6
BRDA:46,7,0,5
BRDA:46,7,1,1
BRDA:46,8,0,6
BRDA:46,8,1,1
BRDA:67,9,0,1
BRDA:67,9,1,0
BRF:16
BRH:15
end_of_record
TN:
SF:src\components\HomeLayout.tsx
FN:13,HomeLayout
FN:18,(anonymous_11)
FN:39,(anonymous_12)
FN:45,(anonymous_13)
FN:49,(anonymous_14)
FN:50,(anonymous_15)
FN:54,(anonymous_16)
FN:74,(anonymous_17)
FN:80,(anonymous_18)
FN:83,(anonymous_19)
FNF:10
FNH:4
FNDA:18,HomeLayout
FNDA:14,(anonymous_11)
FNDA:0,(anonymous_12)
FNDA:12,(anonymous_13)
FNDA:0,(anonymous_14)
FNDA:10,(anonymous_15)
FNDA:0,(anonymous_16)
FNDA:0,(anonymous_17)
FNDA:0,(anonymous_18)
FNDA:0,(anonymous_19)
DA:1,3
DA:2,3
DA:3,3
DA:4,3
DA:5,3
DA:6,3
DA:7,3
DA:8,3
DA:9,3
DA:10,3
DA:11,3
DA:13,3
DA:14,18
DA:15,18
DA:16,18
DA:18,18
DA:19,14
DA:20,0
DA:22,14
DA:23,0
DA:28,18
DA:29,18
DA:30,18
DA:31,18
DA:32,18
DA:35,18
DA:36,18
DA:39,18
DA:40,0
DA:44,18
DA:45,18
DA:46,12
DA:47,10
DA:48,10
DA:49,10
DA:50,10
DA:54,18
DA:55,0
DA:56,0
DA:57,0
DA:62,18
DA:63,18
DA:71,18
DA:72,18
DA:73,18
DA:74,18
DA:75,0
DA:76,0
DA:77,0
DA:78,0
DA:79,0
DA:80,0
DA:81,0
DA:83,18
DA:84,0
DA:85,0
DA:86,0
DA:87,0
DA:92,18
LF:59
LH:42
BRDA:19,0,0,0
BRDA:19,0,1,14
BRDA:19,1,0,14
BRDA:19,1,1,0
BRDA:22,2,0,0
BRDA:22,2,1,14
BRDA:22,3,0,14
BRDA:22,3,1,14
BRDA:28,4,0,0
BRDA:28,4,1,18
BRDA:46,5,0,10
BRDA:46,5,1,2
BRDA:46,6,0,12
BRDA:46,6,1,12
BRDA:48,7,0,10
BRDA:48,7,1,0
BRDA:48,8,0,10
BRDA:48,8,1,10
BRDA:56,9,0,0
BRDA:56,9,1,0
BRDA:56,10,0,0
BRDA:56,10,1,0
BRDA:75,11,0,0
BRDA:75,11,1,0
BRDA:85,12,0,0
BRDA:85,12,1,0
BRDA:113,13,0,0
BRDA:113,13,1,18
BRDA:113,14,0,18
BRDA:113,14,1,0
BRDA:113,14,2,0
BRDA:115,15,0,0
BRDA:115,15,1,18
BRDA:117,16,0,0
BRDA:117,16,1,18
BRF:35
BRH:17
end_of_record
TN:
SF:src\components\HomePage.tsx
FN:73,useIsMobile
FN:74,(anonymous_11)
FN:77,(anonymous_12)
FN:78,(anonymous_13)
FN:80,(anonymous_14)
FN:90,(anonymous_15)
FN:112,(anonymous_16)
FN:147,(anonymous_17)
FN:195,(anonymous_18)
FN:201,(anonymous_19)
FN:205,(anonymous_20)
FN:214,(anonymous_21)
FN:224,(anonymous_22)
FN:234,(anonymous_23)
FN:239,(anonymous_24)
FN:286,(anonymous_25)
FN:293,(anonymous_26)
FN:294,(anonymous_27)
FN:295,(anonymous_28)
FN:298,(anonymous_29)
FN:301,(anonymous_30)
FN:325,(anonymous_31)
FN:326,(anonymous_32)
FN:329,(anonymous_33)
FN:337,(anonymous_34)
FN:350,(anonymous_35)
FN:359,(anonymous_36)
FN:362,(anonymous_37)
FN:373,(anonymous_38)
FN:398,(anonymous_39)
FN:399,(anonymous_40)
FN:409,(anonymous_41)
FN:416,(anonymous_42)
FN:419,(anonymous_43)
FN:419,(anonymous_44)
FN:421,(anonymous_45)
FN:425,(anonymous_46)
FN:431,(anonymous_47)
FN:445,(anonymous_48)
FN:471,(anonymous_49)
FN:479,(anonymous_50)
FN:486,(anonymous_51)
FN:492,(anonymous_52)
FN:494,(anonymous_53)
FN:500,(anonymous_54)
FN:506,(anonymous_55)
FN:537,(anonymous_56)
FN:545,(anonymous_57)
FN:560,(anonymous_58)
FN:568,(anonymous_59)
FN:575,(anonymous_60)
FN:584,(anonymous_61)
FN:589,(anonymous_62)
FN:601,(anonymous_63)
FN:606,(anonymous_64)
FN:612,(anonymous_65)
FN:633,(anonymous_66)
FN:646,(anonymous_67)
FN:667,(anonymous_68)
FN:679,(anonymous_69)
FN:686,(anonymous_70)
FN:697,(anonymous_71)
FN:702,(anonymous_72)
FN:719,(anonymous_73)
FN:738,(anonymous_74)
FN:805,(anonymous_75)
FN:1015,categoryColor
FNF:67
FNH:35
FNDA:21,useIsMobile
FNDA:22,(anonymous_11)
FNDA:10,(anonymous_12)
FNDA:1,(anonymous_13)
FNDA:1,(anonymous_14)
FNDA:10,(anonymous_15)
FNDA:21,(anonymous_16)
FNDA:21,(anonymous_17)
FNDA:2,(anonymous_18)
FNDA:12,(anonymous_19)
FNDA:0,(anonymous_20)
FNDA:10,(anonymous_21)
FNDA:10,(anonymous_22)
FNDA:10,(anonymous_23)
FNDA:0,(anonymous_24)
FNDA:10,(anonymous_25)
FNDA:79,(anonymous_26)
FNDA:79,(anonymous_27)
FNDA:79,(anonymous_28)
FNDA:79,(anonymous_29)
FNDA:0,(anonymous_30)
FNDA:79,(anonymous_31)
FNDA:79,(anonymous_32)
FNDA:12,(anonymous_33)
FNDA:0,(anonymous_34)
FNDA:24,(anonymous_35)
FNDA:16,(anonymous_36)
FNDA:0,(anonymous_37)
FNDA:0,(anonymous_38)
FNDA:16,(anonymous_39)
FNDA:0,(anonymous_40)
FNDA:12,(anonymous_41)
FNDA:2,(anonymous_42)
FNDA:16,(anonymous_43)
FNDA:24,(anonymous_44)
FNDA:0,(anonymous_45)
FNDA:12,(anonymous_46)
FNDA:14,(anonymous_47)
FNDA:0,(anonymous_48)
FNDA:0,(anonymous_49)
FNDA:0,(anonymous_50)
FNDA:0,(anonymous_51)
FNDA:0,(anonymous_52)
FNDA:0,(anonymous_53)
FNDA:0,(anonymous_54)
FNDA:0,(anonymous_55)
FNDA:0,(anonymous_56)
FNDA:0,(anonymous_57)
FNDA:0,(anonymous_58)
FNDA:0,(anonymous_59)
FNDA:0,(anonymous_60)
FNDA:0,(anonymous_61)
FNDA:0,(anonymous_62)
FNDA:0,(anonymous_63)
FNDA:0,(anonymous_64)
FNDA:0,(anonymous_65)
FNDA:0,(anonymous_66)
FNDA:0,(anonymous_67)
FNDA:12,(anonymous_68)
FNDA:12,(anonymous_69)
FNDA:0,(anonymous_70)
FNDA:0,(anonymous_71)
FNDA:0,(anonymous_72)
FNDA:0,(anonymous_73)
FNDA:21,(anonymous_74)
FNDA:21,(anonymous_75)
FNDA:24,categoryColor
DA:1,4
DA:2,4
DA:3,4
DA:4,4
DA:5,4
DA:6,4
DA:7,4
DA:8,4
DA:9,4
DA:11,4
DA:12,4
DA:13,4
DA:14,4
DA:15,4
DA:16,4
DA:17,4
DA:19,4
DA:20,4
DA:21,4
DA:22,4
DA:23,4
DA:24,4
DA:26,4
DA:27,4
DA:28,4
DA:30,4
DA:31,4
DA:32,4
DA:74,22
DA:75,21
DA:77,21
DA:78,10
DA:79,1
DA:80,1
DA:81,1
DA:82,0
DA:84,1
DA:87,10
DA:88,10
DA:89,10
DA:90,10
DA:91,10
DA:92,10
DA:93,10
DA:96,21
DA:100,4
DA:112,21
DA:147,4
DA:164,21
DA:166,21
DA:168,21
DA:169,21
DA:173,21
DA:174,21
DA:176,21
DA:178,21
DA:180,21
DA:183,21
DA:184,21
DA:192,21
DA:193,21
DA:195,21
DA:196,2
DA:197,2
DA:198,2
DA:199,2
DA:200,2
DA:201,12
DA:202,2
DA:205,21
DA:206,0
DA:207,0
DA:208,0
DA:209,0
DA:214,21
DA:215,10
DA:216,7
DA:217,2
DA:218,2
DA:224,21
DA:225,10
DA:226,7
DA:227,7
DA:228,0
DA:234,21
DA:235,10
DA:236,7
DA:237,7
DA:238,7
DA:239,0
DA:240,0
DA:241,0
DA:243,0
DA:283,21
DA:286,21
DA:287,10
DA:288,10
DA:293,79
DA:294,79
DA:295,79
DA:298,79
DA:301,21
DA:302,0
DA:303,0
DA:304,0
DA:306,0
DA:307,0
DA:325,79
DA:326,79
DA:329,21
DA:331,12
DA:332,12
DA:333,0
DA:334,0
DA:336,0
DA:337,0
DA:338,0
DA:340,0
DA:341,0
DA:349,21
DA:350,24
DA:359,21
DA:360,16
DA:361,16
DA:362,0
DA:363,0
DA:364,0
DA:372,16
DA:373,16
DA:374,0
DA:375,0
DA:377,0
DA:379,0
DA:387,0
DA:394,0
DA:398,21
DA:399,16
DA:406,21
DA:409,21
DA:410,12
DA:411,12
DA:413,2
DA:414,2
DA:415,2
DA:416,2
DA:417,2
DA:418,2
DA:419,24
DA:422,0
DA:425,12
DA:426,12
DA:431,21
DA:432,14
DA:433,4
DA:436,10
DA:437,10
DA:438,10
DA:440,0
DA:443,10
DA:444,0
DA:445,0
DA:447,0
DA:466,0
DA:470,0
DA:471,0
DA:472,0
DA:478,0
DA:479,0
DA:480,0
DA:485,0
DA:486,0
DA:490,0
DA:491,0
DA:492,0
DA:494,0
DA:499,0
DA:500,0
DA:504,0
DA:505,0
DA:506,0
DA:507,0
DA:517,10
DA:525,21
DA:526,21
DA:527,21
DA:530,21
DA:531,21
DA:532,21
DA:533,21
DA:534,21
DA:537,21
DA:538,0
DA:539,0
DA:541,0
DA:545,0
DA:547,0
DA:548,0
DA:549,0
DA:551,0
DA:552,0
DA:556,0
DA:560,21
DA:561,0
DA:562,0
DA:563,0
DA:564,0
DA:568,21
DA:569,0
DA:570,0
DA:571,0
DA:575,21
DA:576,0
DA:577,0
DA:578,0
DA:579,0
DA:583,21
DA:584,21
DA:585,0
DA:589,21
DA:590,0
DA:592,0
DA:594,0
DA:595,0
DA:596,0
DA:601,21
DA:602,0
DA:603,0
DA:606,21
DA:607,0
DA:608,0
DA:612,21
DA:613,0
DA:614,0
DA:618,0
DA:619,0
DA:622,0
DA:633,21
DA:635,0
DA:638,0
DA:646,0
DA:667,21
DA:668,12
DA:670,12
DA:672,0
DA:673,0
DA:675,0
DA:679,21
DA:680,12
DA:681,9
DA:682,0
DA:683,0
DA:684,0
DA:685,0
DA:686,0
DA:687,0
DA:688,0
DA:689,0
DA:691,0
DA:692,0
DA:694,0
DA:696,0
DA:697,0
DA:698,0
DA:699,0
DA:702,0
DA:703,0
DA:704,0
DA:713,21
DA:714,21
DA:715,21
DA:716,21
DA:717,21
DA:718,21
DA:719,21
DA:720,21
DA:725,21
DA:730,21
DA:739,21
DA:741,0
DA:754,0
DA:755,0
DA:756,0
DA:759,21
DA:806,21
DA:807,21
DA:1017,24
DA:1027,24
DA:1039,4
LF:288
LH:169
BRDA:74,0,0,22
BRDA:74,0,1,0
BRDA:81,1,0,0
BRDA:81,1,1,1
BRDA:115,2,0,0
BRDA:115,2,1,21
BRDA:117,3,0,0
BRDA:117,3,1,21
BRDA:121,4,0,0
BRDA:121,4,1,21
BRDA:123,5,0,0
BRDA:123,5,1,21
BRDA:124,6,0,0
BRDA:124,6,1,21
BRDA:125,7,0,0
BRDA:125,7,1,21
BRDA:126,8,0,0
BRDA:126,8,1,21
BRDA:127,9,0,0
BRDA:127,9,1,21
BRDA:136,10,0,0
BRDA:136,10,1,21
BRDA:137,11,0,0
BRDA:137,11,1,21
BRDA:148,12,0,21
BRDA:149,13,0,21
BRDA:150,14,0,21
BRDA:151,15,0,21
BRDA:196,16,0,2
BRDA:196,16,1,0
BRDA:207,17,0,0
BRDA:207,17,1,0
BRDA:215,18,0,7
BRDA:215,18,1,3
BRDA:215,19,0,10
BRDA:215,19,1,10
BRDA:216,20,0,2
BRDA:216,20,1,5
BRDA:225,21,0,7
BRDA:225,21,1,3
BRDA:225,22,0,10
BRDA:225,22,1,10
BRDA:227,23,0,0
BRDA:227,23,1,7
BRDA:227,24,0,7
BRDA:227,24,1,0
BRDA:235,25,0,7
BRDA:235,25,1,3
BRDA:235,26,0,10
BRDA:235,26,1,10
BRDA:236,27,0,7
BRDA:236,27,1,0
BRDA:238,28,0,0
BRDA:238,28,1,7
BRDA:240,29,0,0
BRDA:240,29,1,0
BRDA:287,30,0,10
BRDA:287,30,1,0
BRDA:302,31,0,0
BRDA:302,31,1,0
BRDA:302,32,0,0
BRDA:302,32,1,0
BRDA:302,32,2,0
BRDA:306,33,0,0
BRDA:306,33,1,0
BRDA:332,34,0,0
BRDA:332,34,1,12
BRDA:336,35,0,0
BRDA:336,35,1,0
BRDA:336,36,0,0
BRDA:336,36,1,0
BRDA:338,37,0,0
BRDA:338,37,1,0
BRDA:340,38,0,0
BRDA:340,38,1,0
BRDA:340,39,0,0
BRDA:340,39,1,0
BRDA:340,39,2,0
BRDA:352,40,0,24
BRDA:352,40,1,24
BRDA:353,41,0,24
BRDA:353,41,1,24
BRDA:360,42,0,16
BRDA:360,42,1,16
BRDA:361,43,0,0
BRDA:361,43,1,16
BRDA:361,44,0,16
BRDA:361,44,1,0
BRDA:372,45,0,16
BRDA:372,45,1,0
BRDA:374,46,0,0
BRDA:374,46,1,0
BRDA:375,47,0,0
BRDA:375,47,1,0
BRDA:377,48,0,0
BRDA:377,48,1,0
BRDA:377,49,0,0
BRDA:377,49,1,0
BRDA:390,50,0,0
BRDA:390,50,1,0
BRDA:401,51,0,0
BRDA:401,51,1,0
BRDA:411,52,0,2
BRDA:411,52,1,10
BRDA:411,53,0,12
BRDA:411,53,1,2
BRDA:417,54,0,2
BRDA:417,54,1,0
BRDA:419,55,0,0
BRDA:419,55,1,2
BRDA:419,56,0,2
BRDA:419,56,1,0
BRDA:419,57,0,2
BRDA:419,57,1,0
BRDA:432,58,0,4
BRDA:432,58,1,10
BRDA:432,59,0,14
BRDA:432,59,1,14
BRDA:437,60,0,10
BRDA:437,60,1,0
BRDA:437,61,0,10
BRDA:437,61,1,0
BRDA:440,62,0,0
BRDA:440,62,1,0
BRDA:440,63,0,0
BRDA:440,63,1,0
BRDA:443,64,0,0
BRDA:443,64,1,10
BRDA:443,65,0,10
BRDA:443,65,1,0
BRDA:444,66,0,0
BRDA:444,66,1,0
BRDA:444,67,0,0
BRDA:444,67,1,0
BRDA:447,68,0,0
BRDA:447,68,1,0
BRDA:447,68,2,0
BRDA:447,68,3,0
BRDA:447,68,4,0
BRDA:447,68,5,0
BRDA:447,68,6,0
BRDA:447,68,7,0
BRDA:447,68,8,0
BRDA:447,68,9,0
BRDA:447,68,10,0
BRDA:447,68,11,0
BRDA:447,68,12,0
BRDA:447,68,13,0
BRDA:447,68,14,0
BRDA:447,68,15,0
BRDA:447,68,16,0
BRDA:447,68,17,0
BRDA:447,68,18,0
BRDA:470,69,0,0
BRDA:470,69,1,0
BRDA:472,70,0,0
BRDA:472,70,1,0
BRDA:478,71,0,0
BRDA:478,71,1,0
BRDA:478,72,0,0
BRDA:478,72,1,0
BRDA:480,73,0,0
BRDA:480,73,1,0
BRDA:485,74,0,0
BRDA:485,74,1,0
BRDA:485,75,0,0
BRDA:485,75,1,0
BRDA:485,75,2,0
BRDA:490,76,0,0
BRDA:490,76,1,0
BRDA:490,77,0,0
BRDA:490,77,1,0
BRDA:491,78,0,0
BRDA:491,78,1,0
BRDA:492,79,0,0
BRDA:492,79,1,0
BRDA:494,80,0,0
BRDA:494,80,1,0
BRDA:499,81,0,0
BRDA:499,81,1,0
BRDA:499,82,0,0
BRDA:499,82,1,0
BRDA:499,82,2,0
BRDA:500,83,0,0
BRDA:500,83,1,0
BRDA:504,84,0,0
BRDA:504,84,1,0
BRDA:504,85,0,0
BRDA:504,85,1,0
BRDA:508,86,0,0
BRDA:508,86,1,0
BRDA:508,86,2,0
BRDA:508,86,3,0
BRDA:508,86,4,0
BRDA:508,86,5,0
BRDA:508,86,6,0
BRDA:508,86,7,0
BRDA:530,87,0,0
BRDA:530,87,1,21
BRDA:531,88,0,0
BRDA:531,88,1,21
BRDA:538,89,0,0
BRDA:538,89,1,0
BRDA:547,90,0,0
BRDA:547,90,1,0
BRDA:571,91,0,0
BRDA:571,91,1,0
BRDA:576,92,0,0
BRDA:576,92,1,0
BRDA:578,93,0,0
BRDA:578,93,1,0
BRDA:578,94,0,0
BRDA:578,94,1,0
BRDA:590,95,0,0
BRDA:590,95,1,0
BRDA:590,96,0,0
BRDA:590,96,1,0
BRDA:595,97,0,0
BRDA:595,97,1,0
BRDA:596,98,0,0
BRDA:596,98,1,0
BRDA:603,99,0,0
BRDA:603,99,1,0
BRDA:608,100,0,0
BRDA:608,100,1,0
BRDA:613,101,0,0
BRDA:613,101,1,0
BRDA:618,102,0,0
BRDA:618,102,1,0
BRDA:619,103,0,0
BRDA:619,103,1,0
BRDA:620,104,0,0
BRDA:620,104,1,0
BRDA:635,105,0,0
BRDA:635,105,1,0
BRDA:641,106,0,0
BRDA:641,106,1,0
BRDA:646,107,0,0
BRDA:646,107,1,0
BRDA:648,108,0,0
BRDA:648,108,1,0
BRDA:648,109,0,0
BRDA:648,109,1,0
BRDA:649,110,0,0
BRDA:649,110,1,0
BRDA:650,111,0,0
BRDA:650,111,1,0
BRDA:650,112,0,0
BRDA:650,112,1,0
BRDA:650,113,0,0
BRDA:650,113,1,0
BRDA:654,114,0,0
BRDA:654,114,1,0
BRDA:658,115,0,0
BRDA:658,115,1,0
BRDA:661,116,0,0
BRDA:661,116,1,0
BRDA:668,117,0,12
BRDA:668,117,1,0
BRDA:668,118,0,12
BRDA:668,118,1,0
BRDA:672,119,0,0
BRDA:672,119,1,0
BRDA:680,120,0,9
BRDA:680,120,1,3
BRDA:680,121,0,12
BRDA:680,121,1,12
BRDA:681,122,0,0
BRDA:681,122,1,9
BRDA:681,123,0,9
BRDA:681,123,1,9
BRDA:683,124,0,0
BRDA:683,124,1,0
BRDA:687,125,0,0
BRDA:687,125,1,0
BRDA:688,126,0,0
BRDA:688,126,1,0
BRDA:696,127,0,0
BRDA:696,127,1,0
BRDA:698,128,0,0
BRDA:698,128,1,0
BRDA:703,129,0,0
BRDA:703,129,1,0
BRDA:713,130,0,21
BRDA:713,130,1,0
BRDA:714,131,0,21
BRDA:714,131,1,18
BRDA:715,132,0,21
BRDA:715,132,1,18
BRDA:716,133,0,21
BRDA:716,133,1,0
BRDA:717,134,0,21
BRDA:717,134,1,0
BRDA:717,134,2,0
BRDA:718,135,0,0
BRDA:718,135,1,21
BRDA:718,136,0,0
BRDA:718,136,1,0
BRDA:719,137,0,0
BRDA:719,137,1,21
BRDA:719,138,0,0
BRDA:719,138,1,0
BRDA:720,139,0,0
BRDA:720,139,1,21
BRDA:721,140,0,0
BRDA:721,140,1,0
BRDA:725,141,0,0
BRDA:725,141,1,21
BRDA:726,142,0,0
BRDA:726,142,1,0
BRDA:733,143,0,21
BRDA:733,143,1,0
BRDA:739,144,0,0
BRDA:739,144,1,21
BRDA:739,145,0,21
BRDA:739,145,1,0
BRDA:754,146,0,0
BRDA:754,146,1,0
BRDA:755,147,0,0
BRDA:755,147,1,0
BRDA:765,148,0,0
BRDA:765,148,1,21
BRDA:765,149,0,21
BRDA:765,149,1,0
BRDA:766,150,0,0
BRDA:766,150,1,21
BRDA:766,151,0,21
BRDA:766,151,1,0
BRDA:767,152,0,0
BRDA:767,152,1,21
BRDA:767,153,0,21
BRDA:767,153,1,0
BRDA:798,154,0,21
BRDA:798,154,1,0
BRDA:798,154,2,21
BRDA:806,155,0,21
BRDA:806,155,1,18
BRDA:811,156,0,0
BRDA:811,156,1,21
BRDA:826,157,0,0
BRDA:826,157,1,21
BRDA:826,158,0,21
BRDA:826,158,1,0
BRDA:826,158,2,0
BRDA:838,159,0,21
BRDA:838,159,1,0
BRDA:838,160,0,21
BRDA:838,160,1,0
BRDA:839,161,0,21
BRDA:839,161,1,21
BRDA:839,161,2,21
BRDA:840,162,0,0
BRDA:840,162,1,0
BRDA:844,163,0,21
BRDA:844,163,1,0
BRDA:844,163,2,0
BRDA:848,164,0,0
BRDA:848,164,1,0
BRDA:851,165,0,0
BRDA:851,165,1,0
BRDA:855,166,0,0
BRDA:855,166,1,0
BRDA:855,166,2,0
BRDA:878,167,0,21
BRDA:878,167,1,21
BRDA:878,167,2,12
BRDA:925,168,0,0
BRDA:925,168,1,21
BRDA:926,169,0,0
BRDA:926,169,1,21
BRDA:927,170,0,0
BRDA:927,170,1,21
BRDA:930,171,0,0
BRDA:930,171,1,21
BRDA:931,172,0,0
BRDA:931,172,1,21
BRDA:931,173,0,21
BRDA:931,173,1,0
BRDA:931,173,2,0
BRDA:937,174,0,0
BRDA:937,174,1,21
BRDA:937,175,0,21
BRDA:937,175,1,0
BRDA:939,176,0,0
BRDA:939,176,1,0
BRDA:943,177,0,0
BRDA:943,177,1,0
BRDA:955,178,0,0
BRDA:955,178,1,0
BRDA:960,179,0,0
BRDA:960,179,1,0
BRDA:965,180,0,0
BRDA:965,180,1,0
BRDA:1001,181,0,0
BRDA:1001,181,1,21
BRDA:1002,182,0,0
BRDA:1002,182,1,21
BRDA:1003,183,0,21
BRDA:1003,183,1,12
BRDA:1003,183,2,12
BRDA:1027,184,0,24
BRDA:1027,184,1,12
BRF:402
BRH:124
end_of_record
TN:
SF:src\components\HybridMenu.tsx
FN:70,DesktopMenu
FN:90,(anonymous_11)
FN:114,(anonymous_12)
FN:121,(anonymous_13)
FN:152,(anonymous_14)
FN:152,(anonymous_15)
FN:156,(anonymous_16)
FN:183,(anonymous_17)
FN:199,(anonymous_18)
FN:199,(anonymous_19)
FN:202,(anonymous_20)
FN:237,(anonymous_21)
FNF:12
FNH:7
FNDA:42,DesktopMenu
FNDA:0,(anonymous_11)
FNDA:0,(anonymous_12)
FNDA:0,(anonymous_13)
FNDA:145,(anonymous_14)
FNDA:81,(anonymous_15)
FNDA:3,(anonymous_16)
FNDA:0,(anonymous_17)
FNDA:145,(anonymous_18)
FNDA:32,(anonymous_19)
FNDA:0,(anonymous_20)
FNDA:42,(anonymous_21)
DA:1,5
DA:2,5
DA:3,5
DA:4,5
DA:9,5
DA:10,5
DA:11,5
DA:12,5
DA:13,5
DA:82,42
DA:83,41
DA:84,41
DA:85,41
DA:86,41
DA:87,41
DA:88,41
DA:89,41
DA:90,41
DA:91,0
DA:92,0
DA:93,0
DA:94,0
DA:97,0
DA:98,0
DA:105,41
DA:108,41
DA:109,41
DA:110,41
DA:111,41
DA:114,41
DA:115,0
DA:116,0
DA:118,0
DA:119,0
DA:120,0
DA:121,0
DA:122,0
DA:128,41
DA:130,41
DA:152,145
DA:153,81
DA:157,3
DA:158,3
DA:159,3
DA:161,0
DA:163,0
DA:164,0
DA:184,0
DA:185,0
DA:199,145
DA:200,32
DA:203,0
DA:204,0
DA:205,0
DA:207,0
DA:209,0
DA:210,0
DA:237,5
DA:251,42
DA:252,41
DA:253,41
DA:256,41
DA:258,0
DA:260,41
DA:264,5
LF:65
LH:40
BRDA:74,0,0,0
BRDA:92,1,0,0
BRDA:92,1,1,0
BRDA:93,2,0,0
BRDA:93,2,1,0
BRDA:94,3,0,0
BRDA:94,3,1,0
BRDA:97,4,0,0
BRDA:97,4,1,0
BRDA:98,5,0,0
BRDA:98,5,1,0
BRDA:105,6,0,0
BRDA:105,6,1,41
BRDA:108,7,0,41
BRDA:108,7,1,41
BRDA:109,8,0,41
BRDA:109,8,1,41
BRDA:110,9,0,41
BRDA:110,9,1,41
BRDA:115,10,0,0
BRDA:115,10,1,0
BRDA:118,11,0,0
BRDA:118,11,1,0
BRDA:118,12,0,0
BRDA:118,12,1,0
BRDA:122,13,0,0
BRDA:122,13,1,0
BRDA:128,14,0,1
BRDA:128,14,1,40
BRDA:152,15,0,145
BRDA:152,15,1,145
BRDA:152,15,2,113
BRDA:154,16,0,0
BRDA:154,16,1,81
BRDA:157,17,0,3
BRDA:157,17,1,0
BRDA:158,18,0,3
BRDA:158,18,1,0
BRDA:163,19,0,0
BRDA:163,19,1,0
BRDA:182,20,0,0
BRDA:182,20,1,41
BRDA:185,21,0,0
BRDA:185,21,1,0
BRDA:199,22,0,145
BRDA:199,22,1,145
BRDA:200,23,0,0
BRDA:200,23,1,32
BRDA:203,24,0,0
BRDA:203,24,1,0
BRDA:204,25,0,0
BRDA:204,25,1,0
BRDA:209,26,0,0
BRDA:209,26,1,0
BRDA:218,27,0,41
BRDA:218,27,1,0
BRDA:237,28,0,1
BRDA:242,29,0,40
BRDA:256,30,0,0
BRDA:256,30,1,41
BRF:60
BRH:23
end_of_record
TN:
SF:src\components\LazyComponents.tsx
FN:10,(anonymous_10)
FN:10,(anonymous_11)
FN:11,(anonymous_12)
FN:11,(anonymous_13)
FN:12,(anonymous_14)
FN:12,(anonymous_15)
FN:15,(anonymous_16)
FN:16,(anonymous_17)
FN:37,(anonymous_18)
FNF:9
FNH:0
FNDA:0,(anonymous_10)
FNDA:0,(anonymous_11)
FNDA:0,(anonymous_12)
FNDA:0,(anonymous_13)
FNDA:0,(anonymous_14)
FNDA:0,(anonymous_15)
FNDA:0,(anonymous_16)
FNDA:0,(anonymous_17)
FNDA:0,(anonymous_18)
DA:1,2
DA:2,2
DA:10,2
DA:11,2
DA:12,2
DA:15,2
DA:16,0
DA:17,0
DA:18,0
DA:19,0
DA:20,0
DA:26,0
DA:29,0
DA:37,2
DA:38,0
LF:15
LH:7
BRDA:17,0,0,0
BRDA:17,0,1,0
BRDA:17,1,0,0
BRDA:17,1,1,0
BRDA:37,2,0,0
BRF:5
BRH:0
end_of_record
TN:
SF:src\components\LocalizedTitle.tsx
FN:13,(anonymous_1)
FNF:1
FNH:1
FNDA:2,(anonymous_1)
DA:6,1
DA:13,1
DA:14,2
DA:19,1
LF:4
LH:4
BRDA:13,0,0,1
BRF:1
BRH:1
end_of_record
TN:
SF:src\components\MaterialCategorySelect.tsx
FN:40,(anonymous_1)
FN:71,(anonymous_2)
FN:156,(anonymous_3)
FN:214,(anonymous_4)
FN:282,(anonymous_5)
FN:341,(anonymous_6)
FNF:6
FNH:1
FNDA:0,(anonymous_1)
FNDA:1,(anonymous_2)
FNDA:0,(anonymous_3)
FNDA:0,(anonymous_4)
FNDA:0,(anonymous_5)
FNDA:0,(anonymous_6)
DA:1,7
DA:2,7
DA:3,7
DA:4,7
DA:5,7
DA:6,7
DA:7,7
DA:8,7
DA:9,7
DA:10,7
DA:11,7
DA:12,7
DA:13,7
DA:14,7
DA:15,7
DA:16,7
DA:40,7
DA:41,0
DA:44,0
DA:47,0
DA:50,0
DA:53,0
DA:56,0
DA:59,0
DA:61,0
DA:63,0
DA:65,0
DA:67,0
DA:71,7
DA:82,1
DA:83,1
DA:84,1
DA:86,1
DA:87,0
DA:90,0
DA:92,0
DA:156,0
DA:215,0
DA:282,0
DA:342,0
DA:358,7
LF:41
LH:23
BRDA:41,0,0,0
BRDA:41,0,1,0
BRDA:41,0,2,0
BRDA:41,0,3,0
BRDA:41,0,4,0
BRDA:41,0,5,0
BRDA:41,0,6,0
BRDA:41,0,7,0
BRDA:41,0,8,0
BRDA:41,0,9,0
BRDA:41,0,10,0
BRDA:41,0,11,0
BRDA:41,0,12,0
BRDA:41,0,13,0
BRDA:41,0,14,0
BRDA:41,0,15,0
BRDA:75,1,0,1
BRDA:79,2,0,1
BRDA:86,3,0,1
BRDA:86,3,1,0
BRDA:87,4,0,0
BRDA:87,4,1,0
BRDA:90,5,0,0
BRDA:90,5,1,0
BRDA:90,5,2,0
BRDA:95,6,0,0
BRDA:95,6,1,0
BRDA:96,7,0,0
BRDA:96,7,1,0
BRDA:97,8,0,0
BRDA:97,8,1,0
BRDA:112,9,0,0
BRDA:112,9,1,0
BRDA:113,10,0,0
BRDA:113,10,1,0
BRDA:117,11,0,0
BRDA:117,11,1,0
BRDA:118,12,0,0
BRDA:118,12,1,0
BRDA:118,13,0,0
BRDA:118,13,1,0
BRDA:118,14,0,0
BRDA:118,14,1,0
BRDA:120,15,0,0
BRDA:120,15,1,0
BRDA:124,16,0,0
BRDA:124,16,1,0
BRDA:131,17,0,0
BRDA:131,17,1,0
BRDA:136,18,0,0
BRDA:136,18,1,0
BRDA:140,19,0,0
BRDA:140,19,1,0
BRDA:149,20,0,0
BRDA:149,20,1,0
BRDA:149,21,0,0
BRDA:149,21,1,0
BRDA:154,22,0,0
BRDA:154,22,1,0
BRDA:155,23,0,0
BRDA:155,23,1,0
BRDA:155,24,0,0
BRDA:155,24,1,0
BRDA:163,25,0,0
BRDA:163,25,1,0
BRDA:164,26,0,0
BRDA:164,26,1,0
BRDA:169,27,0,0
BRDA:169,27,1,0
BRDA:171,28,0,0
BRDA:171,28,1,0
BRDA:175,29,0,0
BRDA:175,29,1,0
BRDA:182,30,0,0
BRDA:182,30,1,0
BRDA:187,31,0,0
BRDA:187,31,1,0
BRDA:191,32,0,0
BRDA:191,32,1,0
BRDA:195,33,0,0
BRDA:195,33,1,0
BRDA:205,34,0,0
BRDA:205,34,1,0
BRDA:206,35,0,0
BRDA:206,35,1,0
BRDA:208,36,0,0
BRDA:208,36,1,0
BRDA:215,37,0,0
BRDA:215,37,1,0
BRDA:221,38,0,0
BRDA:221,38,1,0
BRDA:229,39,0,0
BRDA:229,39,1,0
BRDA:237,40,0,0
BRDA:237,40,1,0
BRDA:238,41,0,0
BRDA:238,41,1,0
BRDA:242,42,0,0
BRDA:242,42,1,0
BRDA:243,43,0,0
BRDA:243,43,1,0
BRDA:246,44,0,0
BRDA:246,44,1,0
BRDA:250,45,0,0
BRDA:250,45,1,0
BRDA:257,46,0,0
BRDA:257,46,1,0
BRDA:262,47,0,0
BRDA:262,47,1,0
BRDA:266,48,0,0
BRDA:266,48,1,0
BRDA:275,49,0,0
BRDA:275,49,1,0
BRDA:275,50,0,0
BRDA:275,50,1,0
BRDA:280,51,0,0
BRDA:280,51,1,0
BRDA:281,52,0,0
BRDA:281,52,1,0
BRDA:281,53,0,0
BRDA:281,53,1,0
BRDA:289,54,0,0
BRDA:289,54,1,0
BRDA:290,55,0,0
BRDA:290,55,1,0
BRDA:296,56,0,0
BRDA:296,56,1,0
BRDA:298,57,0,0
BRDA:298,57,1,0
BRDA:302,58,0,0
BRDA:302,58,1,0
BRDA:309,59,0,0
BRDA:309,59,1,0
BRDA:314,60,0,0
BRDA:314,60,1,0
BRDA:318,61,0,0
BRDA:318,61,1,0
BRDA:322,62,0,0
BRDA:322,62,1,0
BRDA:332,63,0,0
BRDA:332,63,1,0
BRDA:333,64,0,0
BRDA:333,64,1,0
BRDA:335,65,0,0
BRDA:335,65,1,0
BRDA:340,66,0,0
BRDA:340,66,1,0
BRDA:340,67,0,0
BRDA:340,67,1,0
BRDA:342,68,0,0
BRDA:342,68,1,0
BRF:151
BRH:3
end_of_record
TN:
SF:src\components\MaterialCoffeePage.tsx
FN:36,(anonymous_10)
FN:43,(anonymous_11)
FN:51,(anonymous_12)
FN:57,(anonymous_13)
FN:65,(anonymous_14)
FN:309,(anonymous_15)
FNF:6
FNH:4
FNDA:5,(anonymous_10)
FNDA:5,(anonymous_11)
FNDA:4,(anonymous_12)
FNDA:0,(anonymous_13)
FNDA:0,(anonymous_14)
FNDA:20,(anonymous_15)
DA:1,4
DA:2,4
DA:17,4
DA:19,4
DA:20,4
DA:23,4
DA:24,4
DA:25,4
DA:26,4
DA:27,4
DA:28,4
DA:29,4
DA:30,4
DA:36,4
DA:37,5
DA:38,5
DA:39,5
DA:40,5
DA:43,5
DA:44,5
DA:51,5
DA:52,4
DA:53,3
DA:54,3
DA:55,0
DA:56,0
DA:57,0
DA:58,0
DA:59,0
DA:65,5
DA:66,0
DA:67,0
DA:71,5
DA:93,5
DA:123,5
DA:125,5
DA:310,20
DA:433,4
LF:38
LH:31
BRDA:52,0,0,3
BRDA:52,0,1,1
BRDA:52,1,0,4
BRDA:52,1,1,4
BRDA:54,2,0,0
BRDA:54,2,1,3
BRDA:66,3,0,0
BRDA:66,3,1,0
BRDA:123,4,0,5
BRDA:123,4,1,0
BRDA:147,5,0,0
BRDA:147,5,1,5
BRDA:149,6,0,0
BRDA:149,6,1,5
BRDA:152,7,0,0
BRDA:152,7,1,5
BRDA:158,8,0,5
BRDA:158,8,1,0
BRDA:189,9,0,5
BRDA:189,9,1,5
BRDA:365,10,0,0
BRDA:365,10,1,5
BRF:22
BRH:13
end_of_record
TN:
SF:src\components\MaterialContentWrapper.tsx
FN:53,(anonymous_10)
FN:62,(anonymous_11)
FN:73,(anonymous_12)
FN:84,(anonymous_13)
FN:109,(anonymous_14)
FN:152,(anonymous_15)
FN:155,(anonymous_16)
FN:167,(anonymous_17)
FN:171,(anonymous_18)
FN:172,(anonymous_19)
FN:173,(anonymous_20)
FN:179,(anonymous_21)
FN:180,(anonymous_22)
FN:181,(anonymous_23)
FN:189,(anonymous_24)
FN:197,(anonymous_25)
FN:204,(anonymous_26)
FN:216,(anonymous_27)
FN:252,(anonymous_28)
FN:258,(anonymous_29)
FN:262,(anonymous_30)
FNF:21
FNH:1
FNDA:0,(anonymous_10)
FNDA:0,(anonymous_11)
FNDA:0,(anonymous_12)
FNDA:0,(anonymous_13)
FNDA:2,(anonymous_14)
FNDA:0,(anonymous_15)
FNDA:0,(anonymous_16)
FNDA:0,(anonymous_17)
FNDA:0,(anonymous_18)
FNDA:0,(anonymous_19)
FNDA:0,(anonymous_20)
FNDA:0,(anonymous_21)
FNDA:0,(anonymous_22)
FNDA:0,(anonymous_23)
FNDA:0,(anonymous_24)
FNDA:0,(anonymous_25)
FNDA:0,(anonymous_26)
FNDA:0,(anonymous_27)
FNDA:0,(anonymous_28)
FNDA:0,(anonymous_29)
FNDA:0,(anonymous_30)
DA:1,6
DA:2,6
DA:3,6
DA:4,6
DA:5,6
DA:7,6
DA:8,6
DA:9,6
DA:10,6
DA:11,6
DA:53,6
DA:62,6
DA:73,6
DA:84,6
DA:96,6
DA:109,6
DA:140,2
DA:141,2
DA:142,2
DA:143,2
DA:145,2
DA:146,2
DA:150,0
DA:152,0
DA:153,0
DA:154,0
DA:155,0
DA:157,0
DA:159,0
DA:160,0
DA:161,0
DA:163,0
DA:164,0
DA:165,0
DA:167,0
DA:170,0
DA:171,0
DA:172,0
DA:173,0
DA:177,0
DA:178,0
DA:179,0
DA:180,0
DA:181,0
DA:189,0
DA:190,0
DA:191,0
DA:196,0
DA:203,0
DA:204,0
DA:205,0
DA:206,0
DA:210,0
DA:215,0
DA:218,0
DA:219,0
DA:253,0
DA:258,0
DA:263,0
DA:265,0
DA:266,0
DA:268,0
DA:269,0
DA:270,0
DA:272,0
DA:281,0
DA:308,6
LF:67
LH:23
BRDA:53,0,0,0
BRDA:53,1,0,0
BRDA:58,2,0,0
BRDA:58,2,1,0
BRDA:66,3,0,0
BRDA:66,3,1,0
BRDA:86,4,0,0
BRDA:86,4,1,0
BRDA:92,5,0,0
BRDA:92,5,1,0
BRDA:93,6,0,0
BRDA:93,6,1,0
BRDA:118,7,0,2
BRDA:124,8,0,1
BRDA:125,9,0,1
BRDA:126,10,0,1
BRDA:127,11,0,1
BRDA:128,12,0,1
BRDA:135,13,0,2
BRDA:136,14,0,2
BRDA:137,15,0,2
BRDA:143,16,0,0
BRDA:143,16,1,2
BRDA:145,17,0,2
BRDA:145,17,1,0
BRDA:153,18,0,0
BRDA:153,18,1,0
BRDA:154,19,0,0
BRDA:154,19,1,0
BRDA:154,20,0,0
BRDA:154,20,1,0
BRDA:160,21,0,0
BRDA:160,21,1,0
BRDA:160,22,0,0
BRDA:160,22,1,0
BRDA:163,23,0,0
BRDA:163,23,1,0
BRDA:163,24,0,0
BRDA:163,24,1,0
BRDA:164,25,0,0
BRDA:164,25,1,0
BRDA:164,26,0,0
BRDA:164,26,1,0
BRDA:165,27,0,0
BRDA:165,27,1,0
BRDA:177,28,0,0
BRDA:177,28,1,0
BRDA:177,29,0,0
BRDA:177,29,1,0
BRDA:190,30,0,0
BRDA:190,30,1,0
BRDA:190,31,0,0
BRDA:190,31,1,0
BRDA:197,32,0,0
BRDA:197,32,1,0
BRDA:205,33,0,0
BRDA:205,33,1,0
BRDA:205,34,0,0
BRDA:205,34,1,0
BRDA:212,35,0,0
BRDA:212,35,1,0
BRDA:222,36,0,0
BRDA:222,36,1,0
BRDA:222,36,2,0
BRDA:222,36,3,0
BRDA:236,37,0,0
BRDA:236,37,1,0
BRDA:236,37,2,0
BRDA:236,37,3,0
BRDA:250,38,0,0
BRDA:250,38,1,0
BRDA:250,38,2,0
BRDA:250,38,3,0
BRDA:257,39,0,0
BRDA:257,39,1,0
BRDA:258,40,0,0
BRDA:258,40,1,0
BRDA:254,41,0,0
BRDA:254,41,1,0
BRDA:263,42,0,0
BRDA:263,42,1,0
BRDA:266,43,0,0
BRDA:266,43,1,0
BRDA:266,44,0,0
BRDA:266,44,1,0
BRDA:266,44,2,0
BRDA:269,45,0,0
BRDA:269,45,1,0
BRDA:277,46,0,0
BRDA:277,46,1,0
BRDA:286,47,0,0
BRDA:286,47,1,0
BRDA:286,47,2,0
BRDA:286,47,3,0
BRDA:289,48,0,0
BRDA:289,48,1,0
BRDA:292,49,0,0
BRDA:292,49,1,0
BRDA:303,50,0,0
BRDA:303,50,1,0
BRF:100
BRH:11
end_of_record
TN:
SF:src\components\MaterialMobileMenu.tsx
FN:63,(anonymous_10)
FN:99,(anonymous_11)
FN:103,(anonymous_12)
FN:105,(anonymous_13)
FN:111,(anonymous_14)
FN:128,(anonymous_15)
FN:128,(anonymous_16)
FN:129,(anonymous_17)
FN:129,(anonymous_18)
FN:129,(anonymous_19)
FN:170,(anonymous_20)
FN:176,(anonymous_21)
FN:187,(anonymous_22)
FN:230,(anonymous_23)
FN:252,(anonymous_24)
FN:260,(anonymous_25)
FN:295,(anonymous_26)
FN:335,(anonymous_27)
FN:343,(anonymous_28)
FNF:19
FNH:6
FNDA:17,(anonymous_10)
FNDA:6,(anonymous_11)
FNDA:0,(anonymous_12)
FNDA:0,(anonymous_13)
FNDA:0,(anonymous_14)
FNDA:6,(anonymous_15)
FNDA:6,(anonymous_16)
FNDA:6,(anonymous_17)
FNDA:0,(anonymous_18)
FNDA:6,(anonymous_19)
FNDA:0,(anonymous_20)
FNDA:0,(anonymous_21)
FNDA:0,(anonymous_22)
FNDA:0,(anonymous_23)
FNDA:0,(anonymous_24)
FNDA:0,(anonymous_25)
FNDA:0,(anonymous_26)
FNDA:0,(anonymous_27)
FNDA:0,(anonymous_28)
DA:1,3
DA:2,3
DA:27,3
DA:28,3
DA:29,3
DA:30,3
DA:31,3
DA:32,3
DA:33,3
DA:34,3
DA:35,3
DA:36,3
DA:38,3
DA:63,3
DA:77,17
DA:78,17
DA:79,17
DA:80,17
DA:81,17
DA:82,17
DA:83,17
DA:84,17
DA:85,17
DA:86,17
DA:87,17
DA:89,17
DA:97,17
DA:99,17
DA:100,6
DA:103,17
DA:104,0
DA:106,0
DA:107,0
DA:108,0
DA:111,17
DA:112,0
DA:113,0
DA:114,0
DA:115,0
DA:118,0
DA:119,0
DA:122,0
DA:123,0
DA:126,17
DA:127,17
DA:128,17
DA:129,17
DA:131,17
DA:133,17
DA:135,0
DA:171,0
DA:172,0
DA:173,0
DA:174,0
DA:175,0
DA:176,0
DA:177,0
DA:187,0
DA:230,0
DA:252,0
DA:261,0
DA:262,0
DA:263,0
DA:264,0
DA:265,0
DA:266,0
DA:269,0
DA:270,0
DA:271,0
DA:274,0
DA:275,0
DA:279,0
DA:280,0
DA:286,0
DA:288,0
DA:289,0
DA:291,0
DA:296,0
DA:297,0
DA:298,0
DA:335,0
DA:343,0
DA:377,3
LF:83
LH:38
BRDA:74,0,0,17
BRDA:87,1,0,17
BRDA:87,1,1,17
BRDA:100,2,0,0
BRDA:100,2,1,6
BRDA:103,3,0,0
BRDA:103,3,1,17
BRDA:104,4,0,0
BRDA:104,4,1,0
BRDA:104,5,0,0
BRDA:104,5,1,0
BRDA:107,6,0,0
BRDA:107,6,1,0
BRDA:113,7,0,0
BRDA:113,7,1,0
BRDA:114,8,0,0
BRDA:114,8,1,0
BRDA:115,9,0,0
BRDA:115,9,1,0
BRDA:118,10,0,0
BRDA:118,10,1,0
BRDA:119,11,0,0
BRDA:119,11,1,0
BRDA:133,12,0,17
BRDA:133,12,1,0
BRDA:140,13,0,0
BRDA:140,13,1,0
BRDA:141,14,0,0
BRDA:141,14,1,0
BRDA:143,15,0,0
BRDA:143,15,1,0
BRDA:165,16,0,0
BRDA:165,16,1,0
BRDA:171,17,0,0
BRDA:171,17,1,0
BRDA:172,18,0,0
BRDA:172,18,1,0
BRDA:189,19,0,0
BRDA:189,19,1,0
BRDA:199,20,0,0
BRDA:199,20,1,0
BRDA:214,21,0,0
BRDA:214,21,1,0
BRDA:221,22,0,0
BRDA:221,22,1,0
BRDA:234,23,0,0
BRDA:234,23,1,0
BRDA:235,24,0,0
BRDA:235,24,1,0
BRDA:236,25,0,0
BRDA:236,25,1,0
BRDA:253,26,0,0
BRDA:253,26,1,0
BRDA:261,27,0,0
BRDA:261,27,1,0
BRDA:265,28,0,0
BRDA:265,28,1,0
BRDA:265,29,0,0
BRDA:265,29,1,0
BRDA:265,29,2,0
BRDA:270,30,0,0
BRDA:270,30,1,0
BRDA:270,31,0,0
BRDA:270,31,1,0
BRDA:270,31,2,0
BRDA:275,32,0,0
BRDA:275,32,1,0
BRDA:275,33,0,0
BRDA:275,33,1,0
BRDA:275,33,2,0
BRDA:280,34,0,0
BRDA:280,34,1,0
BRDA:280,35,0,0
BRDA:280,35,1,0
BRDA:280,35,2,0
BRDA:280,35,3,0
BRDA:280,35,4,0
BRDA:288,36,0,0
BRDA:288,36,1,0
BRDA:288,37,0,0
BRDA:288,37,1,0
BRDA:288,37,2,0
BRDA:291,38,0,0
BRDA:291,38,1,0
BRDA:297,39,0,0
BRDA:297,39,1,0
BRDA:297,40,0,0
BRDA:297,40,1,0
BRDA:308,41,0,0
BRDA:308,41,1,0
BRDA:308,42,0,0
BRDA:308,42,1,0
BRDA:309,43,0,0
BRDA:309,43,1,0
BRDA:329,44,0,0
BRDA:329,44,1,0
BRDA:333,45,0,0
BRDA:333,45,1,0
BRDA:341,46,0,0
BRDA:341,46,1,0
BRDA:352,47,0,0
BRDA:352,47,1,0
BRDA:364,48,0,0
BRDA:364,48,1,0
BRF:104
BRH:6
end_of_record
TN:
SF:src\components\MaterialRecommendationCard.tsx
FN:53,(anonymous_10)
FN:69,(anonymous_11)
FN:76,(anonymous_12)
FN:106,(anonymous_13)
FN:111,(anonymous_14)
FN:143,(anonymous_15)
FN:166,(anonymous_16)
FN:181,(anonymous_17)
FN:194,(anonymous_18)
FNF:9
FNH:7
FNDA:27,(anonymous_10)
FNDA:27,(anonymous_11)
FNDA:27,(anonymous_12)
FNDA:0,(anonymous_13)
FNDA:27,(anonymous_14)
FNDA:0,(anonymous_15)
FNDA:27,(anonymous_16)
FNDA:26,(anonymous_17)
FNDA:21,(anonymous_18)
DA:1,7
DA:2,7
DA:12,7
DA:13,7
DA:14,7
DA:15,7
DA:16,7
DA:17,7
DA:18,7
DA:19,7
DA:20,7
DA:21,7
DA:22,7
DA:23,7
DA:24,7
DA:25,7
DA:26,7
DA:53,7
DA:62,27
DA:63,27
DA:64,27
DA:65,27
DA:67,27
DA:68,27
DA:69,27
DA:70,27
DA:71,27
DA:72,0
DA:74,27
DA:76,27
DA:77,27
DA:80,14
DA:83,0
DA:86,13
DA:89,0
DA:92,0
DA:95,0
DA:97,0
DA:99,0
DA:101,0
DA:103,0
DA:106,27
DA:107,0
DA:108,0
DA:111,27
DA:112,27
DA:143,27
DA:166,27
DA:181,27
DA:193,27
DA:194,27
DA:195,21
DA:196,15
DA:200,27
DA:318,7
LF:55
LH:44
BRDA:56,0,0,27
BRDA:57,1,0,27
BRDA:58,2,0,1
BRDA:59,3,0,27
BRDA:67,4,0,27
BRDA:67,4,1,0
BRDA:69,5,0,27
BRDA:70,6,0,0
BRDA:70,6,1,27
BRDA:71,7,0,0
BRDA:71,7,1,27
BRDA:77,8,0,14
BRDA:77,8,1,14
BRDA:77,8,2,0
BRDA:77,8,3,0
BRDA:77,8,4,13
BRDA:77,8,5,13
BRDA:77,8,6,0
BRDA:77,8,7,0
BRDA:77,8,8,0
BRDA:77,8,9,0
BRDA:77,8,10,0
BRDA:77,8,11,0
BRDA:77,8,12,0
BRDA:77,8,13,0
BRDA:77,8,14,0
BRDA:77,8,15,0
BRDA:107,9,0,0
BRDA:107,9,1,0
BRDA:119,10,0,0
BRDA:119,10,1,27
BRDA:120,11,0,0
BRDA:120,11,1,27
BRDA:133,12,0,0
BRDA:133,12,1,27
BRDA:134,13,0,0
BRDA:134,13,1,27
BRDA:135,14,0,0
BRDA:135,14,1,0
BRDA:138,15,0,27
BRDA:138,15,1,1
BRDA:167,16,0,0
BRDA:167,16,1,27
BRDA:168,17,0,0
BRDA:168,17,1,27
BRDA:169,18,0,0
BRDA:169,18,1,27
BRDA:170,19,0,0
BRDA:170,19,1,27
BRDA:175,20,0,0
BRDA:175,20,1,27
BRDA:177,21,0,0
BRDA:177,21,1,27
BRDA:195,22,0,15
BRDA:195,22,1,6
BRDA:195,23,0,21
BRDA:195,23,1,21
BRDA:207,24,0,27
BRDA:207,24,1,0
BRDA:214,25,0,0
BRDA:214,25,1,0
BRDA:262,26,0,27
BRDA:262,26,1,27
BRDA:271,27,0,27
BRDA:271,27,1,27
BRDA:271,27,2,26
BRDA:281,28,0,27
BRDA:281,28,1,0
BRDA:312,29,0,27
BRDA:312,29,1,0
BRF:70
BRH:36
end_of_record
TN:
SF:src\components\MaterialSubcategoryChips.tsx
FN:2,(anonymous_1)
FNF:1
FNH:1
FNDA:1,(anonymous_1)
DA:2,8
LF:1
LH:1
BRF:0
BRH:0
end_of_record
TN:
SF:src\components\MaterialThemeProvider.tsx
FN:16,(anonymous_1)
FN:20,(anonymous_2)
FNF:2
FNH:2
FNDA:49,(anonymous_1)
FNDA:47,(anonymous_2)
DA:1,10
DA:2,10
DA:3,10
DA:4,10
DA:5,10
DA:16,10
DA:17,49
DA:20,49
DA:21,47
DA:26,47
DA:30,49
DA:95,49
DA:103,10
LF:13
LH:13
BRDA:21,0,0,47
BRDA:21,0,1,0
BRDA:22,1,0,47
BRDA:22,1,1,47
BRDA:22,1,2,47
BRDA:32,2,0,5
BRDA:32,2,1,44
BRDA:40,3,0,5
BRDA:40,3,1,44
BRDA:41,4,0,5
BRDA:41,4,1,44
BRDA:44,5,0,5
BRDA:44,5,1,44
BRDA:45,6,0,5
BRDA:45,6,1,44
BRDA:79,7,0,5
BRDA:79,7,1,44
BRF:17
BRH:16
end_of_record
TN:
SF:src\components\MobileRecommendationsList.tsx
FN:34,(anonymous_1)
FN:102,(anonymous_2)
FN:130,(anonymous_3)
FN:152,(anonymous_4)
FNF:4
FNH:1
FNDA:1,(anonymous_1)
FNDA:0,(anonymous_2)
FNDA:0,(anonymous_3)
FNDA:0,(anonymous_4)
DA:1,5
DA:2,5
DA:3,5
DA:34,5
DA:61,1
DA:62,1
DA:64,1
DA:102,0
DA:130,0
DA:152,0
DA:164,5
LF:11
LH:8
BRDA:41,0,0,1
BRDA:52,1,0,1
BRDA:53,2,0,1
BRDA:54,3,0,1
BRDA:55,4,0,1
BRDA:56,5,0,1
BRDA:57,6,0,1
BRDA:58,7,0,1
BRDA:61,8,0,1
BRDA:61,8,1,0
BRDA:92,9,0,0
BRDA:92,9,1,1
BRDA:92,10,0,1
BRDA:92,10,1,0
BRDA:98,11,0,1
BRDA:98,11,1,0
BRDA:99,12,0,0
BRDA:99,12,1,1
BRDA:100,13,0,0
BRDA:100,13,1,0
BRDA:106,14,0,1
BRDA:106,14,1,0
BRDA:126,15,0,0
BRDA:126,15,1,0
BRDA:127,16,0,0
BRDA:127,16,1,0
BRDA:137,17,0,0
BRDA:137,17,1,0
BRDA:137,18,0,0
BRDA:137,18,1,0
BRDA:148,19,0,0
BRDA:148,19,1,0
BRDA:148,20,0,0
BRDA:148,20,1,0
BRDA:148,21,0,0
BRDA:148,21,1,0
BRDA:149,22,0,0
BRDA:149,22,1,0
BRDA:149,23,0,0
BRDA:149,23,1,0
BRDA:149,24,0,0
BRDA:149,24,1,0
BRDA:153,25,0,0
BRDA:153,25,1,0
BRDA:153,26,0,0
BRDA:153,26,1,0
BRF:46
BRH:14
end_of_record
TN:
SF:src\components\RecommendationsList.tsx
FN:20,(anonymous_1)
FNF:1
FNH:1
FNDA:23,(anonymous_1)
DA:1,5
DA:2,5
DA:3,5
DA:4,5
DA:20,5
DA:32,23
DA:35,23
DA:48,23
DA:53,5
LF:9
LH:9
BRDA:48,0,0,1
BRDA:48,0,1,22
BRF:2
BRH:2
end_of_record
TN:
SF:src\components\SharedComponents.tsx
FN:20,(anonymous_1)
FN:39,(anonymous_2)
FN:68,(anonymous_3)
FN:110,(anonymous_4)
FN:135,(anonymous_5)
FNF:5
FNH:5
FNDA:2,(anonymous_1)
FNDA:1,(anonymous_2)
FNDA:2,(anonymous_3)
FNDA:2,(anonymous_4)
FNDA:3,(anonymous_5)
DA:7,5
DA:8,5
DA:9,5
DA:20,5
DA:21,2
DA:39,1
DA:68,5
DA:69,2
DA:70,2
DA:110,5
DA:111,2
DA:135,5
DA:136,3
DA:137,3
DA:138,3
LF:15
LH:15
BRDA:20,0,0,2
BRDA:20,1,0,2
BRDA:20,2,0,2
BRDA:20,3,0,2
BRDA:20,4,0,2
BRDA:20,5,0,2
BRDA:29,6,0,0
BRDA:29,6,1,2
BRDA:39,7,0,1
BRDA:39,7,1,0
BRDA:68,8,0,2
BRDA:68,9,0,2
BRDA:72,10,0,2
BRDA:72,10,1,0
BRDA:110,11,0,2
BRDA:112,12,0,1
BRDA:112,12,1,1
BRDA:115,13,0,2
BRDA:115,13,1,1
BRDA:116,14,0,0
BRDA:116,14,1,1
BRDA:135,15,0,3
BRDA:137,16,0,3
BRDA:137,16,1,2
BRDA:137,16,2,2
BRDA:140,17,0,3
BRDA:140,17,1,2
BRDA:141,18,0,3
BRDA:141,18,1,2
BRF:29
BRH:25
end_of_record
TN:
SF:src\components\SplashDialog.tsx
FN:35,(anonymous_10)
FN:58,(anonymous_11)
FN:60,(anonymous_12)
FN:63,(anonymous_13)
FN:70,(anonymous_14)
FN:77,(anonymous_15)
FN:84,(anonymous_16)
FN:90,(anonymous_17)
FN:95,(anonymous_18)
FN:109,(anonymous_19)
FN:120,(anonymous_20)
FN:128,(anonymous_21)
FN:134,addIdToImg
FN:137,(anonymous_23)
FN:138,(anonymous_24)
FN:178,(anonymous_25)
FN:244,(anonymous_26)
FN:291,(anonymous_27)
FN:314,(anonymous_28)
FN:327,(anonymous_29)
FNF:20
FNH:12
FNDA:29,(anonymous_10)
FNDA:12,(anonymous_11)
FNDA:12,(anonymous_12)
FNDA:12,(anonymous_13)
FNDA:12,(anonymous_14)
FNDA:14,(anonymous_15)
FNDA:14,(anonymous_16)
FNDA:0,(anonymous_17)
FNDA:0,(anonymous_18)
FNDA:0,(anonymous_19)
FNDA:14,(anonymous_20)
FNDA:14,(anonymous_21)
FNDA:6,addIdToImg
FNDA:6,(anonymous_23)
FNDA:0,(anonymous_24)
FNDA:12,(anonymous_25)
FNDA:0,(anonymous_26)
FNDA:0,(anonymous_27)
FNDA:0,(anonymous_28)
FNDA:0,(anonymous_29)
DA:1,7
DA:2,7
DA:3,7
DA:4,7
DA:5,7
DA:6,7
DA:7,7
DA:35,7
DA:48,29
DA:49,29
DA:50,29
DA:51,29
DA:54,29
DA:55,29
DA:58,29
DA:59,12
DA:60,12
DA:61,12
DA:62,12
DA:63,12
DA:68,29
DA:70,29
DA:71,12
DA:72,9
DA:77,29
DA:78,14
DA:79,0
DA:84,29
DA:85,14
DA:86,0
DA:88,0
DA:90,0
DA:91,0
DA:92,0
DA:95,0
DA:96,0
DA:97,0
DA:98,0
DA:101,0
DA:103,0
DA:106,0
DA:109,0
DA:110,0
DA:113,14
DA:114,0
DA:115,0
DA:120,29
DA:121,14
DA:122,4
DA:123,4
DA:125,10
DA:126,10
DA:128,14
DA:129,14
DA:135,6
DA:137,6
DA:138,6
DA:139,6
DA:140,6
DA:149,0
DA:150,0
DA:151,0
DA:153,0
DA:157,29
DA:160,29
DA:165,29
DA:178,29
DA:179,12
DA:180,3
DA:181,3
DA:182,3
DA:183,3
DA:188,29
DA:205,29
DA:207,10
DA:244,0
DA:292,0
DA:293,0
DA:315,0
DA:316,0
DA:329,0
DA:330,0
DA:358,7
LF:83
LH:55
BRDA:41,0,0,6
BRDA:42,1,0,29
BRDA:43,2,0,29
BRDA:44,3,0,29
BRDA:45,4,0,29
BRDA:55,5,0,29
BRDA:55,5,1,29
BRDA:59,6,0,12
BRDA:59,6,1,0
BRDA:71,7,0,9
BRDA:71,7,1,3
BRDA:71,8,0,12
BRDA:71,8,1,12
BRDA:78,9,0,0
BRDA:78,9,1,14
BRDA:85,10,0,0
BRDA:85,10,1,14
BRDA:85,11,0,14
BRDA:85,11,1,4
BRDA:88,12,0,0
BRDA:88,12,1,0
BRDA:97,13,0,0
BRDA:97,13,1,0
BRDA:110,14,0,0
BRDA:110,14,1,0
BRDA:110,14,2,0
BRDA:113,15,0,0
BRDA:113,15,1,14
BRDA:113,16,0,14
BRDA:113,16,1,10
BRDA:121,17,0,4
BRDA:121,17,1,10
BRDA:135,18,0,0
BRDA:135,18,1,6
BRDA:137,19,0,6
BRDA:137,19,1,0
BRDA:138,20,0,0
BRDA:138,20,1,0
BRDA:139,21,0,6
BRDA:139,21,1,0
BRDA:139,22,0,6
BRDA:139,22,1,6
BRDA:144,23,0,6
BRDA:144,23,1,6
BRDA:145,24,0,6
BRDA:145,24,1,0
BRDA:149,25,0,0
BRDA:149,25,1,0
BRDA:149,26,0,0
BRDA:149,26,1,0
BRDA:179,27,0,3
BRDA:179,27,1,9
BRDA:179,28,0,12
BRDA:179,28,1,12
BRDA:189,29,0,0
BRDA:189,29,1,29
BRDA:190,30,0,0
BRDA:190,30,1,29
BRDA:191,31,0,0
BRDA:191,31,1,29
BRDA:192,32,0,0
BRDA:192,32,1,29
BRDA:193,33,0,0
BRDA:193,33,1,29
BRDA:205,34,0,19
BRDA:205,34,1,10
BRDA:244,35,0,0
BRDA:244,35,1,10
BRDA:244,36,0,0
BRDA:244,36,1,0
BRDA:257,37,0,10
BRDA:257,37,1,10
BRDA:291,38,0,0
BRDA:291,38,1,10
BRDA:292,39,0,0
BRDA:292,39,1,0
BRDA:292,40,0,0
BRDA:292,40,1,0
BRDA:315,41,0,0
BRDA:315,41,1,0
BRDA:320,42,0,6
BRDA:320,42,1,4
BRDA:329,43,0,0
BRDA:329,43,1,0
BRDA:335,44,0,4
BRDA:335,44,1,4
BRDA:336,45,0,4
BRDA:336,45,1,0
BRF:88
BRH:49
end_of_record
TN:
SF:src\components\StorageMonitor.tsx
FN:23,StorageMonitor
FN:31,(anonymous_11)
FN:55,(anonymous_12)
FN:65,(anonymous_13)
FN:89,useStorageErrorHandler
FN:90,(anonymous_15)
FN:94,(anonymous_16)
FN:111,(anonymous_17)
FN:124,(anonymous_18)
FNF:9
FNH:7
FNDA:12,StorageMonitor
FNDA:3,(anonymous_11)
FNDA:3,(anonymous_12)
FNDA:1,(anonymous_13)
FNDA:5,useStorageErrorHandler
FNDA:5,(anonymous_15)
FNDA:0,(anonymous_16)
FNDA:0,(anonymous_17)
FNDA:5,(anonymous_18)
DA:1,2
DA:2,2
DA:3,2
DA:23,2
DA:24,12
DA:27,12
DA:30,6
DA:31,6
DA:32,3
DA:33,3
DA:37,6
DA:55,3
DA:66,1
DA:67,1
DA:89,2
DA:90,5
DA:91,5
DA:92,5
DA:93,5
DA:94,5
DA:95,0
DA:96,0
DA:104,0
DA:106,0
DA:107,0
DA:109,0
DA:111,5
DA:112,0
DA:113,0
DA:115,0
DA:117,0
DA:119,0
DA:120,0
DA:124,5
DA:125,5
DA:126,5
DA:127,5
LF:37
LH:25
BRDA:23,0,0,0
BRDA:27,1,0,6
BRDA:27,1,1,6
BRDA:32,2,0,3
BRDA:32,2,1,0
BRDA:41,3,0,0
BRDA:41,3,1,6
BRDA:42,4,0,0
BRDA:42,4,1,6
BRDA:43,5,0,0
BRDA:43,5,1,6
BRDA:44,6,0,0
BRDA:44,6,1,6
BRDA:61,7,0,6
BRDA:61,7,1,2
BRDA:91,8,0,5
BRDA:91,8,1,0
BRDA:92,9,0,5
BRDA:92,9,1,0
BRDA:93,10,0,5
BRDA:93,10,1,0
BRDA:95,11,0,0
BRDA:95,11,1,0
BRDA:95,12,0,0
BRDA:95,12,1,0
BRDA:106,13,0,0
BRDA:106,13,1,0
BRDA:112,14,0,0
BRDA:112,14,1,0
BRDA:112,15,0,0
BRDA:112,15,1,0
BRDA:119,16,0,0
BRDA:119,16,1,0
BRDA:125,17,0,5
BRDA:125,17,1,0
BRF:35
BRH:13
end_of_record
TN:
SF:src\components\ThemeToggle.tsx
FN:9,(anonymous_1)
FNF:1
FNH:0
FNDA:0,(anonymous_1)
DA:1,1
DA:2,1
DA:3,1
DA:9,1
DA:10,0
DA:11,0
DA:13,0
DA:49,1
LF:8
LH:5
BRDA:29,0,0,0
BRDA:29,0,1,0
BRDA:33,1,0,0
BRDA:33,1,1,0
BRF:4
BRH:0
end_of_record
TN:
SF:src\components\UnifiedItemDetail.tsx
FN:55,(anonymous_10)
FN:305,(anonymous_11)
FN:313,(anonymous_12)
FN:331,(anonymous_13)
FN:337,(anonymous_14)
FN:344,(anonymous_15)
FN:349,(anonymous_16)
FN:352,(anonymous_17)
FN:355,(anonymous_18)
FN:360,(anonymous_19)
FN:362,(anonymous_20)
FN:365,(anonymous_21)
FN:370,(anonymous_22)
FN:389,(anonymous_23)
FN:391,(anonymous_24)
FN:397,(anonymous_25)
FN:403,(anonymous_26)
FN:456,(anonymous_27)
FN:486,(anonymous_28)
FN:496,(anonymous_29)
FN:504,(anonymous_30)
FN:737,(anonymous_31)
FN:738,(anonymous_32)
FN:739,(anonymous_33)
FN:755,(anonymous_34)
FNF:25
FNH:8
FNDA:6,(anonymous_10)
FNDA:8,(anonymous_11)
FNDA:0,(anonymous_12)
FNDA:5,(anonymous_13)
FNDA:0,(anonymous_14)
FNDA:5,(anonymous_15)
FNDA:5,(anonymous_16)
FNDA:0,(anonymous_17)
FNDA:5,(anonymous_18)
FNDA:5,(anonymous_19)
FNDA:0,(anonymous_20)
FNDA:0,(anonymous_21)
FNDA:0,(anonymous_22)
FNDA:0,(anonymous_23)
FNDA:0,(anonymous_24)
FNDA:0,(anonymous_25)
FNDA:0,(anonymous_26)
FNDA:6,(anonymous_27)
FNDA:0,(anonymous_28)
FNDA:0,(anonymous_29)
FNDA:0,(anonymous_30)
FNDA:0,(anonymous_31)
FNDA:0,(anonymous_32)
FNDA:0,(anonymous_33)
FNDA:0,(anonymous_34)
DA:1,5
DA:2,5
DA:3,5
DA:4,5
DA:5,5
DA:6,5
DA:7,5
DA:8,5
DA:9,5
DA:10,5
DA:11,5
DA:12,5
DA:14,5
DA:16,5
DA:17,5
DA:18,5
DA:21,5
DA:31,5
DA:40,5
DA:41,5
DA:42,5
DA:43,5
DA:44,5
DA:45,5
DA:46,5
DA:54,5
DA:55,6
DA:305,5
DA:307,8
DA:308,8
DA:309,8
DA:310,8
DA:311,8
DA:312,8
DA:313,8
DA:314,0
DA:315,0
DA:317,0
DA:320,8
DA:321,8
DA:322,8
DA:323,8
DA:324,8
DA:325,8
DA:326,8
DA:327,8
DA:328,8
DA:329,8
DA:331,8
DA:335,8
DA:336,8
DA:337,0
DA:341,8
DA:344,8
DA:345,5
DA:349,8
DA:350,5
DA:351,5
DA:352,5
DA:353,0
DA:355,5
DA:360,8
DA:361,5
DA:362,0
DA:363,0
DA:365,0
DA:370,8
DA:371,0
DA:372,0
DA:374,0
DA:376,0
DA:377,0
DA:379,0
DA:380,0
DA:382,0
DA:385,0
DA:389,8
DA:390,0
DA:391,0
DA:392,0
DA:397,8
DA:398,0
DA:399,0
DA:400,0
DA:405,0
DA:406,0
DA:419,8
DA:420,2
DA:428,6
DA:429,0
DA:432,6
DA:433,0
DA:441,6
DA:442,6
DA:444,6
DA:445,6
DA:448,6
DA:450,6
DA:451,6
DA:452,6
DA:453,6
DA:454,6
DA:456,6
DA:457,6
DA:471,6
DA:472,6
DA:473,0
DA:474,0
DA:475,0
DA:476,0
DA:479,6
DA:481,6
DA:486,0
DA:490,0
DA:496,0
DA:500,0
DA:504,0
DA:509,0
DA:518,0
DA:527,0
DA:535,0
DA:543,0
DA:552,0
DA:560,0
DA:569,6
DA:571,0
DA:572,0
DA:644,6
DA:646,6
DA:648,6
DA:649,0
DA:652,6
DA:653,6
DA:654,6
DA:656,6
DA:737,0
DA:738,0
DA:739,0
DA:756,0
DA:757,0
DA:758,0
DA:759,0
DA:760,0
DA:762,0
DA:834,0
DA:837,5
LF:146
LH:90
BRDA:310,0,0,8
BRDA:310,0,1,8
BRDA:314,1,0,0
BRDA:314,1,1,0
BRDA:335,2,0,8
BRDA:335,2,1,0
BRDA:336,3,0,0
BRDA:336,3,1,8
BRDA:336,4,0,8
BRDA:336,4,1,0
BRDA:336,4,2,0
BRDA:336,4,3,0
BRDA:336,4,4,0
BRDA:337,5,0,0
BRDA:337,5,1,0
BRDA:341,6,0,8
BRDA:341,6,1,8
BRDA:345,7,0,5
BRDA:345,7,1,0
BRDA:350,8,0,5
BRDA:350,8,1,0
BRDA:361,9,0,0
BRDA:361,9,1,5
BRDA:361,10,0,5
BRDA:361,10,1,0
BRDA:371,11,0,0
BRDA:371,11,1,0
BRDA:374,12,0,0
BRDA:374,12,1,0
BRDA:379,13,0,0
BRDA:379,13,1,0
BRDA:399,14,0,0
BRDA:399,14,1,0
BRDA:419,15,0,2
BRDA:419,15,1,6
BRDA:428,16,0,0
BRDA:428,16,1,6
BRDA:428,17,0,6
BRDA:428,17,1,0
BRDA:428,17,2,0
BRDA:428,17,3,0
BRDA:428,17,4,0
BRDA:432,18,0,0
BRDA:432,18,1,6
BRDA:437,19,0,0
BRDA:437,19,1,0
BRDA:437,20,0,0
BRDA:437,20,1,0
BRDA:441,21,0,6
BRDA:441,21,1,0
BRDA:448,22,0,6
BRDA:448,22,1,0
BRDA:450,23,0,6
BRDA:450,23,1,0
BRDA:451,24,0,6
BRDA:451,24,1,0
BRDA:451,24,2,0
BRDA:452,25,0,6
BRDA:452,25,1,3
BRDA:453,26,0,6
BRDA:453,26,1,3
BRDA:454,27,0,6
BRDA:454,27,1,0
BRDA:472,28,0,0
BRDA:472,28,1,6
BRDA:473,29,0,0
BRDA:473,29,1,0
BRDA:474,30,0,0
BRDA:474,30,1,0
BRDA:475,31,0,0
BRDA:475,31,1,0
BRDA:479,32,0,6
BRDA:479,32,1,0
BRDA:479,32,2,0
BRDA:479,32,3,0
BRDA:479,32,4,0
BRDA:479,32,5,0
BRDA:479,32,6,0
BRDA:479,32,7,0
BRDA:479,32,8,0
BRDA:479,32,9,0
BRDA:479,32,10,0
BRDA:479,33,0,6
BRDA:479,33,1,0
BRDA:484,34,0,6
BRDA:484,34,1,6
BRDA:485,35,0,0
BRDA:485,35,1,6
BRDA:486,36,0,0
BRDA:486,36,1,6
BRDA:487,37,0,0
BRDA:487,37,1,6
BRDA:494,38,0,0
BRDA:494,38,1,0
BRDA:495,39,0,0
BRDA:495,39,1,0
BRDA:496,40,0,0
BRDA:496,40,1,0
BRDA:497,41,0,0
BRDA:497,41,1,0
BRDA:503,42,0,0
BRDA:503,42,1,0
BRDA:504,43,0,0
BRDA:504,43,1,0
BRDA:505,44,0,0
BRDA:505,44,1,0
BRDA:506,45,0,0
BRDA:506,45,1,0
BRDA:512,46,0,0
BRDA:512,46,1,0
BRDA:513,47,0,0
BRDA:513,47,1,0
BRDA:514,48,0,0
BRDA:514,48,1,0
BRDA:515,49,0,0
BRDA:515,49,1,0
BRDA:522,50,0,0
BRDA:522,50,1,0
BRDA:523,51,0,0
BRDA:523,51,1,0
BRDA:524,52,0,0
BRDA:524,52,1,0
BRDA:530,53,0,0
BRDA:530,53,1,0
BRDA:531,54,0,0
BRDA:531,54,1,0
BRDA:532,55,0,0
BRDA:532,55,1,0
BRDA:538,56,0,0
BRDA:538,56,1,0
BRDA:539,57,0,0
BRDA:539,57,1,0
BRDA:540,58,0,0
BRDA:540,58,1,0
BRDA:546,59,0,0
BRDA:546,59,1,0
BRDA:547,60,0,0
BRDA:547,60,1,0
BRDA:548,61,0,0
BRDA:548,61,1,0
BRDA:555,62,0,0
BRDA:555,62,1,0
BRDA:556,63,0,0
BRDA:556,63,1,0
BRDA:557,64,0,0
BRDA:557,64,1,0
BRDA:563,65,0,0
BRDA:563,65,1,0
BRDA:569,66,0,0
BRDA:569,66,1,6
BRDA:571,67,0,0
BRDA:571,67,1,0
BRDA:591,68,0,0
BRDA:591,68,1,0
BRDA:601,69,0,0
BRDA:601,69,1,0
BRDA:602,70,0,0
BRDA:602,70,1,0
BRDA:603,71,0,0
BRDA:603,71,1,0
BRDA:608,72,0,0
BRDA:608,72,1,0
BRDA:625,73,0,0
BRDA:625,73,1,0
BRDA:626,74,0,0
BRDA:626,74,1,0
BRDA:644,75,0,6
BRDA:644,75,1,0
BRDA:646,76,0,6
BRDA:646,76,1,0
BRDA:648,77,0,0
BRDA:648,77,1,6
BRDA:654,78,0,0
BRDA:654,78,1,6
BRDA:662,79,0,0
BRDA:662,79,1,6
BRDA:663,80,0,0
BRDA:663,80,1,6
BRDA:668,81,0,6
BRDA:668,81,1,0
BRDA:678,82,0,6
BRDA:678,82,1,0
BRDA:679,83,0,6
BRDA:679,83,1,0
BRDA:680,84,0,6
BRDA:680,84,1,0
BRDA:688,85,0,0
BRDA:688,85,1,6
BRDA:689,86,0,0
BRDA:689,86,1,6
BRDA:696,87,0,0
BRDA:696,87,1,6
BRDA:704,88,0,0
BRDA:704,88,1,6
BRDA:704,89,0,6
BRDA:704,89,1,6
BRDA:705,90,0,0
BRDA:705,90,1,6
BRDA:705,91,0,6
BRDA:705,91,1,6
BRDA:714,92,0,6
BRDA:714,92,1,6
BRDA:718,93,0,6
BRDA:718,93,1,0
BRDA:736,94,0,0
BRDA:736,94,1,6
BRDA:753,95,0,6
BRDA:753,95,1,0
BRDA:757,96,0,0
BRDA:757,96,1,0
BRDA:757,97,0,0
BRDA:757,97,1,0
BRDA:758,98,0,0
BRDA:758,98,1,0
BRDA:769,99,0,6
BRDA:769,99,1,0
BRDA:769,99,2,0
BRDA:773,100,0,6
BRDA:773,100,1,6
BRDA:773,100,2,0
BRDA:776,101,0,6
BRDA:776,101,1,0
BRDA:779,102,0,6
BRDA:779,102,1,0
BRDA:782,103,0,6
BRDA:782,103,1,0
BRDA:785,104,0,6
BRDA:785,104,1,0
BRDA:788,105,0,6
BRDA:788,105,1,0
BRDA:791,106,0,6
BRDA:791,106,1,0
BRF:232
BRH:67
end_of_record
TN:
SF:src\components\WelcomePopup.tsx
FN:13,(anonymous_10)
FN:19,(anonymous_11)
FN:31,(anonymous_12)
FN:61,(anonymous_13)
FN:64,(anonymous_14)
FN:65,onKeyDown
FN:71,(anonymous_16)
FN:78,handleOverlayClick
FNF:8
FNH:7
FNDA:16,(anonymous_10)
FNDA:14,(anonymous_11)
FNDA:8,(anonymous_12)
FNDA:8,(anonymous_13)
FNDA:8,(anonymous_14)
FNDA:0,onKeyDown
FNDA:8,(anonymous_16)
FNDA:1,handleOverlayClick
DA:1,3
DA:2,3
DA:3,3
DA:4,3
DA:6,3
DA:13,3
DA:14,16
DA:15,16
DA:16,16
DA:19,16
DA:20,14
DA:21,5
DA:30,16
DA:31,16
DA:32,8
DA:33,8
DA:38,16
DA:40,16
DA:61,16
DA:64,16
DA:66,0
DA:68,8
DA:69,3
DA:71,8
DA:74,16
DA:75,11
DA:79,1
DA:82,5
DA:125,3
DA:126,3
LF:30
LH:29
BRDA:20,0,0,5
BRDA:20,0,1,9
BRDA:32,1,0,8
BRDA:32,1,1,0
BRDA:38,2,0,0
BRDA:38,2,1,16
BRDA:66,3,0,0
BRDA:66,3,1,0
BRDA:68,4,0,3
BRDA:68,4,1,5
BRDA:74,5,0,11
BRDA:74,5,1,5
BRDA:79,6,0,0
BRDA:79,6,1,1
BRF:14
BRH:9
end_of_record
TN:
SF:src\components\ZustandDebug.tsx
FN:9,(anonymous_1)
FN:10,(anonymous_2)
FNF:2
FNH:2
FNDA:2,(anonymous_1)
FNDA:2,(anonymous_2)
DA:6,1
DA:7,1
DA:9,1
DA:10,2
DA:11,2
DA:18,1
LF:6
LH:6
BRDA:13,0,0,1
BRDA:13,0,1,1
BRF:2
BRH:2
end_of_record
TN:
SF:src\components\home\CategoryBar.tsx
FN:48,(anonymous_1)
FN:63,(anonymous_2)
FN:75,(anonymous_3)
FNF:3
FNH:3
FNDA:21,(anonymous_1)
FNDA:39,(anonymous_2)
FNDA:1,(anonymous_3)
DA:1,5
DA:2,5
DA:3,5
DA:48,5
DA:58,21
DA:60,20
DA:64,39
DA:65,39
DA:66,3
DA:68,36
DA:75,1
DA:106,5
LF:12
LH:12
BRDA:55,0,0,20
BRDA:58,1,0,1
BRDA:58,1,1,20
BRDA:63,2,0,20
BRDA:63,2,1,20
BRDA:65,3,0,3
BRDA:65,3,1,36
BRDA:71,4,0,1
BRDA:71,4,1,35
BRDA:77,5,0,1
BRDA:77,5,1,35
BRDA:78,6,0,1
BRDA:78,6,1,35
BRDA:79,7,0,1
BRDA:79,7,1,35
BRDA:83,8,0,1
BRDA:83,8,1,35
BRDA:89,9,0,1
BRDA:89,9,1,35
BRDA:90,10,0,1
BRDA:90,10,1,35
BRF:21
BRH:21
end_of_record
TN:
SF:src\components\home\SpecialButtons.tsx
FN:30,(anonymous_1)
FN:51,(anonymous_2)
FN:52,(anonymous_3)
FN:68,(anonymous_4)
FN:89,(anonymous_5)
FN:112,(anonymous_6)
FN:136,(anonymous_7)
FN:163,(anonymous_8)
FN:181,(anonymous_9)
FNF:9
FNH:6
FNDA:31,(anonymous_1)
FNDA:69,(anonymous_2)
FNDA:69,(anonymous_3)
FNDA:2,(anonymous_4)
FNDA:1,(anonymous_5)
FNDA:1,(anonymous_6)
FNDA:0,(anonymous_7)
FNDA:0,(anonymous_8)
FNDA:0,(anonymous_9)
DA:1,5
DA:2,5
DA:3,5
DA:4,5
DA:5,5
DA:30,5
DA:47,31
DA:49,31
DA:51,69
DA:52,69
DA:55,31
DA:57,31
DA:69,2
DA:70,2
DA:90,1
DA:91,1
DA:113,1
DA:114,1
DA:137,0
DA:138,0
DA:163,0
DA:181,0
DA:289,5
LF:23
LH:19
BRDA:55,0,0,31
BRDA:55,0,1,30
BRDA:58,1,0,1
BRDA:58,1,1,30
BRDA:60,2,0,31
BRDA:60,2,1,7
BRDA:63,3,0,0
BRDA:63,3,1,7
BRDA:64,4,0,0
BRDA:64,4,1,7
BRDA:69,5,0,0
BRDA:69,5,1,2
BRDA:70,6,0,1
BRDA:70,6,1,1
BRDA:78,7,0,0
BRDA:78,7,1,7
BRDA:81,8,0,5
BRDA:81,8,1,2
BRDA:84,9,0,0
BRDA:84,9,1,7
BRDA:85,10,0,0
BRDA:85,10,1,7
BRDA:90,11,0,0
BRDA:90,11,1,1
BRDA:91,12,0,0
BRDA:91,12,1,1
BRDA:99,13,0,0
BRDA:99,13,1,7
BRDA:102,14,0,5
BRDA:102,14,1,2
BRDA:105,15,0,7
BRDA:105,15,1,2
BRDA:107,16,0,1
BRDA:107,16,1,1
BRDA:108,17,0,1
BRDA:108,17,1,1
BRDA:114,18,0,0
BRDA:114,18,1,1
BRDA:122,19,0,1
BRDA:122,19,1,1
BRDA:125,20,0,2
BRDA:125,20,1,0
BRDA:129,21,0,7
BRDA:129,21,1,1
BRDA:129,22,0,7
BRDA:129,22,1,4
BRDA:131,23,0,0
BRDA:131,23,1,1
BRDA:132,24,0,0
BRDA:132,24,1,1
BRDA:137,25,0,0
BRDA:137,25,1,0
BRDA:138,26,0,0
BRDA:138,26,1,0
BRDA:146,27,0,0
BRDA:146,27,1,1
BRDA:149,28,0,1
BRDA:149,28,1,0
BRDA:155,29,0,31
BRDA:155,29,1,1
BRDA:158,30,0,0
BRDA:158,30,1,1
BRDA:159,31,0,0
BRDA:159,31,1,1
BRDA:163,32,0,0
BRDA:163,32,1,0
BRDA:170,33,0,0
BRDA:170,33,1,1
BRDA:173,34,0,1
BRDA:173,34,1,0
BRDA:176,35,0,0
BRDA:176,35,1,1
BRDA:177,36,0,0
BRDA:177,36,1,1
BRDA:181,37,0,0
BRDA:181,37,1,0
BRDA:188,38,0,0
BRDA:188,38,1,1
BRDA:191,39,0,1
BRDA:191,39,1,0
BRDA:195,40,0,31
BRDA:195,40,1,8
BRDA:197,41,0,2
BRDA:197,41,1,6
BRDA:198,42,0,2
BRDA:198,42,1,6
BRDA:212,43,0,2
BRDA:212,43,1,6
BRDA:215,44,0,8
BRDA:215,44,1,0
BRDA:219,45,0,31
BRDA:219,45,1,19
BRDA:219,45,2,19
BRDA:219,45,3,19
BRDA:221,46,0,2
BRDA:221,46,1,17
BRDA:222,47,0,2
BRDA:222,47,1,17
BRDA:230,48,0,2
BRDA:230,48,1,17
BRDA:233,49,0,2
BRDA:233,49,1,17
BRDA:236,50,0,17
BRDA:236,50,1,2
BRDA:240,51,0,31
BRDA:240,51,1,3
BRDA:240,51,2,2
BRDA:242,52,0,1
BRDA:242,52,1,1
BRDA:243,53,0,1
BRDA:243,53,1,1
BRDA:254,54,0,1
BRDA:254,54,1,1
BRDA:257,55,0,2
BRDA:257,55,1,0
BRDA:261,56,0,31
BRDA:261,56,1,3
BRDA:261,56,2,1
BRDA:263,57,0,0
BRDA:263,57,1,1
BRDA:264,58,0,0
BRDA:264,58,1,1
BRDA:275,59,0,0
BRDA:275,59,1,1
BRDA:278,60,0,1
BRDA:278,60,1,0
BRF:126
BRH:89
end_of_record
TN:
SF:src\components\home\SubcategoryBar.tsx
FN:58,(anonymous_1)
FN:79,(anonymous_2)
FN:80,(anonymous_3)
FN:93,(anonymous_4)
FN:119,(anonymous_5)
FN:122,(anonymous_6)
FN:126,(anonymous_7)
FN:139,(anonymous_8)
FNF:8
FNH:8
FNDA:24,(anonymous_1)
FNDA:6,(anonymous_2)
FNDA:12,(anonymous_3)
FNDA:1,(anonymous_4)
FNDA:4,(anonymous_5)
FNDA:1,(anonymous_6)
FNDA:3,(anonymous_7)
FNDA:2,(anonymous_8)
DA:1,5
DA:2,5
DA:3,5
DA:58,5
DA:72,24
DA:74,10
DA:75,8
DA:79,6
DA:81,12
DA:82,12
DA:83,2
DA:85,10
DA:93,1
DA:118,2
DA:119,2
DA:120,4
DA:122,2
DA:124,2
DA:127,3
DA:128,3
DA:129,0
DA:131,3
DA:139,2
DA:171,5
LF:24
LH:23
BRDA:69,0,0,23
BRDA:72,1,0,14
BRDA:72,1,1,10
BRDA:72,2,0,24
BRDA:72,2,1,23
BRDA:74,3,0,8
BRDA:74,3,1,2
BRDA:77,4,0,8
BRDA:77,4,1,8
BRDA:77,4,2,6
BRDA:79,5,0,6
BRDA:79,5,1,1
BRDA:79,6,0,6
BRDA:79,6,1,1
BRDA:82,7,0,2
BRDA:82,7,1,10
BRDA:83,8,0,2
BRDA:83,8,1,2
BRDA:88,9,0,4
BRDA:88,9,1,6
BRDA:95,10,0,4
BRDA:95,10,1,6
BRDA:96,11,0,4
BRDA:96,11,1,6
BRDA:97,12,0,4
BRDA:97,12,1,6
BRDA:97,13,0,4
BRDA:97,13,1,0
BRDA:101,14,0,4
BRDA:101,14,1,6
BRDA:105,15,0,4
BRDA:105,15,1,6
BRDA:87,16,0,10
BRDA:87,16,1,0
BRDA:119,17,0,2
BRDA:119,17,1,0
BRDA:120,18,0,4
BRDA:120,18,1,0
BRDA:122,19,0,1
BRDA:122,19,1,0
BRDA:128,20,0,0
BRDA:128,20,1,3
BRDA:134,21,0,0
BRDA:134,21,1,3
BRDA:141,22,0,0
BRDA:141,22,1,3
BRDA:142,23,0,0
BRDA:142,23,1,3
BRDA:143,24,0,0
BRDA:143,24,1,3
BRDA:147,25,0,0
BRDA:147,25,1,3
BRDA:161,26,0,1
BRDA:161,26,1,2
BRDA:163,27,0,2
BRDA:163,27,1,0
BRDA:133,28,0,3
BRDA:133,28,1,0
BRF:58
BRH:45
end_of_record
TN:
SF:src\components\shared\CategoryCustomIcons.ts
FNF:0
FNH:0
DA:6,10
DA:7,10
DA:9,10
LF:3
LH:3
BRF:0
BRH:0
end_of_record
TN:
SF:src\components\shared\CategorySpecificContent.tsx
FN:23,(anonymous_1)
FN:226,(anonymous_2)
FN:274,(anonymous_3)
FNF:3
FNH:3
FNDA:13,(anonymous_1)
FNDA:30,(anonymous_2)
FNDA:31,(anonymous_3)
DA:1,8
DA:2,8
DA:6,8
DA:7,8
DA:8,8
DA:9,8
DA:10,8
DA:11,8
DA:12,8
DA:13,8
DA:14,8
DA:23,8
DA:25,13
DA:26,2
DA:82,11
DA:83,2
DA:119,9
DA:120,2
DA:142,7
DA:143,1
DA:155,6
DA:156,2
DA:181,4
DA:182,2
DA:223,2
DA:226,8
DA:227,30
DA:228,30
DA:229,1
DA:230,1
DA:231,1
DA:232,1
DA:233,1
DA:234,1
DA:235,1
DA:237,30
DA:238,1
DA:239,1
DA:244,1
DA:246,1
DA:247,1
DA:249,30
DA:250,1
DA:251,1
DA:253,30
DA:254,1
DA:256,30
DA:257,24
DA:258,24
DA:262,30
DA:263,1
DA:264,1
DA:266,1
DA:269,1
DA:271,30
DA:272,22
DA:275,31
LF:57
LH:57
BRDA:25,0,0,2
BRDA:25,0,1,11
BRDA:28,1,0,2
BRDA:28,1,1,1
BRDA:32,2,0,1
BRDA:32,2,1,0
BRDA:36,3,0,2
BRDA:36,3,1,1
BRDA:40,4,0,1
BRDA:40,4,1,0
BRDA:44,5,0,2
BRDA:44,5,1,1
BRDA:48,6,0,1
BRDA:48,6,1,0
BRDA:48,7,0,1
BRDA:48,7,1,0
BRDA:52,8,0,2
BRDA:52,8,1,2
BRDA:56,9,0,0
BRDA:56,9,1,2
BRDA:56,10,0,2
BRDA:56,10,1,0
BRDA:58,11,0,2
BRDA:58,11,1,2
BRDA:63,12,0,2
BRDA:63,12,1,1
BRDA:66,13,0,1
BRDA:66,13,1,0
BRDA:70,14,0,2
BRDA:70,14,1,1
BRDA:74,15,0,1
BRDA:74,15,1,0
BRDA:82,16,0,2
BRDA:82,16,1,9
BRDA:85,17,0,2
BRDA:85,17,1,0
BRDA:85,17,2,2
BRDA:89,18,0,2
BRDA:89,18,1,0
BRDA:90,19,0,2
BRDA:90,19,1,0
BRDA:90,20,0,2
BRDA:90,20,1,2
BRDA:91,21,0,1
BRDA:91,21,1,1
BRDA:94,22,0,0
BRDA:94,22,1,0
BRDA:99,23,0,2
BRDA:99,23,1,1
BRDA:103,24,0,1
BRDA:103,24,1,0
BRDA:107,25,0,2
BRDA:107,25,1,1
BRDA:111,26,0,1
BRDA:111,26,1,0
BRDA:119,27,0,2
BRDA:119,27,1,7
BRDA:122,28,0,2
BRDA:122,28,1,1
BRDA:126,29,0,1
BRDA:126,29,1,0
BRDA:130,30,0,2
BRDA:130,30,1,2
BRDA:134,31,0,2
BRDA:134,31,1,0
BRDA:142,32,0,1
BRDA:142,32,1,6
BRDA:142,33,0,7
BRDA:142,33,1,1
BRDA:148,34,0,1
BRDA:148,34,1,0
BRDA:155,35,0,2
BRDA:155,35,1,4
BRDA:155,36,0,6
BRDA:155,36,1,3
BRDA:155,36,2,3
BRDA:155,36,3,1
BRDA:158,37,0,2
BRDA:158,37,1,1
BRDA:162,38,0,1
BRDA:162,38,1,0
BRDA:166,39,0,2
BRDA:166,39,1,2
BRDA:170,40,0,1
BRDA:170,40,1,1
BRDA:170,41,0,2
BRDA:170,41,1,1
BRDA:172,42,0,1
BRDA:172,42,1,1
BRDA:181,43,0,2
BRDA:181,43,1,2
BRDA:181,44,0,4
BRDA:181,44,1,2
BRDA:181,44,2,0
BRDA:184,45,0,2
BRDA:184,45,1,2
BRDA:188,46,0,2
BRDA:188,46,1,0
BRDA:192,47,0,2
BRDA:192,47,1,2
BRDA:196,48,0,2
BRDA:196,48,1,0
BRDA:200,49,0,2
BRDA:200,49,1,2
BRDA:204,50,0,0
BRDA:204,50,1,2
BRDA:204,51,0,2
BRDA:204,51,1,0
BRDA:206,52,0,2
BRDA:206,52,1,1
BRDA:211,53,0,2
BRDA:211,53,1,2
BRDA:215,54,0,2
BRDA:215,54,1,1
BRDA:228,55,0,1
BRDA:228,55,1,29
BRDA:229,56,0,1
BRDA:229,56,1,0
BRDA:229,57,0,1
BRDA:229,57,1,0
BRDA:230,58,0,1
BRDA:230,58,1,0
BRDA:230,59,0,1
BRDA:230,59,1,0
BRDA:231,60,0,1
BRDA:231,60,1,0
BRDA:231,61,0,1
BRDA:231,61,1,0
BRDA:231,62,0,1
BRDA:231,62,1,0
BRDA:232,63,0,1
BRDA:232,63,1,0
BRDA:232,64,0,1
BRDA:232,64,1,0
BRDA:233,65,0,1
BRDA:233,65,1,0
BRDA:233,66,0,1
BRDA:233,66,1,0
BRDA:234,67,0,1
BRDA:234,67,1,0
BRDA:234,68,0,1
BRDA:234,68,1,0
BRDA:235,69,0,1
BRDA:235,69,1,0
BRDA:235,70,0,1
BRDA:235,70,1,0
BRDA:237,71,0,1
BRDA:237,71,1,29
BRDA:238,72,0,1
BRDA:238,72,1,0
BRDA:238,73,0,1
BRDA:238,73,1,0
BRDA:239,74,0,1
BRDA:239,74,1,0
BRDA:239,75,0,1
BRDA:239,75,1,1
BRDA:240,76,0,1
BRDA:240,76,1,0
BRDA:243,77,0,0
BRDA:243,77,1,0
BRDA:244,78,0,1
BRDA:244,78,1,0
BRDA:246,79,0,0
BRDA:246,79,1,1
BRDA:246,80,0,0
BRDA:246,80,1,0
BRDA:247,81,0,0
BRDA:247,81,1,1
BRDA:247,82,0,0
BRDA:247,82,1,0
BRDA:249,83,0,1
BRDA:249,83,1,29
BRDA:250,84,0,0
BRDA:250,84,1,1
BRDA:250,85,0,0
BRDA:250,85,1,0
BRDA:251,86,0,1
BRDA:251,86,1,0
BRDA:251,87,0,1
BRDA:251,87,1,0
BRDA:253,88,0,1
BRDA:253,88,1,29
BRDA:253,89,0,30
BRDA:253,89,1,1
BRDA:254,90,0,1
BRDA:254,90,1,0
BRDA:256,91,0,24
BRDA:256,91,1,6
BRDA:256,92,0,30
BRDA:256,92,1,6
BRDA:257,93,0,0
BRDA:257,93,1,24
BRDA:257,94,0,0
BRDA:257,94,1,0
BRDA:258,95,0,17
BRDA:258,95,1,7
BRDA:258,96,0,10
BRDA:258,96,1,7
BRDA:258,97,0,17
BRDA:258,97,1,10
BRDA:260,98,0,7
BRDA:260,98,1,7
BRDA:262,99,0,1
BRDA:262,99,1,29
BRDA:263,100,0,1
BRDA:263,100,1,0
BRDA:263,101,0,1
BRDA:263,101,1,0
BRDA:264,102,0,1
BRDA:264,102,1,0
BRDA:264,103,0,1
BRDA:264,103,1,0
BRDA:266,104,0,1
BRDA:266,104,1,0
BRDA:266,105,0,0
BRDA:266,105,1,1
BRDA:266,106,0,1
BRDA:266,106,1,0
BRDA:268,107,0,1
BRDA:268,107,1,0
BRDA:269,108,0,1
BRDA:269,108,1,0
BRDA:269,109,0,1
BRDA:269,109,1,0
BRDA:271,110,0,8
BRDA:271,110,1,22
BRF:226
BRH:155
end_of_record
TN:
SF:src\components\shared\DesktopItemDetail.tsx
FN:40,(anonymous_1)
FN:46,(anonymous_2)
FN:47,(anonymous_3)
FN:142,(anonymous_4)
FN:147,(anonymous_5)
FN:196,(anonymous_6)
FNF:6
FNH:3
FNDA:18,(anonymous_1)
FNDA:7,(anonymous_2)
FNDA:0,(anonymous_3)
FNDA:0,(anonymous_4)
FNDA:0,(anonymous_5)
FNDA:7,(anonymous_6)
DA:1,2
DA:3,2
DA:4,2
DA:5,2
DA:6,2
DA:7,2
DA:8,2
DA:40,2
DA:46,7
DA:47,0
DA:69,18
DA:71,17
DA:143,0
DA:144,0
DA:145,0
DA:148,0
DA:149,0
DA:150,0
DA:197,7
DA:198,7
DA:200,0
DA:201,0
DA:203,7
DA:262,2
LF:24
LH:15
BRDA:46,0,0,8
BRDA:47,1,0,8
BRDA:59,2,0,16
BRDA:60,3,0,18
BRDA:61,4,0,18
BRDA:62,5,0,18
BRDA:69,6,0,1
BRDA:69,6,1,17
BRDA:74,7,0,17
BRDA:74,7,1,16
BRDA:74,7,2,1
BRDA:101,8,0,9
BRDA:101,8,1,8
BRDA:115,9,0,17
BRDA:115,9,1,9
BRDA:118,10,0,9
BRDA:118,10,1,0
BRDA:119,11,0,9
BRDA:119,11,1,0
BRDA:128,12,0,17
BRDA:128,12,1,16
BRDA:128,13,0,1
BRDA:128,13,1,15
BRDA:159,14,0,17
BRDA:159,14,1,1
BRDA:162,15,0,17
BRDA:162,15,1,16
BRDA:169,16,0,17
BRDA:169,16,1,16
BRDA:170,17,0,1
BRDA:170,17,1,15
BRDA:184,18,0,15
BRDA:184,18,1,7
BRDA:184,19,0,0
BRDA:184,19,1,7
BRDA:198,20,0,0
BRDA:198,20,1,7
BRDA:198,21,0,7
BRDA:198,21,1,0
BRDA:211,22,0,0
BRDA:211,22,1,17
BRDA:222,23,0,17
BRDA:222,23,1,16
BRDA:223,24,0,1
BRDA:223,24,1,15
BRDA:237,25,0,17
BRDA:237,25,1,16
BRDA:237,26,0,1
BRDA:237,26,1,15
BRDA:239,27,0,0
BRDA:239,27,1,15
BRDA:254,28,0,17
BRDA:254,28,1,16
BRDA:254,28,2,1
BRF:54
BRH:47
end_of_record
TN:
SF:src\components\shared\ItemActionButtons.tsx
FN:20,(anonymous_1)
FN:24,(anonymous_2)
FN:29,(anonymous_3)
FN:158,(anonymous_4)
FN:175,(anonymous_5)
FN:303,(anonymous_6)
FNF:6
FNH:3
FNDA:0,(anonymous_1)
FNDA:0,(anonymous_2)
FNDA:42,(anonymous_3)
FNDA:3,(anonymous_4)
FNDA:21,(anonymous_5)
FNDA:0,(anonymous_6)
DA:1,11
DA:2,11
DA:3,11
DA:5,11
DA:6,11
DA:7,11
DA:20,11
DA:21,0
DA:22,0
DA:24,0
DA:25,0
DA:29,11
DA:30,42
DA:31,42
DA:32,42
DA:54,42
DA:55,42
DA:56,5
DA:75,42
DA:76,5
DA:95,42
DA:96,1
DA:113,42
DA:114,12
DA:131,42
DA:132,1
DA:151,42
DA:152,34
DA:159,3
DA:160,2
DA:162,1
DA:172,42
DA:175,11
DA:176,21
DA:177,21
DA:178,21
DA:198,21
DA:199,21
DA:200,0
DA:219,21
DA:220,0
DA:239,21
DA:240,0
DA:257,21
DA:258,7
DA:275,21
DA:276,0
DA:295,21
DA:296,21
DA:304,0
DA:305,0
DA:307,0
DA:317,21
LF:53
LH:42
BRDA:21,0,0,0
BRDA:21,0,1,0
BRDA:55,1,0,5
BRDA:55,1,1,37
BRDA:55,2,0,42
BRDA:55,2,1,5
BRDA:70,3,0,5
BRDA:70,3,1,0
BRDA:75,4,0,5
BRDA:75,4,1,37
BRDA:75,5,0,42
BRDA:75,5,1,5
BRDA:90,6,0,5
BRDA:90,6,1,0
BRDA:95,7,0,1
BRDA:95,7,1,41
BRDA:95,8,0,42
BRDA:95,8,1,1
BRDA:108,9,0,1
BRDA:108,9,1,0
BRDA:113,10,0,12
BRDA:113,10,1,30
BRDA:126,11,0,12
BRDA:126,11,1,0
BRDA:131,12,0,1
BRDA:131,12,1,41
BRDA:131,13,0,42
BRDA:131,13,1,1
BRDA:151,14,0,34
BRDA:151,14,1,8
BRDA:151,15,0,42
BRDA:151,15,1,9
BRDA:159,16,0,2
BRDA:159,16,1,1
BRDA:167,17,0,34
BRDA:167,17,1,14
BRDA:167,18,0,0
BRDA:167,18,1,14
BRDA:199,19,0,0
BRDA:199,19,1,21
BRDA:199,20,0,21
BRDA:199,20,1,0
BRDA:214,21,0,0
BRDA:214,21,1,0
BRDA:219,22,0,0
BRDA:219,22,1,21
BRDA:219,23,0,21
BRDA:219,23,1,0
BRDA:234,24,0,0
BRDA:234,24,1,0
BRDA:239,25,0,0
BRDA:239,25,1,21
BRDA:239,26,0,21
BRDA:239,26,1,0
BRDA:252,27,0,0
BRDA:252,27,1,0
BRDA:257,28,0,7
BRDA:257,28,1,14
BRDA:270,29,0,7
BRDA:270,29,1,7
BRDA:270,29,2,7
BRDA:270,30,0,0
BRDA:270,30,1,7
BRDA:275,31,0,0
BRDA:275,31,1,21
BRDA:275,32,0,21
BRDA:275,32,1,0
BRDA:295,33,0,21
BRDA:295,33,1,0
BRDA:295,34,0,21
BRDA:295,34,1,0
BRDA:304,35,0,0
BRDA:304,35,1,0
BRDA:312,36,0,21
BRDA:312,36,1,21
BRDA:312,37,0,0
BRDA:312,37,1,21
BRF:77
BRH:50
end_of_record
TN:
SF:src\components\shared\MasterpieceBadge.tsx
FN:27,(anonymous_1)
FNF:1
FNH:1
FNDA:27,(anonymous_1)
DA:1,10
DA:2,10
DA:27,10
DA:34,27
DA:64,10
LF:5
LH:5
BRDA:28,0,0,17
BRDA:29,1,0,18
BRDA:30,2,0,12
BRDA:31,3,0,18
BRDA:32,4,0,3
BRDA:37,5,0,18
BRDA:37,5,1,9
BRDA:38,6,0,18
BRDA:38,6,1,9
BRDA:39,7,0,18
BRDA:39,7,1,9
BRF:11
BRH:11
end_of_record
TN:
SF:src\components\shared\MobileItemDetail.tsx
FN:57,(anonymous_1)
FN:92,(anonymous_2)
FN:94,(anonymous_3)
FN:97,(anonymous_4)
FN:108,(anonymous_5)
FN:123,(anonymous_6)
FN:168,(anonymous_7)
FN:176,(anonymous_8)
FN:302,(anonymous_9)
FN:303,(anonymous_10)
FNF:10
FNH:5
FNDA:25,(anonymous_1)
FNDA:25,(anonymous_2)
FNDA:0,(anonymous_3)
FNDA:0,(anonymous_4)
FNDA:0,(anonymous_5)
FNDA:3,(anonymous_6)
FNDA:1,(anonymous_7)
FNDA:0,(anonymous_8)
FNDA:0,(anonymous_9)
FNDA:1,(anonymous_10)
DA:1,7
DA:2,7
DA:3,7
DA:4,7
DA:5,7
DA:6,7
DA:7,7
DA:8,7
DA:9,7
DA:10,7
DA:12,7
DA:13,7
DA:14,7
DA:15,7
DA:17,7
DA:18,7
DA:19,7
DA:20,7
DA:57,7
DA:90,25
DA:92,25
DA:93,25
DA:94,0
DA:95,0
DA:97,0
DA:101,25
DA:102,25
DA:103,25
DA:105,25
DA:106,25
DA:108,24
DA:109,0
DA:110,0
DA:111,0
DA:112,0
DA:113,0
DA:114,0
DA:115,0
DA:116,0
DA:117,0
DA:118,0
DA:119,0
DA:123,24
DA:124,3
DA:125,1
DA:126,2
DA:127,2
DA:129,0
DA:130,0
DA:131,0
DA:132,0
DA:133,0
DA:136,0
DA:137,0
DA:144,24
DA:168,24
DA:169,1
DA:170,1
DA:171,1
DA:172,0
DA:173,0
DA:178,1
DA:179,1
DA:180,1
DA:186,24
DA:195,24
DA:218,24
DA:302,0
DA:303,1
DA:397,7
LF:70
LH:46
BRDA:80,0,0,23
BRDA:81,1,0,25
BRDA:82,2,0,25
BRDA:83,3,0,25
BRDA:86,4,0,24
BRDA:93,5,0,0
BRDA:93,5,1,25
BRDA:105,6,0,25
BRDA:105,6,1,1
BRDA:106,7,0,1
BRDA:106,7,1,24
BRDA:109,8,0,0
BRDA:109,8,1,0
BRDA:109,8,2,0
BRDA:109,8,3,0
BRDA:109,8,4,0
BRDA:109,8,5,0
BRDA:109,8,6,0
BRDA:109,8,7,0
BRDA:109,8,8,0
BRDA:109,8,9,0
BRDA:124,9,0,1
BRDA:124,9,1,2
BRDA:126,10,0,2
BRDA:126,10,1,0
BRDA:130,11,0,0
BRDA:130,11,1,0
BRDA:130,12,0,0
BRDA:130,12,1,0
BRDA:132,13,0,0
BRDA:132,13,1,0
BRDA:132,14,0,0
BRDA:132,14,1,0
BRDA:136,15,0,0
BRDA:136,15,1,0
BRDA:136,16,0,0
BRDA:136,16,1,0
BRDA:144,17,0,24
BRDA:144,17,1,23
BRDA:169,18,0,1
BRDA:169,18,1,0
BRDA:171,19,0,0
BRDA:171,19,1,1
BRDA:171,20,0,1
BRDA:171,20,1,1
BRDA:172,21,0,0
BRDA:172,21,1,0
BRDA:178,22,0,1
BRDA:178,22,1,0
BRDA:178,23,0,1
BRDA:178,23,1,1
BRDA:238,24,0,24
BRDA:238,24,1,0
BRDA:269,25,0,0
BRDA:269,25,1,24
BRDA:271,26,0,0
BRDA:271,26,1,24
BRDA:272,27,0,0
BRDA:272,27,1,24
BRDA:273,28,0,0
BRDA:273,28,1,24
BRDA:274,29,0,15
BRDA:274,29,1,9
BRDA:275,30,0,15
BRDA:275,30,1,9
BRDA:278,31,0,24
BRDA:278,31,1,0
BRDA:288,32,0,1
BRDA:288,32,1,23
BRDA:289,33,0,24
BRDA:289,33,1,23
BRDA:289,34,0,1
BRDA:289,34,1,22
BRDA:302,35,0,0
BRDA:302,35,1,0
BRDA:303,36,0,1
BRDA:303,36,1,1
BRDA:308,37,0,24
BRDA:308,37,1,23
BRDA:309,38,0,1
BRDA:309,38,1,22
BRDA:312,39,0,15
BRDA:312,39,1,7
BRDA:321,40,0,24
BRDA:321,40,1,23
BRDA:321,40,2,14
BRDA:322,41,0,1
BRDA:322,41,1,13
BRDA:325,42,0,13
BRDA:325,42,1,0
BRDA:334,43,0,24
BRDA:334,43,1,15
BRDA:341,44,0,24
BRDA:341,44,1,23
BRDA:343,45,0,23
BRDA:343,45,1,23
BRDA:344,46,0,23
BRDA:344,46,1,23
BRDA:344,46,2,21
BRDA:351,47,0,24
BRDA:351,47,1,23
BRDA:352,48,0,1
BRDA:352,48,1,22
BRDA:353,49,0,1
BRDA:353,49,1,1
BRDA:354,50,0,22
BRDA:354,50,1,22
BRDA:356,51,0,24
BRDA:356,51,1,1
BRDA:357,52,0,24
BRDA:357,52,1,23
BRDA:358,53,0,1
BRDA:358,53,1,22
BRDA:365,54,0,0
BRDA:365,54,1,24
BRDA:390,55,0,24
BRDA:390,55,1,23
BRDA:390,55,2,1
BRF:118
BRH:79
end_of_record
TN:
SF:src\components\ui\Alert.tsx
FN:90,Alert
FNF:1
FNH:1
FNDA:5,Alert
DA:1,1
DA:2,1
DA:4,1
DA:15,1
DA:90,1
DA:102,5
DA:104,4
LF:7
LH:7
BRDA:91,0,0,4
BRDA:97,1,0,5
BRDA:98,2,0,5
BRDA:99,3,0,4
BRDA:102,4,0,1
BRDA:102,4,1,4
BRDA:106,5,0,4
BRDA:106,5,1,0
BRDA:110,6,0,4
BRDA:110,6,1,1
BRDA:112,7,0,4
BRDA:112,7,1,1
BRDA:115,8,0,4
BRDA:115,8,1,1
BRDA:116,9,0,4
BRDA:116,9,1,1
BRF:16
BRH:15
end_of_record
TN:
SF:src\components\ui\Button.tsx
FN:56,Button
FNF:1
FNH:1
FNDA:4,Button
DA:2,1
DA:3,1
DA:5,1
DA:18,1
DA:33,1
DA:56,1
DA:62,4
LF:7
LH:7
BRDA:57,0,0,3
BRDA:66,1,0,4
BRDA:66,1,1,0
BRDA:67,2,0,4
BRDA:67,2,1,1
BRF:5
BRH:4
end_of_record
TN:
SF:src\components\ui\Card.tsx
FN:36,Card
FNF:1
FNH:1
FNDA:2,Card
DA:2,1
DA:3,1
DA:5,1
DA:36,1
DA:37,2
LF:5
LH:5
BRF:0
BRH:0
end_of_record
TN:
SF:src\components\ui\Chip.tsx
FN:29,Chip
FNF:1
FNH:1
FNDA:6,Chip
DA:1,1
DA:2,1
DA:29,1
DA:39,6
LF:4
LH:4
BRDA:33,0,0,5
BRDA:34,1,0,6
BRDA:36,2,0,5
BRDA:46,3,0,1
BRDA:46,3,1,5
BRDA:46,4,0,1
BRDA:46,4,1,4
BRDA:47,5,0,1
BRDA:47,5,1,5
BRDA:51,6,0,1
BRDA:51,6,1,5
BRDA:53,7,0,1
BRDA:53,7,1,4
BRDA:56,8,0,1
BRDA:56,8,1,5
BRDA:57,9,0,1
BRDA:57,9,1,5
BRDA:64,10,0,1
BRDA:64,10,1,5
BRDA:78,11,0,5
BRDA:78,11,1,1
BRF:21
BRH:21
end_of_record
TN:
SF:src\components\ui\FabBackButton.tsx
FN:40,(anonymous_1)
FNF:1
FNH:1
FNDA:5,(anonymous_1)
DA:1,1
DA:2,1
DA:3,1
DA:4,1
DA:40,1
DA:50,5
DA:52,5
DA:54,4
DA:81,1
LF:9
LH:9
BRDA:42,0,0,5
BRDA:43,1,0,5
BRDA:44,2,0,5
BRDA:46,3,0,4
BRDA:47,4,0,4
BRDA:52,5,0,1
BRDA:52,5,1,4
BRDA:76,6,0,4
BRDA:76,6,1,3
BRF:9
BRH:9
end_of_record
TN:
SF:src\components\ui\LanguageSelector.tsx
FN:48,(anonymous_1)
FN:71,(anonymous_2)
FN:77,(anonymous_3)
FN:96,(anonymous_4)
FN:101,(anonymous_5)
FNF:5
FNH:4
FNDA:45,(anonymous_1)
FNDA:4,(anonymous_2)
FNDA:1,(anonymous_3)
FNDA:0,(anonymous_4)
FNDA:86,(anonymous_5)
DA:1,6
DA:2,6
DA:3,6
DA:4,6
DA:48,6
DA:64,45
DA:65,45
DA:66,45
DA:68,45
DA:69,2
DA:72,4
DA:77,1
DA:92,43
DA:96,0
DA:102,86
DA:114,6
LF:16
LH:15
BRDA:49,0,0,41
BRDA:55,1,0,2
BRDA:56,2,0,4
BRDA:57,3,0,45
BRDA:58,4,0,44
BRDA:59,5,0,43
BRDA:60,6,0,45
BRDA:61,7,0,45
BRDA:64,8,0,45
BRDA:64,8,1,0
BRDA:65,9,0,45
BRDA:65,9,1,0
BRDA:66,10,0,45
BRDA:66,10,1,2
BRDA:68,11,0,2
BRDA:68,11,1,43
BRDA:74,12,0,2
BRDA:74,12,1,2
BRDA:81,13,0,0
BRDA:81,13,1,4
BRDA:81,14,0,4
BRDA:81,14,1,0
BRDA:82,15,0,0
BRDA:82,15,1,0
BRDA:84,16,0,4
BRDA:84,16,1,0
BRDA:84,17,0,4
BRDA:84,17,1,0
BRDA:103,18,0,2
BRDA:103,18,1,84
BRDA:103,19,0,86
BRDA:103,19,1,2
BRDA:104,20,0,2
BRDA:104,20,1,0
BRDA:106,21,0,86
BRDA:106,21,1,0
BRDA:106,22,0,86
BRDA:106,22,1,0
BRF:38
BRH:27
end_of_record
TN:
SF:src\components\ui\MaterialCategoryButtons.tsx
FN:45,(anonymous_1)
FN:60,(anonymous_2)
FN:69,(anonymous_3)
FNF:3
FNH:1
FNDA:1,(anonymous_1)
FNDA:0,(anonymous_2)
FNDA:0,(anonymous_3)
DA:1,1
DA:2,1
DA:45,1
DA:56,1
DA:58,1
DA:61,0
DA:69,0
DA:80,1
LF:8
LH:6
BRDA:46,0,0,0
BRDA:50,1,0,1
BRDA:51,2,0,1
BRDA:52,3,0,1
BRDA:53,4,0,1
BRDA:56,5,0,0
BRDA:56,5,1,1
BRDA:61,6,0,0
BRDA:61,6,1,0
BRDA:66,7,0,0
BRDA:66,7,1,0
BRDA:66,8,0,0
BRDA:66,8,1,0
BRDA:67,9,0,0
BRDA:67,9,1,0
BRDA:68,10,0,0
BRDA:68,10,1,0
BRDA:69,11,0,0
BRDA:69,11,1,0
BRF:19
BRH:5
end_of_record
TN:
SF:src\components\ui\MaterialSubcategoryChips.tsx
FN:45,(anonymous_1)
FN:60,(anonymous_2)
FN:70,(anonymous_3)
FNF:3
FNH:1
FNDA:1,(anonymous_1)
FNDA:0,(anonymous_2)
FNDA:0,(anonymous_3)
DA:1,7
DA:2,7
DA:45,7
DA:56,1
DA:58,1
DA:61,0
DA:70,0
DA:79,7
LF:8
LH:6
BRDA:46,0,0,0
BRDA:50,1,0,1
BRDA:51,2,0,1
BRDA:52,3,0,1
BRDA:53,4,0,1
BRDA:56,5,0,0
BRDA:56,5,1,1
BRDA:61,6,0,0
BRDA:61,6,1,0
BRDA:67,7,0,0
BRDA:67,7,1,0
BRDA:67,8,0,0
BRDA:67,8,1,0
BRDA:67,8,2,0
BRDA:68,9,0,0
BRDA:68,9,1,0
BRDA:69,10,0,0
BRDA:69,10,1,0
BRDA:70,11,0,0
BRDA:70,11,1,0
BRF:20
BRH:5
end_of_record
TN:
SF:src\components\ui\Modal.tsx
FN:30,Modal
FN:72,(anonymous_2)
FNF:2
FNH:1
FNDA:4,Modal
FNDA:0,(anonymous_2)
DA:1,1
DA:2,1
DA:30,1
DA:43,4
DA:45,3
DA:72,0
LF:6
LH:5
BRDA:36,0,0,4
BRDA:37,1,0,4
BRDA:38,2,0,4
BRDA:39,3,0,3
BRDA:43,4,0,1
BRDA:43,4,1,3
BRDA:57,5,0,3
BRDA:57,5,1,3
BRDA:75,6,0,3
BRDA:75,6,1,1
BRDA:77,7,0,3
BRDA:77,7,1,1
BRF:12
BRH:12
end_of_record
TN:
SF:src\components\ui\ThemeToggle.tsx
FN:45,(anonymous_1)
FN:61,(anonymous_2)
FNF:2
FNH:2
FNDA:15,(anonymous_1)
FNDA:2,(anonymous_2)
DA:1,1
DA:2,1
DA:3,1
DA:4,1
DA:5,1
DA:45,1
DA:58,15
DA:59,15
DA:61,15
DA:62,2
DA:63,2
DA:67,15
DA:72,15
DA:79,15
DA:124,15
DA:131,1
LF:16
LH:16
BRDA:46,0,0,15
BRDA:47,1,0,13
BRDA:50,2,0,15
BRDA:51,3,0,15
BRDA:54,4,0,15
BRDA:55,5,0,15
BRDA:63,6,0,1
BRDA:63,6,1,1
BRDA:63,7,0,0
BRDA:63,7,1,1
BRDA:85,8,0,15
BRDA:85,8,1,13
BRDA:85,9,0,3
BRDA:85,9,1,10
BRDA:111,10,0,5
BRDA:111,10,1,10
BRDA:112,11,0,5
BRDA:112,11,1,5
BRDA:113,12,0,10
BRDA:113,12,1,8
BRDA:114,13,0,15
BRDA:114,13,1,2
BRDA:116,14,0,0
BRDA:116,14,1,2
BRDA:124,15,0,3
BRDA:124,15,1,12
BRF:26
BRH:24
end_of_record
TN:
SF:src\components\ui\UiButton.tsx
FN:76,(anonymous_1)
FNF:1
FNH:1
FNDA:207,(anonymous_1)
DA:1,18
DA:2,18
DA:27,18
DA:70,18
DA:76,18
DA:86,207
DA:111,18
LF:7
LH:7
BRDA:78,0,0,3
BRDA:79,1,0,15
BRDA:80,2,0,89
BRDA:82,3,0,3
BRDA:83,4,0,94
BRF:5
BRH:5
end_of_record
TN:
SF:src\components\ui\UiCard.tsx
FN:71,(anonymous_1)
FNF:1
FNH:1
FNDA:72,(anonymous_1)
DA:1,13
DA:2,13
DA:71,13
DA:91,72
DA:93,72
DA:95,72
DA:96,49
DA:97,49
DA:98,34
DA:99,34
DA:101,15
DA:105,72
DA:106,0
DA:107,0
DA:110,72
DA:131,13
LF:16
LH:14
BRDA:73,0,0,52
BRDA:74,1,0,72
BRDA:76,2,0,3
BRDA:77,3,0,23
BRDA:78,4,0,47
BRDA:80,5,0,72
BRDA:82,6,0,72
BRDA:84,7,0,72
BRDA:86,8,0,72
BRDA:87,9,0,72
BRDA:93,10,0,1
BRDA:93,10,1,71
BRDA:95,11,0,49
BRDA:95,11,1,23
BRDA:95,12,0,72
BRDA:95,12,1,72
BRDA:95,12,2,72
BRDA:97,13,0,34
BRDA:97,13,1,15
BRDA:97,14,0,49
BRDA:97,14,1,49
BRDA:105,15,0,0
BRDA:105,15,1,72
BRDA:105,16,0,72
BRDA:105,16,1,72
BRDA:105,16,2,0
BRDA:105,16,3,0
BRDA:113,17,0,72
BRDA:113,17,1,0
BRDA:120,18,0,72
BRDA:120,18,1,1
BRDA:121,19,0,72
BRDA:121,19,1,1
BRDA:125,20,0,72
BRDA:125,20,1,1
BRDA:126,21,0,72
BRDA:126,21,1,1
BRF:37
BRH:33
end_of_record
TN:
SF:src\components\ui\UiLayout.tsx
FN:32,(anonymous_1)
FNF:1
FNH:1
FNDA:24,(anonymous_1)
DA:1,5
DA:2,5
DA:32,5
DA:40,24
DA:42,24
DA:62,5
LF:6
LH:6
BRDA:34,0,0,23
BRDA:35,1,0,23
BRDA:36,2,0,23
BRDA:40,3,0,24
BRDA:40,3,1,24
BRDA:46,4,0,0
BRDA:46,4,1,24
BRF:7
BRH:6
end_of_record
TN:
SF:src\components\ui\index.ts
FN:8,(anonymous_1)
FN:9,(anonymous_2)
FN:10,(anonymous_3)
FN:11,(anonymous_4)
FN:12,(anonymous_5)
FN:13,(anonymous_6)
FN:14,(anonymous_7)
FN:15,(anonymous_8)
FN:16,(anonymous_9)
FN:17,(anonymous_10)
FN:18,(anonymous_11)
FNF:11
FNH:0
FNDA:0,(anonymous_1)
FNDA:0,(anonymous_2)
FNDA:0,(anonymous_3)
FNDA:0,(anonymous_4)
FNDA:0,(anonymous_5)
FNDA:0,(anonymous_6)
FNDA:0,(anonymous_7)
FNDA:0,(anonymous_8)
FNDA:0,(anonymous_9)
FNDA:0,(anonymous_10)
FNDA:0,(anonymous_11)
DA:8,0
DA:9,0
DA:10,0
DA:11,0
DA:12,0
DA:13,0
DA:14,0
DA:15,0
DA:16,0
DA:17,0
DA:18,0
LF:11
LH:0
BRF:0
BRH:0
end_of_record
TN:
SF:src\hooks\useAppTranslations.ts
FN:37,(anonymous_0)
FN:43,(anonymous_1)
FN:50,(anonymous_2)
FN:57,(anonymous_3)
FN:70,(anonymous_4)
FN:80,(anonymous_5)
FN:96,(anonymous_6)
FNF:7
FNH:1
FNDA:2,(anonymous_0)
FNDA:0,(anonymous_1)
FNDA:0,(anonymous_2)
FNDA:0,(anonymous_3)
FNDA:0,(anonymous_4)
FNDA:0,(anonymous_5)
FNDA:0,(anonymous_6)
DA:1,1
DA:37,1
DA:38,2
DA:43,2
DA:44,0
DA:50,2
DA:51,0
DA:57,2
DA:58,0
DA:70,2
DA:71,0
DA:80,2
DA:81,0
DA:96,2
DA:98,0
DA:99,0
DA:101,0
DA:104,2
DA:123,1
LF:19
LH:11
BRDA:98,0,0,0
BRDA:98,0,1,0
BRDA:98,1,0,0
BRDA:98,1,1,0
BRF:4
BRH:0
end_of_record
TN:
SF:src\hooks\useBackNavigation.ts
FN:22,useBackNavigation
FN:30,(anonymous_1)
FN:38,(anonymous_2)
FN:59,(anonymous_3)
FN:75,(anonymous_4)
FN:75,(anonymous_5)
FNF:6
FNH:6
FNDA:25,useBackNavigation
FNDA:4,(anonymous_1)
FNDA:4,(anonymous_2)
FNDA:1,(anonymous_3)
FNDA:11,(anonymous_4)
FNDA:11,(anonymous_5)
DA:1,4
DA:2,4
DA:3,4
DA:22,4
DA:23,25
DA:24,25
DA:25,25
DA:26,25
DA:27,25
DA:30,25
DA:31,4
DA:32,3
DA:33,2
DA:34,1
DA:38,25
DA:39,4
DA:40,4
DA:43,4
DA:44,2
DA:45,2
DA:46,2
DA:49,2
DA:50,0
DA:51,0
DA:53,2
DA:54,2
DA:55,1
DA:56,1
DA:57,1
DA:59,1
DA:60,1
DA:61,1
DA:62,1
DA:64,1
DA:67,1
DA:68,1
DA:69,1
DA:75,25
DA:77,25
LF:39
LH:37
BRDA:31,0,0,1
BRDA:31,0,1,3
BRDA:31,1,0,4
BRDA:31,1,1,3
BRDA:32,2,0,1
BRDA:32,2,1,2
BRDA:32,3,0,3
BRDA:32,3,1,2
BRDA:33,4,0,1
BRDA:33,4,1,1
BRDA:33,5,0,2
BRDA:33,5,1,1
BRDA:43,6,0,2
BRDA:43,6,1,2
BRDA:43,7,0,4
BRDA:43,7,1,3
BRDA:49,8,0,0
BRDA:49,8,1,2
BRDA:54,9,0,1
BRDA:54,9,1,1
BRDA:56,10,0,1
BRDA:56,10,1,0
BRDA:75,11,0,1
BRDA:75,11,1,10
BRF:24
BRH:22
end_of_record
TN:
SF:src\hooks\useFilteredItems.ts
FN:26,useFilteredItems
FN:30,(anonymous_1)
FNF:2
FNH:2
FNDA:2,useFilteredItems
FNDA:1,(anonymous_1)
DA:7,1
DA:8,1
DA:26,1
DA:27,2
DA:28,2
DA:30,2
DA:32,1
DA:33,1
DA:34,1
DA:35,0
DA:51,2
LF:11
LH:10
BRDA:32,0,0,1
BRDA:32,0,1,0
BRDA:34,1,0,0
BRDA:34,1,1,1
BRF:4
BRH:2
end_of_record
TN:
SF:src\hooks\useFramerAnimation.ts
FN:24,(anonymous_0)
FN:25,(anonymous_1)
FN:81,(anonymous_2)
FN:88,(anonymous_3)
FN:95,(anonymous_4)
FNF:5
FNH:2
FNDA:1,(anonymous_0)
FNDA:1,(anonymous_1)
FNDA:0,(anonymous_2)
FNDA:0,(anonymous_3)
FNDA:0,(anonymous_4)
DA:1,1
DA:24,1
DA:25,1
DA:26,1
DA:37,1
DA:39,1
DA:41,0
DA:51,0
DA:61,0
DA:71,0
DA:75,1
DA:81,1
DA:82,0
DA:88,1
DA:89,0
DA:95,1
DA:96,0
LF:17
LH:10
BRDA:24,0,0,1
BRDA:24,1,0,1
BRDA:37,2,0,1
BRDA:37,2,1,0
BRDA:37,2,2,0
BRDA:37,2,3,0
BRDA:37,2,4,0
BRDA:81,3,0,0
BRDA:88,4,0,0
BRDA:95,5,0,0
BRF:10
BRH:3
end_of_record
TN:
SF:src\hooks\useGoogleAnalytics.ts
FN:30,(anonymous_0)
FN:33,(anonymous_1)
FN:44,(anonymous_2)
FN:55,(anonymous_3)
FN:64,(anonymous_4)
FN:74,(anonymous_5)
FN:84,(anonymous_6)
FN:95,(anonymous_7)
FN:104,(anonymous_8)
FNF:9
FNH:4
FNDA:52,(anonymous_0)
FNDA:10,(anonymous_1)
FNDA:0,(anonymous_2)
FNDA:0,(anonymous_3)
FNDA:0,(anonymous_4)
FNDA:0,(anonymous_5)
FNDA:0,(anonymous_6)
FNDA:5,(anonymous_7)
FNDA:5,(anonymous_8)
DA:30,9
DA:33,52
DA:34,10
DA:35,0
DA:44,52
DA:45,0
DA:46,0
DA:55,52
DA:56,0
DA:64,52
DA:65,0
DA:74,52
DA:75,0
DA:84,52
DA:85,0
DA:95,52
DA:96,5
DA:104,52
DA:105,5
DA:112,52
DA:124,9
LF:21
LH:14
BRDA:33,0,0,0
BRDA:34,1,0,0
BRDA:34,1,1,10
BRDA:34,2,0,10
BRDA:34,2,1,10
BRDA:45,3,0,0
BRDA:45,3,1,0
BRDA:45,4,0,0
BRDA:45,4,1,0
BRDA:49,5,0,0
BRDA:49,5,1,0
BRDA:55,6,0,0
BRDA:64,7,0,0
BRDA:74,8,0,0
BRDA:84,9,0,0
BRDA:95,10,0,0
BRDA:104,11,0,0
BRF:17
BRH:3
end_of_record
TN:
SF:src\hooks\useInfiniteScroll.ts
FN:20,useInfiniteScroll
FN:27,(anonymous_1)
FN:31,(anonymous_2)
FN:41,(anonymous_3)
FNF:4
FNH:3
FNDA:22,useInfiniteScroll
FNDA:20,(anonymous_1)
FNDA:0,(anonymous_2)
FNDA:1,(anonymous_3)
DA:1,7
DA:20,7
DA:25,22
DA:27,22
DA:28,20
DA:29,20
DA:30,1
DA:32,0
DA:33,0
DA:38,1
DA:39,0
DA:41,1
DA:42,1
DA:43,0
DA:45,1
DA:49,22
LF:16
LH:12
BRDA:28,0,0,0
BRDA:28,0,1,20
BRDA:29,1,0,19
BRDA:29,1,1,1
BRDA:29,2,0,20
BRDA:29,2,1,1
BRDA:32,3,0,0
BRDA:32,3,1,0
BRDA:38,4,0,0
BRDA:38,4,1,1
BRDA:42,5,0,0
BRDA:42,5,1,1
BRF:12
[...]
FN:156,(anonymous_12)
FN:165,(anonymous_13)
FN:174,(anonymous_14)
FN:183,(anonymous_15)
FNF:16
FNH:16
FNDA:2,(anonymous_0)
FNDA:2,(anonymous_1)
FNDA:25,(anonymous_2)
FNDA:1,(anonymous_3)
FNDA:5,(anonymous_4)
FNDA:2,(anonymous_5)
FNDA:1,(anonymous_6)
FNDA:1,(anonymous_7)
FNDA:1,(anonymous_8)
FNDA:1,(anonymous_9)
FNDA:4,(anonymous_10)
FNDA:1,(anonymous_11)
FNDA:1,(anonymous_12)
FNDA:2,(anonymous_13)
FNDA:2,(anonymous_14)
FNDA:2,(anonymous_15)
DA:22,5
DA:23,2
DA:32,5
DA:33,2
DA:42,5
DA:43,25
DA:50,5
DA:51,1
DA:63,1
DA:64,1
DA:72,5
DA:74,5
DA:77,5
DA:80,5
DA:89,5
DA:90,2
DA:102,5
DA:104,1
DA:105,0
DA:106,0
DA:109,1
DA:118,5
DA:119,1
DA:128,5
DA:129,4
DA:130,1
DA:133,3
DA:134,3
DA:137,0
DA:146,5
DA:147,1
DA:156,5
DA:157,1
DA:165,5
DA:166,2
DA:174,5
DA:175,2
DA:183,5
DA:184,2
LF:39
LH:36
BRDA:23,0,0,1
BRDA:23,0,1,1
BRDA:32,1,0,2
BRDA:43,2,0,25
BRDA:43,2,1,0
BRDA:74,3,0,0
BRDA:74,3,1,5
BRDA:77,4,0,5
BRDA:77,4,1,0
BRDA:77,5,0,0
BRDA:77,5,1,0
BRDA:77,5,2,0
BRDA:89,6,0,1
BRDA:104,7,0,0
BRDA:104,7,1,1
BRDA:119,8,0,1
BRDA:119,8,1,0
BRDA:128,9,0,0
BRDA:129,10,0,1
BRDA:129,10,1,3
BRDA:133,11,0,3
BRDA:133,11,1,0
BRDA:133,12,0,3
BRDA:133,12,1,3
BRDA:134,13,0,3
BRDA:134,13,1,0
BRDA:134,13,2,0
BRDA:134,13,3,0
BRDA:146,14,0,0
BRDA:156,15,0,0
BRDA:166,16,0,2
BRDA:166,16,1,2
BRDA:184,17,0,1
BRDA:184,17,1,1
BRF:34
BRH:19
end_of_record
TN:
SF:src\utils\categoryListView.ts
FN:2,isCategoryListView
FNF:1
FNH:1
FNDA:3,isCategoryListView
DA:2,1
DA:3,3
DA:4,2
DA:6,1
LF:4
LH:4
BRDA:3,0,0,1
BRDA:3,0,1,2
BRDA:4,1,0,1
BRDA:4,1,1,1
BRF:4
BRH:4
end_of_record
TN:
SF:src\utils\categoryPalette.ts
FN:62,getCategoryColor
FN:67,getCategoryGradient
FN:71,getCategoryStrongColor
FN:76,getCategoryColorForSelect
FN:81,getAllCategoriesAnimatedGradient
FN:97,getCategoryAnimatedGradient
FN:105,getMasterpieceAnimatedGradient
FNF:7
FNH:7
FNDA:228,getCategoryColor
FNDA:68,getCategoryGradient
FNDA:2,getCategoryStrongColor
FNDA:1,getCategoryColorForSelect
FNDA:1,getAllCategoriesAnimatedGradient
FNDA:2,getCategoryAnimatedGradient
FNDA:1,getMasterpieceAnimatedGradient
DA:14,19
DA:62,19
DA:63,228
DA:64,228
DA:67,19
DA:68,68
DA:71,19
DA:72,2
DA:76,19
DA:77,1
DA:81,19
DA:82,1
DA:93,1
DA:97,19
DA:98,2
DA:99,2
DA:100,2
DA:101,2
DA:105,19
DA:107,1
DA:118,1
LF:21
LH:21
BRDA:62,0,0,92
BRDA:64,1,0,228
BRDA:64,1,1,1
BRDA:99,2,0,2
BRDA:99,2,1,1
BRDA:100,3,0,2
BRDA:100,3,1,1
BRF:7
BRH:7
end_of_record
TN:
SF:src\utils\categoryUtils.ts
FN:2,(anonymous_0)
FN:205,(anonymous_1)
FN:403,(anonymous_2)
FN:415,(anonymous_3)
FN:417,(anonymous_4)
FN:423,(anonymous_5)
FN:425,(anonymous_6)
FN:436,getCategoryGradient
FNF:8
FNH:8
FNDA:119,(anonymous_0)
FNDA:26,(anonymous_1)
FNDA:26,(anonymous_2)
FNDA:4,(anonymous_3)
FNDA:52,(anonymous_4)
FNDA:1,(anonymous_5)
FNDA:13,(anonymous_6)
FNDA:1,getCategoryGradient
DA:2,5
DA:3,119
DA:4,118
DA:5,118
DA:8,1
DA:10,0
DA:12,0
DA:14,1
DA:16,0
DA:18,0
DA:20,11
DA:21,0
DA:22,0
DA:24,0
DA:25,0
DA:26,0
DA:28,0
DA:30,0
DA:34,0
DA:36,0
DA:38,0
DA:42,0
DA:44,0
DA:46,0
DA:48,0
DA:50,0
DA:52,0
DA:54,0
DA:56,0
DA:58,0
DA:60,0
DA:62,0
DA:64,0
DA:66,0
DA:68,0
DA:70,0
DA:72,0
DA:74,0
DA:76,10
DA:78,0
DA:80,0
DA:82,0
DA:84,0
DA:86,0
DA:88,0
DA:90,0
DA:92,0
DA:94,0
DA:98,0
DA:100,0
DA:102,0
DA:104,0
DA:106,0
DA:108,0
DA:110,0
DA:112,0
DA:114,0
DA:116,0
DA:117,0
DA:121,0
DA:123,0
DA:124,0
DA:126,1
DA:129,0
DA:130,0
DA:131,0
DA:132,0
DA:134,0
DA:136,0
DA:137,0
DA:138,0
DA:139,0
DA:141,0
DA:142,0
DA:144,0
DA:145,0
DA:147,0
DA:148,0
DA:151,0
DA:153,1
DA:155,1
DA:157,1
DA:159,0
DA:161,1
DA:163,0
DA:164,0
DA:168,9
DA:170,9
DA:172,8
DA:174,8
DA:176,8
DA:178,8
DA:180,8
DA:182,8
DA:184,8
DA:186,8
DA:188,8
DA:192,0
DA:194,0
DA:196,0
DA:198,0
DA:200,0
DA:205,5
DA:206,26
DA:207,13
DA:209,0
DA:210,0
DA:211,0
DA:212,0
DA:213,0
DA:214,0
DA:215,1
DA:216,0
DA:217,0
DA:218,0
DA:219,0
DA:220,0
DA:221,0
DA:222,0
DA:225,0
DA:226,0
DA:227,0
DA:230,0
DA:231,0
DA:232,0
DA:233,0
DA:234,0
DA:235,0
DA:236,0
DA:237,0
DA:238,0
DA:239,0
DA:240,0
DA:241,0
DA:242,0
DA:243,0
DA:244,0
DA:245,0
DA:246,0
DA:247,1
DA:248,0
DA:249,0
DA:250,0
DA:251,0
DA:252,0
DA:253,0
DA:254,0
DA:255,0
DA:256,0
DA:259,0
DA:260,0
DA:261,0
DA:262,0
DA:263,0
DA:264,0
DA:265,0
DA:266,0
DA:269,0
DA:270,0
DA:271,0
DA:274,0
DA:275,0
DA:276,0
DA:277,0
DA:280,0
DA:281,0
DA:282,0
DA:283,0
DA:286,1
DA:287,1
DA:288,1
DA:289,1
DA:290,1
DA:291,1
DA:292,1
DA:293,1
DA:294,1
DA:295,1
DA:296,1
DA:299,0
DA:300,0
DA:301,0
DA:303,0
DA:306,13
DA:308,0
DA:309,0
DA:310,0
DA:311,0
DA:312,0
DA:313,0
DA:314,0
DA:315,0
DA:316,0
DA:317,0
DA:320,0
DA:321,0
DA:322,0
DA:325,0
DA:326,0
DA:327,0
DA:328,0
DA:329,0
DA:330,0
DA:331,0
DA:332,0
DA:333,0
DA:334,0
DA:335,0
DA:336,0
DA:337,0
DA:338,0
DA:339,0
DA:340,0
DA:341,0
DA:342,0
DA:343,0
DA:344,0
DA:345,0
DA:346,0
DA:347,0
DA:348,0
DA:349,0
DA:350,0
DA:353,0
DA:354,0
DA:355,0
DA:356,0
DA:357,0
DA:358,0
DA:359,0
DA:360,0
DA:363,0
DA:364,0
DA:365,0
DA:368,0
DA:369,0
DA:370,0
DA:371,0
DA:374,0
DA:375,0
DA:376,0
DA:377,0
DA:380,0
DA:381,0
DA:382,0
DA:383,0
DA:384,0
DA:385,0
DA:386,0
DA:387,0
DA:388,0
DA:389,0
DA:390,0
DA:393,0
DA:394,0
DA:395,0
DA:397,13
DA:403,5
DA:404,26
DA:405,26
DA:415,5
DA:416,4
DA:417,4
DA:418,52
DA:423,5
DA:424,1
DA:425,13
DA:427,1
DA:434,5
DA:436,5
DA:437,1
LF:271
LH:56
BRDA:3,0,0,1
BRDA:3,0,1,118
BRDA:5,1,0,0
BRDA:5,1,1,1
BRDA:5,1,2,0
BRDA:5,1,3,0
BRDA:5,1,4,0
BRDA:5,1,5,0
BRDA:5,1,6,0
BRDA:5,1,7,1
BRDA:5,1,8,0
BRDA:5,1,9,0
BRDA:5,1,10,0
BRDA:5,1,11,0
BRDA:5,1,12,2
BRDA:5,1,13,11
BRDA:5,1,14,0
BRDA:5,1,15,0
BRDA:5,1,16,0
BRDA:5,1,17,0
BRDA:5,1,18,0
BRDA:5,1,19,0
BRDA:5,1,20,0
BRDA:5,1,21,0
BRDA:5,1,22,0
BRDA:5,1,23,0
BRDA:5,1,24,0
BRDA:5,1,25,0
BRDA:5,1,26,0
BRDA:5,1,27,0
BRDA:5,1,28,0
BRDA:5,1,29,0
BRDA:5,1,30,0
BRDA:5,1,31,0
BRDA:5,1,32,0
BRDA:5,1,33,0
BRDA:5,1,34,0
BRDA:5,1,35,0
BRDA:5,1,36,0
BRDA:5,1,37,0
BRDA:5,1,38,0
BRDA:5,1,39,0
BRDA:5,1,40,0
BRDA:5,1,41,0
BRDA:5,1,42,0
BRDA:5,1,43,0
BRDA:5,1,44,0
BRDA:5,1,45,0
BRDA:5,1,46,0
BRDA:5,1,47,0
BRDA:5,1,48,0
BRDA:5,1,49,0
BRDA:5,1,50,0
BRDA:5,1,51,0
BRDA:5,1,52,0
BRDA:5,1,53,0
BRDA:5,1,54,0
BRDA:5,1,55,0
BRDA:5,1,56,0
BRDA:5,1,57,0
BRDA:5,1,58,0
BRDA:5,1,59,0
BRDA:5,1,60,0
BRDA:5,1,61,0
BRDA:5,1,62,0
BRDA:5,1,63,0
BRDA:5,1,64,2
BRDA:5,1,65,10
BRDA:5,1,66,0
BRDA:5,1,67,0
BRDA:5,1,68,0
BRDA:5,1,69,0
BRDA:5,1,70,0
BRDA:5,1,71,0
BRDA:5,1,72,0
BRDA:5,1,73,0
BRDA:5,1,74,0
BRDA:5,1,75,0
BRDA:5,1,76,0
BRDA:5,1,77,0
BRDA:5,1,78,0
BRDA:5,1,79,0
BRDA:5,1,80,0
BRDA:5,1,81,0
BRDA:5,1,82,0
BRDA:5,1,83,0
BRDA:5,1,84,0
BRDA:5,1,85,0
BRDA:5,1,86,0
BRDA:5,1,87,0
BRDA:5,1,88,0
BRDA:5,1,89,0
BRDA:5,1,90,0
BRDA:5,1,91,0
BRDA:5,1,92,0
BRDA:5,1,93,0
BRDA:5,1,94,0
BRDA:5,1,95,0
BRDA:5,1,96,0
BRDA:5,1,97,0
BRDA:5,1,98,0
BRDA:5,1,99,0
BRDA:5,1,100,0
BRDA:5,1,101,0
BRDA:5,1,102,0
BRDA:5,1,103,0
BRDA:5,1,104,0
BRDA:5,1,105,0
BRDA:5,1,106,0
BRDA:5,1,107,0
BRDA:5,1,108,0
BRDA:5,1,109,0
BRDA:5,1,110,0
BRDA:5,1,111,1
BRDA:5,1,112,0
BRDA:5,1,113,0
BRDA:5,1,114,0
BRDA:5,1,115,0
BRDA:5,1,116,0
BRDA:5,1,117,0
BRDA:5,1,118,0
BRDA:5,1,119,0
BRDA:5,1,120,0
BRDA:5,1,121,0
BRDA:5,1,122,0
BRDA:5,1,123,0
BRDA:5,1,124,0
BRDA:5,1,125,0
BRDA:5,1,126,0
BRDA:5,1,127,0
BRDA:5,1,128,0
BRDA:5,1,129,0
BRDA:5,1,130,0
BRDA:5,1,131,0
BRDA:5,1,132,0
BRDA:5,1,133,0
BRDA:5,1,134,1
BRDA:5,1,135,0
BRDA:5,1,136,1
BRDA:5,1,137,0
BRDA:5,1,138,1
BRDA:5,1,139,0
BRDA:5,1,140,0
BRDA:5,1,141,0
BRDA:5,1,142,1
BRDA:5,1,143,0
BRDA:5,1,144,0
BRDA:5,1,145,0
BRDA:5,1,146,1
BRDA:5,1,147,9
BRDA:5,1,148,1
BRDA:5,1,149,9
BRDA:5,1,150,6
BRDA:5,1,151,8
BRDA:5,1,152,1
BRDA:5,1,153,8
BRDA:5,1,154,1
BRDA:5,1,155,8
BRDA:5,1,156,1
BRDA:5,1,157,8
BRDA:5,1,158,1
BRDA:5,1,159,8
BRDA:5,1,160,1
BRDA:5,1,161,8
BRDA:5,1,162,1
BRDA:5,1,163,8
BRDA:5,1,164,1
BRDA:5,1,165,8
BRDA:5,1,166,1
BRDA:5,1,167,8
BRDA:5,1,168,0
BRDA:5,1,169,0
BRDA:5,1,170,0
BRDA:5,1,171,0
BRDA:5,1,172,0
BRDA:5,1,173,0
BRDA:5,1,174,0
BRDA:5,1,175,0
BRDA:5,1,176,0
BRDA:206,2,0,13
BRDA:206,2,1,13
BRDA:207,3,0,0
BRDA:207,3,1,0
BRDA:207,3,2,0
BRDA:207,3,3,0
BRDA:207,3,4,0
BRDA:207,3,5,0
BRDA:207,3,6,1
BRDA:207,3,7,0
BRDA:207,3,8,0
BRDA:207,3,9,0
BRDA:207,3,10,0
BRDA:207,3,11,0
BRDA:207,3,12,0
BRDA:207,3,13,0
BRDA:207,3,14,0
BRDA:207,3,15,0
BRDA:207,3,16,0
BRDA:207,3,17,0
BRDA:207,3,18,0
BRDA:207,3,19,0
BRDA:207,3,20,0
BRDA:207,3,21,0
BRDA:207,3,22,0
BRDA:207,3,23,0
BRDA:207,3,24,0
BRDA:207,3,25,0
BRDA:207,3,26,0
BRDA:207,3,27,0
BRDA:207,3,28,0
BRDA:207,3,29,0
BRDA:207,3,30,0
BRDA:207,3,31,0
BRDA:207,3,32,0
BRDA:207,3,33,0
BRDA:207,3,34,1
BRDA:207,3,35,0
BRDA:207,3,36,0
BRDA:207,3,37,0
BRDA:207,3,38,0
BRDA:207,3,39,0
BRDA:207,3,40,0
BRDA:207,3,41,0
BRDA:207,3,42,0
BRDA:207,3,43,0
BRDA:207,3,44,0
BRDA:207,3,45,0
BRDA:207,3,46,0
BRDA:207,3,47,0
BRDA:207,3,48,0
BRDA:207,3,49,0
BRDA:207,3,50,0
BRDA:207,3,51,0
BRDA:207,3,52,0
BRDA:207,3,53,0
BRDA:207,3,54,0
BRDA:207,3,55,0
BRDA:207,3,56,0
BRDA:207,3,57,0
BRDA:207,3,58,0
BRDA:207,3,59,0
BRDA:207,3,60,0
BRDA:207,3,61,0
BRDA:207,3,62,0
BRDA:207,3,63,1
BRDA:207,3,64,1
BRDA:207,3,65,1
BRDA:207,3,66,1
BRDA:207,3,67,1
BRDA:207,3,68,1
BRDA:207,3,69,1
BRDA:207,3,70,1
BRDA:207,3,71,1
BRDA:207,3,72,1
BRDA:207,3,73,1
BRDA:207,3,74,0
BRDA:207,3,75,0
BRDA:207,3,76,0
BRDA:207,3,77,0
BRDA:306,4,0,0
BRDA:306,4,1,0
BRDA:306,4,2,0
BRDA:306,4,3,0
BRDA:306,4,4,0
BRDA:306,4,5,0
BRDA:306,4,6,0
BRDA:306,4,7,0
BRDA:306,4,8,0
BRDA:306,4,9,0
BRDA:306,4,10,0
BRDA:306,4,11,0
BRDA:306,4,12,0
BRDA:306,4,13,0
BRDA:306,4,14,0
BRDA:306,4,15,0
BRDA:306,4,16,0
BRDA:306,4,17,0
BRDA:306,4,18,0
BRDA:306,4,19,0
BRDA:306,4,20,0
BRDA:306,4,21,0
BRDA:306,4,22,0
BRDA:306,4,23,0
BRDA:306,4,24,0
BRDA:306,4,25,0
BRDA:306,4,26,0
BRDA:306,4,27,0
BRDA:306,4,28,0
BRDA:306,4,29,0
BRDA:306,4,30,0
BRDA:306,4,31,0
BRDA:306,4,32,0
BRDA:306,4,33,0
BRDA:306,4,34,0
BRDA:306,4,35,0
BRDA:306,4,36,0
BRDA:306,4,37,0
BRDA:306,4,38,0
BRDA:306,4,39,0
BRDA:306,4,40,0
BRDA:306,4,41,0
BRDA:306,4,42,0
BRDA:306,4,43,0
BRDA:306,4,44,0
BRDA:306,4,45,0
BRDA:306,4,46,0
BRDA:306,4,47,0
BRDA:306,4,48,0
BRDA:306,4,49,0
BRDA:306,4,50,0
BRDA:306,4,51,0
BRDA:306,4,52,0
BRDA:306,4,53,0
BRDA:306,4,54,0
BRDA:306,4,55,0
BRDA:306,4,56,0
BRDA:306,4,57,0
BRDA:306,4,58,0
BRDA:306,4,59,0
BRDA:306,4,60,0
BRDA:306,4,61,0
BRDA:306,4,62,0
BRDA:306,4,63,0
BRDA:306,4,64,0
BRDA:306,4,65,0
BRDA:306,4,66,0
BRDA:306,4,67,0
BRDA:306,4,68,0
BRDA:306,4,69,0
BRDA:306,4,70,0
BRDA:306,4,71,0
BRDA:306,4,72,13
BRF:332
BRH:51
end_of_record
TN:
SF:src\utils\dataLoader.ts
FN:41,(anonymous_0)
FN:42,(anonymous_1)
FN:44,(anonymous_2)
FN:53,fetchJson
FN:83,(anonymous_4)
FN:100,(anonymous_5)
FN:111,(anonymous_6)
FN:146,(anonymous_7)
FN:153,(anonymous_8)
FN:161,(anonymous_9)
FN:175,(anonymous_10)
FN:177,(anonymous_11)
FN:183,(anonymous_12)
FNF:13
FNH:4
FNDA:1,(anonymous_0)
FNDA:1,(anonymous_1)
FNDA:4,(anonymous_2)
FNDA:32,fetchJson
FNDA:0,(anonymous_4)
FNDA:0,(anonymous_5)
FNDA:0,(anonymous_6)
FNDA:0,(anonymous_7)
FNDA:0,(anonymous_8)
FNDA:0,(anonymous_9)
FNDA:0,(anonymous_10)
FNDA:0,(anonymous_11)
FNDA:0,(anonymous_12)
DA:2,5
DA:41,5
DA:42,5
DA:44,5
DA:45,4
DA:47,4
DA:49,4
DA:50,4
DA:54,32
DA:55,32
DA:56,32
DA:70,4
DA:83,0
DA:85,0
DA:88,0
DA:89,0
DA:90,0
DA:91,0
DA:92,0
DA:93,0
DA:94,0
DA:95,0
DA:96,0
DA:97,0
DA:100,0
DA:101,0
DA:102,0
DA:106,0
DA:107,0
DA:108,0
DA:111,0
DA:120,0
DA:133,0
DA:146,0
DA:147,0
DA:148,0
DA:149,0
DA:151,0
DA:153,0
DA:154,0
DA:155,0
DA:157,0
DA:160,0
DA:161,0
DA:164,0
DA:169,0
DA:172,0
DA:175,0
DA:176,0
DA:177,0
DA:178,0
DA:179,0
DA:180,0
DA:183,0
DA:190,0
DA:238,0
DA:250,4
DA:253,4
DA:258,4
DA:263,4
DA:277,5
LF:61
LH:17
BRDA:49,0,0,4
BRDA:49,0,1,4
BRDA:55,1,0,0
BRDA:55,1,1,32
BRDA:88,2,0,0
BRDA:88,2,1,0
BRDA:88,3,0,0
BRDA:88,3,1,0
BRDA:88,3,2,0
BRDA:90,4,0,0
BRDA:90,4,1,0
BRDA:90,5,0,0
BRDA:90,5,1,0
BRDA:92,6,0,0
BRDA:92,6,1,0
BRDA:92,7,0,0
BRDA:92,7,1,0
BRDA:94,8,0,0
BRDA:94,8,1,0
BRDA:94,9,0,0
BRDA:94,9,1,0
BRDA:96,10,0,0
BRDA:96,10,1,0
BRDA:96,11,0,0
BRDA:96,11,1,0
BRDA:100,12,0,0
BRDA:100,12,1,0
BRDA:101,13,0,0
BRDA:101,13,1,0
BRDA:106,14,0,0
BRDA:106,14,1,0
BRDA:113,15,0,0
BRDA:113,15,1,0
BRDA:115,16,0,0
BRDA:115,16,1,0
BRDA:115,16,2,0
BRDA:154,17,0,0
BRDA:154,17,1,0
BRDA:155,18,0,0
BRDA:155,18,1,0
BRDA:157,19,0,0
BRDA:157,19,1,0
BRDA:178,20,0,0
BRDA:178,20,1,0
BRDA:178,20,2,0
BRDA:178,20,3,0
BRDA:179,21,0,0
BRDA:179,21,1,0
BRDA:179,22,0,0
BRDA:179,22,1,0
BRF:50
BRH:3
end_of_record
TN:
SF:src\utils\getSubcategoryLabel.ts
FN:2,(anonymous_0)
FNF:1
FNH:1
FNDA:1,(anonymous_0)
DA:2,9
LF:1
LH:1
BRF:0
BRH:0
end_of_record
TN:
SF:src\utils\homePageHelpers.ts
FN:3,(anonymous_0)
FN:7,(anonymous_1)
FN:13,(anonymous_2)
FN:13,(anonymous_3)
FN:17,(anonymous_4)
FN:17,(anonymous_5)
FN:21,(anonymous_6)
FN:21,(anonymous_7)
FN:28,(anonymous_8)
FN:28,(anonymous_9)
FNF:10
FNH:5
FNDA:1,(anonymous_0)
FNDA:0,(anonymous_1)
FNDA:1,(anonymous_2)
FNDA:0,(anonymous_3)
FNDA:1,(anonymous_4)
FNDA:0,(anonymous_5)
FNDA:1,(anonymous_6)
FNDA:0,(anonymous_7)
FNDA:1,(anonymous_8)
FNDA:0,(anonymous_9)
DA:3,1
DA:7,1
DA:8,0
DA:9,0
DA:10,0
DA:13,1
DA:14,0
DA:17,1
DA:18,0
DA:21,1
DA:22,0
DA:23,0
DA:24,0
DA:28,1
DA:29,0
LF:15
LH:6
BRDA:23,0,0,0
BRDA:23,0,1,0
BRF:2
BRH:0
end_of_record
TN:
SF:src\utils\iPhoneScrollFix.ts
FN:10,(anonymous_0)
FN:22,(anonymous_1)
FN:31,(anonymous_2)
FN:32,(anonymous_3)
FN:34,(anonymous_4)
FN:53,(anonymous_5)
FN:73,(anonymous_6)
FN:88,(anonymous_7)
FNF:8
FNH:4
FNDA:217,(anonymous_0)
FNDA:1,(anonymous_1)
FNDA:0,(anonymous_2)
FNDA:0,(anonymous_3)
FNDA:0,(anonymous_4)
FNDA:0,(anonymous_5)
FNDA:9,(anonymous_6)
FNDA:9,(anonymous_7)
DA:10,9
DA:11,217
DA:22,9
DA:23,1
DA:24,1
DA:28,0
DA:29,0
DA:31,0
DA:32,0
DA:33,0
DA:34,0
DA:35,0
DA:36,0
DA:37,0
DA:40,0
DA:41,0
DA:42,0
DA:53,9
DA:54,0
DA:56,0
DA:67,0
DA:73,9
DA:74,9
DA:76,0
DA:82,0
DA:88,9
DA:89,9
DA:91,0
DA:92,0
LF:29
LH:10
BRDA:11,0,0,217
BRDA:11,0,1,217
BRDA:11,0,2,216
BRDA:22,1,0,1
BRDA:22,2,0,1
BRDA:23,3,0,1
BRDA:23,3,1,0
BRDA:35,4,0,0
BRDA:35,4,1,0
BRDA:40,5,0,0
BRDA:40,5,1,0
BRDA:40,6,0,0
BRDA:40,6,1,0
BRDA:54,7,0,0
BRDA:54,7,1,0
BRDA:74,8,0,9
BRDA:74,8,1,0
BRDA:89,9,0,9
BRDA:89,9,1,0
BRF:19
BRH:8
end_of_record
TN:
SF:src\utils\index.ts
FN:1,(anonymous_0)
FNF:1
FNH:0
FNDA:0,(anonymous_0)
DA:1,0
LF:1
LH:0
BRF:0
BRH:0
end_of_record
TN:
SF:src\utils\logger.ts
FN:15,(anonymous_0)
FN:20,(anonymous_1)
FN:26,(anonymous_2)
FNF:3
FNH:3
FNDA:1,(anonymous_0)
FNDA:1,(anonymous_1)
FNDA:1,(anonymous_2)
DA:6,1
DA:14,1
DA:17,1
DA:21,1
DA:22,1
DA:27,1
DA:28,1
DA:33,1
LF:8
LH:8
BRDA:21,0,0,1
BRDA:21,0,1,0
BRDA:27,1,0,1
BRDA:27,1,1,0
BRF:4
BRH:2
end_of_record
TN:
SF:src\utils\migrationHelpers.ts
FN:6,migrateAppStoreState
FNF:1
FNH:1
FNDA:1,migrateAppStoreState
DA:6,35
DA:7,1
LF:2
LH:2
BRF:0
BRH:0
end_of_record
TN:
SF:src\utils\musicDataLoader.ts
FN:36,(anonymous_0)
FN:40,(anonymous_1)
FN:45,(anonymous_2)
FN:72,(anonymous_3)
FN:83,(anonymous_4)
FN:93,(anonymous_5)
FN:96,(anonymous_6)
FN:99,(anonymous_7)
FN:102,(anonymous_8)
FN:108,(anonymous_9)
FN:113,(anonymous_10)
FNF:11
FNH:1
FNDA:4,(anonymous_0)
FNDA:0,(anonymous_1)
FNDA:0,(anonymous_2)
FNDA:0,(anonymous_3)
FNDA:0,(anonymous_4)
FNDA:0,(anonymous_5)
FNDA:0,(anonymous_6)
FNDA:0,(anonymous_7)
FNDA:0,(anonymous_8)
FNDA:0,(anonymous_9)
FNDA:0,(anonymous_10)
DA:35,6
DA:37,4
DA:38,4
DA:39,4
DA:40,4
DA:41,0
DA:42,0
DA:44,0
DA:45,0
DA:46,0
DA:48,0
DA:58,4
DA:59,4
DA:60,4
DA:61,4
DA:62,4
DA:63,4
DA:64,0
DA:66,4
DA:67,4
DA:73,0
DA:74,0
DA:75,0
DA:76,0
DA:78,0
DA:79,0
DA:84,0
DA:85,0
DA:86,0
DA:88,0
DA:89,0
DA:94,0
DA:95,0
DA:97,0
DA:100,0
DA:103,0
DA:104,0
DA:105,0
DA:108,0
DA:111,0
DA:114,0
DA:125,6
DA:126,6
DA:127,6
LF:44
LH:16
BRDA:104,0,0,0
BRDA:104,0,1,0
BRDA:104,1,0,0
BRDA:104,1,1,0
BRDA:108,2,0,0
BRDA:108,2,1,0
BRF:6
BRH:0
end_of_record
TN:
SF:src\utils\safeStorage.ts
FN:12,(anonymous_0)
FN:24,(anonymous_1)
FN:52,(anonymous_2)
FN:65,(anonymous_3)
FNF:4
FNH:4
FNDA:4,(anonymous_0)
FNDA:4,(anonymous_1)
FNDA:1,(anonymous_2)
FNDA:1,(anonymous_3)
DA:11,3
DA:13,4
DA:14,4
DA:15,4
DA:17,0
DA:19,0
DA:20,0
DA:25,4
DA:26,4
DA:27,4
DA:28,4
DA:30,0
DA:32,0
DA:33,0
DA:34,0
DA:35,0
DA:37,0
DA:38,0
DA:39,0
DA:41,0
DA:43,0
DA:44,0
DA:47,0
DA:48,0
DA:53,1
DA:54,1
DA:55,1
DA:56,1
DA:58,0
DA:60,0
DA:61,0
DA:66,1
DA:67,1
DA:68,1
DA:69,1
DA:71,0
DA:73,0
DA:74,0
DA:79,3
LF:39
LH:17
BRDA:14,0,0,4
BRDA:14,0,1,0
BRDA:14,1,0,4
BRDA:14,1,1,4
BRDA:26,2,0,4
BRDA:26,2,1,0
BRDA:26,3,0,4
BRDA:26,3,1,4
BRDA:32,4,0,0
BRDA:32,4,1,0
BRDA:35,5,0,0
BRDA:35,5,1,0
BRDA:35,6,0,0
BRDA:35,6,1,0
BRDA:54,7,0,1
BRDA:54,7,1,0
BRDA:54,8,0,1
BRDA:54,8,1,1
BRDA:67,9,0,1
BRDA:67,9,1,0
BRDA:67,10,0,1
BRDA:67,10,1,1
BRF:22
BRH:12
end_of_record
TN:
SF:src\utils\stringUtils.ts
FN:9,ensureString
FN:19,normalizeKey
FNF:2
FNH:2
FNDA:73,ensureString
FNDA:6,normalizeKey
DA:9,14
DA:10,73
DA:11,36
DA:12,2
DA:13,2
DA:15,34
DA:19,14
DA:20,6
DA:21,4
LF:9
LH:9
BRDA:9,0,0,53
BRDA:10,1,0,37
BRDA:10,1,1,36
BRDA:11,2,0,2
BRDA:11,2,1,34
BRDA:11,3,0,36
BRDA:11,3,1,3
BRDA:13,4,0,2
BRDA:13,4,1,1
BRDA:13,4,2,0
BRDA:13,4,3,0
BRDA:15,5,0,34
BRDA:15,5,1,2
BRDA:20,6,0,2
BRDA:20,6,1,4
BRDA:20,7,0,6
BRDA:20,7,1,4
BRF:17
BRH:15
end_of_record
TN:
SF:src\utils\subcategoryLabel.ts
FN:14,getSubcategoryLabel
FN:34,capitalize
FNF:2
FNH:2
FNDA:3,getSubcategoryLabel
FNDA:2,capitalize
DA:3,9
DA:14,9
DA:19,3
DA:21,3
DA:23,3
DA:28,1
DA:31,2
DA:35,2
DA:36,2
LF:9
LH:9
BRDA:19,0,0,0
BRDA:19,0,1,3
BRDA:19,1,0,3
BRDA:19,1,1,3
BRDA:19,1,2,3
BRDA:23,2,0,1
BRDA:23,2,1,2
BRDA:24,3,0,3
BRDA:24,3,1,2
BRDA:24,3,2,2
BRDA:35,4,0,0
BRDA:35,4,1,2
BRF:12
BRH:10
end_of_record
TN:
SF:src\utils\translationUtils.ts
FN:32,(anonymous_0)
FN:38,(anonymous_1)
FN:54,(anonymous_2)
FN:58,(anonymous_3)
FN:66,(anonymous_4)
FN:80,(anonymous_5)
FN:83,(anonymous_6)
FN:92,(anonymous_7)
FN:118,(anonymous_8)
FN:140,(anonymous_9)
FN:141,(anonymous_10)
FN:151,(anonymous_11)
FN:166,(anonymous_12)
FN:172,(anonymous_13)
FN:183,(anonymous_14)
FN:187,(anonymous_15)
FN:191,(anonymous_16)
FNF:17
FNH:15
FNDA:1,(anonymous_0)
FNDA:2,(anonymous_1)
FNDA:2,(anonymous_2)
FNDA:1,(anonymous_3)
FNDA:4,(anonymous_4)
FNDA:1,(anonymous_5)
FNDA:1,(anonymous_6)
FNDA:2,(anonymous_7)
FNDA:4,(anonymous_8)
FNDA:1,(anonymous_9)
FNDA:1,(anonymous_10)
FNDA:1,(anonymous_11)
FNDA:1,(anonymous_12)
FNDA:3,(anonymous_13)
FNDA:1,(anonymous_14)
FNDA:0,(anonymous_15)
FNDA:0,(anonymous_16)
DA:32,1
DA:33,1
DA:34,1
DA:39,2
DA:40,2
DA:41,2
DA:42,2
DA:43,4
DA:44,1
DA:45,1
DA:47,3
DA:49,1
DA:54,2
DA:58,1
DA:66,1
DA:67,4
DA:68,4
DA:69,2
DA:72,2
DA:80,1
DA:81,1
DA:82,1
DA:83,1
DA:84,1
DA:92,1
DA:93,2
DA:94,2
DA:95,2
DA:96,2
DA:97,2
DA:98,2
DA:105,1
DA:107,1
DA:111,2
DA:118,1
DA:119,4
DA:120,4
DA:121,0
DA:123,4
DA:124,6
DA:125,6
DA:126,6
DA:127,2
DA:129,4
DA:133,4
DA:140,1
DA:141,1
DA:142,1
DA:143,1
DA:151,1
DA:152,1
DA:153,1
DA:154,1
DA:155,2
DA:156,2
DA:159,1
DA:166,1
DA:167,1
DA:168,1
DA:173,3
DA:174,1
DA:176,2
DA:177,2
DA:178,2
DA:183,1
DA:187,0
DA:191,0
DA:195,1
LF:68
LH:65
BRDA:39,0,0,0
BRDA:39,0,1,2
BRDA:39,1,0,2
BRDA:39,1,1,2
BRDA:43,2,0,1
BRDA:43,2,1,3
BRDA:43,3,0,4
BRDA:43,3,1,4
BRDA:43,3,2,4
BRDA:66,4,0,0
BRDA:66,5,0,0
BRDA:67,6,0,0
BRDA:67,6,1,4
BRDA:68,7,0,2
BRDA:68,7,1,2
BRDA:69,8,0,1
BRDA:69,8,1,1
BRDA:69,9,0,1
BRDA:69,9,1,0
BRDA:72,10,0,1
BRDA:72,10,1,1
BRDA:72,11,0,1
BRDA:72,11,1,0
BRDA:80,12,0,0
BRDA:81,13,0,0
BRDA:81,13,1,1
BRDA:81,14,0,1
BRDA:81,14,1,1
BRDA:82,15,0,0
BRDA:82,15,1,1
BRDA:82,16,0,1
BRDA:82,16,1,1
BRDA:84,17,0,1
BRDA:84,17,1,0
BRDA:93,18,0,0
BRDA:93,18,1,2
BRDA:93,19,0,2
BRDA:93,19,1,2
BRDA:94,20,0,0
BRDA:94,20,1,2
BRDA:94,21,0,2
BRDA:94,21,1,2
BRDA:97,22,0,2
BRDA:97,22,1,0
BRDA:98,23,0,1
BRDA:98,23,1,1
BRDA:99,24,0,2
BRDA:99,24,1,1
BRDA:99,24,2,1
BRDA:99,24,3,1
BRDA:99,24,4,1
BRDA:118,25,0,2
BRDA:120,26,0,0
BRDA:120,26,1,4
BRDA:120,27,0,4
BRDA:120,27,1,4
BRDA:124,28,0,6
BRDA:124,28,1,0
BRDA:125,29,0,2
BRDA:125,29,1,4
BRDA:126,30,0,2
BRDA:126,30,1,4
BRDA:126,31,0,6
BRDA:126,31,1,2
BRDA:141,32,0,1
BRDA:142,33,0,1
BRDA:142,33,1,0
BRDA:151,34,0,0
BRDA:152,35,0,0
BRDA:152,35,1,1
BRDA:155,36,0,2
BRDA:155,36,1,0
BRDA:173,37,0,1
BRDA:173,37,1,2
BRF:74
BRH:55
end_of_record
TN:
SF:src\utils\urlHelpers.ts
FN:3,getLocalizedPath
FNF:1
FNH:1
FNDA:152,getLocalizedPath
DA:3,14
DA:4,152
DA:5,0
DA:6,0
DA:9,152
DA:10,152
LF:6
LH:4
BRDA:4,0,0,0
BRDA:4,0,1,152
BRDA:5,1,0,0
BRDA:5,1,1,0
BRDA:6,2,0,0
BRDA:6,2,1,0
BRDA:9,3,0,0
BRDA:9,3,1,152
BRDA:9,4,0,0
BRDA:9,4,1,0
BRF:10
BRH:2
end_of_record
